#
# There is insufficient memory for the Java Runtime Environment to continue.
# Native memory allocation (mmap) failed to map 139460608 bytes for G1 virtual space
# Possible reasons:
#   The system is out of physical RAM or swap space
#   The process is running with CompressedOops enabled, and the Java Heap may be blocking the growth of the native heap
# Possible solutions:
#   Reduce memory load on the system
#   Increase physical memory or swap space
#   Check if swap backing store is full
#   Decrease Java heap size (-Xmx/-Xms)
#   Decrease number of Java threads
#   Decrease Java thread stack sizes (-Xss)
#   Set larger code cache with -XX:ReservedCodeCacheSize=
#   JVM is running with Unscaled Compressed Oops mode in which the Java heap is
#     placed in the first 4GB address space. The Java Heap base address is the
#     maximum limit for the native heap growth. Please use -XX:HeapBaseMinAddress
#     to set the Java Heap base and to place the Java Heap above 4GB virtual address.
# This output file may be truncated or incomplete.
#
#  Out of Memory Error (os_windows.cpp:3541), pid=12960, tid=6332
#
# JRE version: OpenJDK Runtime Environment Temurin-17.0.4.1+1 (17.0.4.1+1) (build 17.0.4.1+1)
# Java VM: OpenJDK 64-Bit Server VM Temurin-17.0.4.1+1 (17.0.4.1+1, mixed mode, sharing, tiered, compressed oops, compressed class ptrs, g1 gc, windows-amd64)
# No core dump will be written. Minidumps are not enabled by default on client versions of Windows
#

---------------  S U M M A R Y ------------

Command Line: -Dhttps.protocols=TLSv1,TLSv1.1,TLSv1.2 bluej.Boot C:\Users\Pañol\Desktop\Mati\Carrera\Algoritmos y Programación I\pokimon\combate-criaturas\project.greenfoot -greenfoot=true -bluej.compiler.showunchecked=false

Host: Intel(R) Core(TM) i5-10400 CPU @ 2.90GHz, 12 cores, 7G,  Windows 11 , 64 bit Build 22621 (10.0.22621.2428)
Time: Tue Oct 24 21:11:22 2023 Hora estándar de Argentina elapsed time: 3.134308 seconds (0d 0h 0m 3s)

---------------  T H R E A D  ---------------

Current thread (0x000002f054bd0f90):  VMThread "VM Thread" [stack: 0x000000fa21c00000,0x000000fa21d00000] [id=6332]

Stack: [0x000000fa21c00000,0x000000fa21d00000]
Native frames: (J=compiled Java code, j=interpreted, Vv=VM code, C=native code)
V  [jvm.dll+0x67731a]
V  [jvm.dll+0x832284]
V  [jvm.dll+0x833a2e]
V  [jvm.dll+0x834093]
V  [jvm.dll+0x245775]
V  [jvm.dll+0x674209]
V  [jvm.dll+0x668a92]
V  [jvm.dll+0x30471b]
V  [jvm.dll+0x30bc66]
V  [jvm.dll+0x35ba9e]
V  [jvm.dll+0x35bccf]
V  [jvm.dll+0x2db5b8]
V  [jvm.dll+0x2d986c]
V  [jvm.dll+0x2d8e3c]
V  [jvm.dll+0x31cd9b]
V  [jvm.dll+0x83853b]
V  [jvm.dll+0x839274]
V  [jvm.dll+0x83978c]
V  [jvm.dll+0x839b64]
V  [jvm.dll+0x839c30]
V  [jvm.dll+0x7e240a]
V  [jvm.dll+0x6761a5]
C  [ucrtbase.dll+0x29363]
C  [KERNEL32.DLL+0x1257d]
C  [ntdll.dll+0x5aa78]

VM_Operation (0x000000fa260fd550): G1CollectForAllocation, mode: safepoint, requested by thread 0x000002f05d8271a0


---------------  P R O C E S S  ---------------

Threads class SMR info:
_java_thread_list=0x000002f062ec8fc0, length=45, elements={
0x000002f036719140, 0x000002f054bd6f90, 0x000002f054bd9820, 0x000002f054bf0290,
0x000002f054bf2870, 0x000002f054bf2e30, 0x000002f054bf7400, 0x000002f054c08a50,
0x000002f054c0af80, 0x000002f054c1f4c0, 0x000002f0558ce5d0, 0x000002f0558d6ad0,
0x000002f0558e61c0, 0x000002f0559b7550, 0x000002f055f6b060, 0x000002f056033270,
0x000002f056036ad0, 0x000002f05625a420, 0x000002f05625a8f0, 0x000002f05b63dd90,
0x000002f05b393910, 0x000002f05b3925d0, 0x000002f05b391760, 0x000002f05b393de0,
0x000002f05b390dc0, 0x000002f05b3942b0, 0x000002f05b392100, 0x000002f05b392aa0,
0x000002f05b3908f0, 0x000002f05b391290, 0x000002f05b392f70, 0x000002f06280a810,
0x000002f06280eb70, 0x000002f062811b90, 0x000002f05d827670, 0x000002f05d824b20,
0x000002f05d825e60, 0x000002f05d826cd0, 0x000002f05d827b40, 0x000002f05d824180,
0x000002f05d826800, 0x000002f05d824ff0, 0x000002f05d8254c0, 0x000002f05d8271a0,
0x000002f05d825990
}

Java Threads: ( => current thread )
  0x000002f036719140 JavaThread "main" [_thread_blocked, id=13028, stack(0x000000fa21600000,0x000000fa21700000)]
  0x000002f054bd6f90 JavaThread "Reference Handler" daemon [_thread_blocked, id=10060, stack(0x000000fa21d00000,0x000000fa21e00000)]
  0x000002f054bd9820 JavaThread "Finalizer" daemon [_thread_blocked, id=12992, stack(0x000000fa21e00000,0x000000fa21f00000)]
  0x000002f054bf0290 JavaThread "Signal Dispatcher" daemon [_thread_blocked, id=12376, stack(0x000000fa21f00000,0x000000fa22000000)]
  0x000002f054bf2870 JavaThread "Attach Listener" daemon [_thread_blocked, id=10144, stack(0x000000fa22000000,0x000000fa22100000)]
  0x000002f054bf2e30 JavaThread "Service Thread" daemon [_thread_blocked, id=13016, stack(0x000000fa22100000,0x000000fa22200000)]
  0x000002f054bf7400 JavaThread "Monitor Deflation Thread" daemon [_thread_blocked, id=1368, stack(0x000000fa22200000,0x000000fa22300000)]
  0x000002f054c08a50 JavaThread "C2 CompilerThread0" daemon [_thread_blocked, id=13048, stack(0x000000fa22300000,0x000000fa22400000)]
  0x000002f054c0af80 JavaThread "C1 CompilerThread0" daemon [_thread_blocked, id=11356, stack(0x000000fa22400000,0x000000fa22500000)]
  0x000002f054c1f4c0 JavaThread "Sweeper thread" daemon [_thread_blocked, id=13060, stack(0x000000fa22500000,0x000000fa22600000)]
  0x000002f0558ce5d0 JavaThread "Notification Thread" daemon [_thread_blocked, id=828, stack(0x000000fa22600000,0x000000fa22700000)]
  0x000002f0558d6ad0 JavaThread "Common-Cleaner" daemon [_thread_blocked, id=5020, stack(0x000000fa22800000,0x000000fa22900000)]
  0x000002f0558e61c0 JavaThread "JavaFX-Launcher" [_thread_blocked, id=9440, stack(0x000000fa22900000,0x000000fa22a00000)]
  0x000002f0559b7550 JavaThread "C2 CompilerThread1" daemon [_thread_in_native, id=11880, stack(0x000000fa22a00000,0x000000fa22b00000)]
  0x000002f055f6b060 JavaThread "QuantumRenderer-0" daemon [_thread_blocked, id=13124, stack(0x000000fa22b00000,0x000000fa22c00000)]
  0x000002f056033270 JavaThread "InvokeLaterDispatcher" daemon [_thread_blocked, id=12920, stack(0x000000fa22c00000,0x000000fa22d00000)]
  0x000002f056036ad0 JavaThread "JavaFX Application Thread" [_thread_in_native, id=13212, stack(0x000000fa22d00000,0x000000fa22e00000)]
  0x000002f05625a420 JavaThread "Thread-2" daemon [_thread_blocked, id=5816, stack(0x000000fa23100000,0x000000fa23200000)]
  0x000002f05625a8f0 JavaThread "subMain thread" [_thread_blocked, id=4420, stack(0x000000fa23200000,0x000000fa23300000)]
  0x000002f05b63dd90 JavaThread "C2 CompilerThread2" daemon [_thread_blocked, id=9760, stack(0x000000fa24100000,0x000000fa24200000)]
  0x000002f05b393910 JavaThread "Prism Font Disposer" daemon [_thread_blocked, id=2864, stack(0x000000fa24400000,0x000000fa24500000)]
  0x000002f05b3925d0 JavaThread "pool-2-thread-1" [_thread_blocked, id=10352, stack(0x000000fa24600000,0x000000fa24700000)]
  0x000002f05b391760 JavaThread "Import scanner" [_thread_blocked, id=4224, stack(0x000000fa24700000,0x000000fa24800000)]
  0x000002f05b393de0 JavaThread "VMCommsMain" [_thread_blocked, id=4944, stack(0x000000fa24b00000,0x000000fa24c00000)]
  0x000002f05b390dc0 JavaThread "Timer-0" [_thread_blocked, id=5328, stack(0x000000fa24c00000,0x000000fa24d00000)]
  0x000002f05b3942b0 JavaThread "JDI Internal Event Handler" daemon [_thread_blocked, id=11792, stack(0x000000fa24f00000,0x000000fa25000000)]
  0x000002f05b392100 JavaThread "JDI Target VM Interface" daemon [_thread_blocked, id=10384, stack(0x000000fa25000000,0x000000fa25100000)]
  0x000002f05b392aa0 JavaThread "BlueJ I/O Handler" [_thread_in_native, id=11620, stack(0x000000fa25100000,0x000000fa25200000)]
  0x000002f05b3908f0 JavaThread "BlueJ I/O Handler" [_thread_in_native, id=11444, stack(0x000000fa25200000,0x000000fa25300000)]
  0x000002f05b391290 JavaThread "BlueJ I/O Handler" [_thread_blocked, id=3840, stack(0x000000fa25300000,0x000000fa25400000)]
  0x000002f05b392f70 JavaThread "VM Event Handler Helper" [_thread_blocked, id=4916, stack(0x000000fa25400000,0x000000fa25500000)]
  0x000002f06280a810 JavaThread "vm-event-handler" [_thread_blocked, id=5072, stack(0x000000fa25500000,0x000000fa25600000)]
  0x000002f06280eb70 JavaThread "Cleaner-0" daemon [_thread_blocked, id=5300, stack(0x000000fa24500000,0x000000fa24600000)]
  0x000002f062811b90 JavaThread "Keep-Alive-Timer" daemon [_thread_blocked, id=11724, stack(0x000000fa26100000,0x000000fa26200000)]
  0x000002f05d827670 JavaThread "ClassGraph-worker-11" daemon [_thread_blocked, id=4652, stack(0x000000fa25700000,0x000000fa25800000)]
  0x000002f05d824b20 JavaThread "ClassGraph-worker-12" daemon [_thread_blocked, id=11324, stack(0x000000fa25800000,0x000000fa25900000)]
  0x000002f05d825e60 JavaThread "ClassGraph-worker-13" daemon [_thread_blocked, id=12056, stack(0x000000fa25900000,0x000000fa25a00000)]
  0x000002f05d826cd0 JavaThread "ClassGraph-worker-14" daemon [_thread_blocked, id=10564, stack(0x000000fa25a00000,0x000000fa25b00000)]
  0x000002f05d827b40 JavaThread "ClassGraph-worker-15" daemon [_thread_blocked, id=8432, stack(0x000000fa25b00000,0x000000fa25c00000)]
  0x000002f05d824180 JavaThread "ClassGraph-worker-16" daemon [_thread_blocked, id=3112, stack(0x000000fa25c00000,0x000000fa25d00000)]
  0x000002f05d826800 JavaThread "ClassGraph-worker-17" daemon [_thread_blocked, id=7556, stack(0x000000fa25d00000,0x000000fa25e00000)]
  0x000002f05d824ff0 JavaThread "ClassGraph-worker-18" daemon [_thread_blocked, id=11908, stack(0x000000fa25e00000,0x000000fa25f00000)]
  0x000002f05d8254c0 JavaThread "ClassGraph-worker-19" daemon [_thread_blocked, id=5856, stack(0x000000fa25f00000,0x000000fa26000000)]
  0x000002f05d8271a0 JavaThread "ClassGraph-worker-20" daemon [_thread_blocked, id=9616, stack(0x000000fa26000000,0x000000fa26100000)]
  0x000002f05d825990 JavaThread "ClassGraph-worker-21" daemon [_thread_blocked, id=12188, stack(0x000000fa26400000,0x000000fa26500000)]

Other Threads:
=>0x000002f054bd0f90 VMThread "VM Thread" [stack: 0x000000fa21c00000,0x000000fa21d00000] [id=6332]
  0x000002f03678f500 WatcherThread [stack: 0x000000fa22700000,0x000000fa22800000] [id=4448]
  0x000002f036771aa0 GCTaskThread "GC Thread#0" [stack: 0x000000fa21700000,0x000000fa21800000] [id=13004]
  0x000002f056321430 GCTaskThread "GC Thread#1" [stack: 0x000000fa23300000,0x000000fa23400000] [id=10660]
  0x000002f0563216e0 GCTaskThread "GC Thread#2" [stack: 0x000000fa23400000,0x000000fa23500000] [id=3760]
  0x000002f0563a7220 GCTaskThread "GC Thread#3" [stack: 0x000000fa23500000,0x000000fa23600000] [id=5900]
  0x000002f0563a74d0 GCTaskThread "GC Thread#4" [stack: 0x000000fa23600000,0x000000fa23700000] [id=10400]
  0x000002f0563e53e0 GCTaskThread "GC Thread#5" [stack: 0x000000fa23700000,0x000000fa23800000] [id=11828]
  0x000002f0563e5690 GCTaskThread "GC Thread#6" [stack: 0x000000fa23800000,0x000000fa23900000] [id=7772]
  0x000002f0563e5940 GCTaskThread "GC Thread#7" [stack: 0x000000fa23900000,0x000000fa23a00000] [id=10928]
  0x000002f05635a470 GCTaskThread "GC Thread#8" [stack: 0x000000fa24200000,0x000000fa24300000] [id=11804]
  0x000002f056359f10 GCTaskThread "GC Thread#9" [stack: 0x000000fa24300000,0x000000fa24400000] [id=7860]
  0x000002f036781da0 ConcurrentGCThread "G1 Main Marker" [stack: 0x000000fa21800000,0x000000fa21900000] [id=8704]
  0x000002f036782f50 ConcurrentGCThread "G1 Conc#0" [stack: 0x000000fa21900000,0x000000fa21a00000] [id=13036]
  0x000002f05635a720 ConcurrentGCThread "G1 Conc#1" [stack: 0x000000fa24800000,0x000000fa24900000] [id=4276]
  0x000002f05635b1e0 ConcurrentGCThread "G1 Conc#2" [stack: 0x000000fa24900000,0x000000fa24a00000] [id=11664]
  0x000002f054a920b0 ConcurrentGCThread "G1 Refine#0" [stack: 0x000000fa21a00000,0x000000fa21b00000] [id=364]
  0x000002f056308f70 ConcurrentGCThread "G1 Refine#1" [stack: 0x000000fa23a00000,0x000000fa23b00000] [id=11364]
  0x000002f056306270 ConcurrentGCThread "G1 Refine#2" [stack: 0x000000fa23b00000,0x000000fa23c00000] [id=9504]
  0x000002f056306550 ConcurrentGCThread "G1 Refine#3" [stack: 0x000000fa23c00000,0x000000fa23d00000] [id=10220]
  0x000002f062ee68f0 ConcurrentGCThread "G1 Refine#4" [stack: 0x000000fa26500000,0x000000fa26600000] [id=11868]
  0x000002f062ee5a90 ConcurrentGCThread "G1 Refine#5" [stack: 0x000000fa26600000,0x000000fa26700000] [id=4188]
  0x000002f062ee6bd0 ConcurrentGCThread "G1 Refine#6" [stack: 0x000000fa26700000,0x000000fa26800000] [id=2588]
  0x000002f062ee6330 ConcurrentGCThread "G1 Refine#7" [stack: 0x000000fa26800000,0x000000fa26900000] [id=10324]
  0x000002f054a926e0 ConcurrentGCThread "G1 Service" [stack: 0x000000fa21b00000,0x000000fa21c00000] [id=13024]

Threads with active compile tasks:
C2 CompilerThread0     3153 5178   !   4       java.util.concurrent.ConcurrentHashMap::putVal (432 bytes)
C2 CompilerThread1     3153 5044       4       jdk.internal.jimage.ImageLocation::getFullName (109 bytes)
C2 CompilerThread2     3154 5079       4       java.util.stream.ReduceOps$3ReducingSink::accept (15 bytes)

VM state: at safepoint (normal execution)

VM Mutex/Monitor currently owned by a thread:  ([mutex/lock_event])
[0x000002f0367166a0] Threads_lock - owner thread: 0x000002f054bd0f90
[0x000002f0367149f0] Heap_lock - owner thread: 0x000002f05d8271a0

Heap address: 0x0000000086200000, size: 1950 MB, Compressed Oops mode: 32-bit

CDS archive(s) mapped at: [0x0000000800000000-0x0000000800bc0000-0x0000000800bc0000), size 12320768, SharedBaseAddress: 0x0000000800000000, ArchiveRelocationMode: 0.
Compressed class space mapped at: 0x0000000800c00000-0x0000000840c00000, reserved size: 1073741824
Narrow klass base: 0x0000000800000000, Narrow klass shift: 0, Narrow klass range: 0x100000000

GC Precious Log:
 CPUs: 12 total, 12 available
 Memory: 7796M
 Large Page Support: Disabled
 NUMA Support: Disabled
 Compressed Oops: Enabled (32-bit)
 Heap Region Size: 1M
 Heap Min Capacity: 8M
 Heap Initial Capacity: 122M
 Heap Max Capacity: 1950M
 Pre-touch: Disabled
 Parallel Workers: 10
 Concurrent Workers: 3
 Concurrent Refinement Workers: 10
 Periodic GC: Disabled

Heap:
 garbage-first heap   total 192512K, used 68884K [0x0000000086200000, 0x0000000100000000)
  region size 1024K, 5 young (5120K), 5 survivors (5120K)
 Metaspace       used 34936K, committed 35264K, reserved 1081344K
  class space    used 5013K, committed 5184K, reserved 1048576K

Heap Regions: E=young(eden), S=young(survivor), O=old, HS=humongous(starts), HC=humongous(continues), CS=collection set, F=free, OA=open archive, CA=closed archive, TAMS=top-at-mark-start (previous, next)
|   0|0x0000000086200000, 0x0000000086300000, 0x0000000086300000|100%|HS|  |TAMS 0x0000000086300000, 0x0000000086200000| Complete 
|   1|0x0000000086300000, 0x0000000086400000, 0x0000000086400000|100%| O|  |TAMS 0x0000000086400000, 0x0000000086300000| Untracked 
|   2|0x0000000086400000, 0x0000000086500000, 0x0000000086500000|100%| O|  |TAMS 0x0000000086500000, 0x0000000086400000| Untracked 
|   3|0x0000000086500000, 0x0000000086600000, 0x0000000086600000|100%| O|  |TAMS 0x0000000086600000, 0x0000000086500000| Untracked 
|   4|0x0000000086600000, 0x0000000086700000, 0x0000000086700000|100%| O|  |TAMS 0x0000000086700000, 0x0000000086600000| Untracked 
|   5|0x0000000086700000, 0x0000000086800000, 0x0000000086800000|100%| O|  |TAMS 0x0000000086800000, 0x0000000086700000| Untracked 
|   6|0x0000000086800000, 0x000000008682a400, 0x0000000086900000| 16%| O|  |TAMS 0x000000008682a400, 0x0000000086800000| Untracked 
|   7|0x0000000086900000, 0x0000000086a00000, 0x0000000086a00000|100%| O|  |TAMS 0x0000000086a00000, 0x0000000086900000| Untracked 
|   8|0x0000000086a00000, 0x0000000086b00000, 0x0000000086b00000|100%| O|  |TAMS 0x0000000086b00000, 0x0000000086a00000| Untracked 
|   9|0x0000000086b00000, 0x0000000086c00000, 0x0000000086c00000|100%| O|  |TAMS 0x0000000086c00000, 0x0000000086b00000| Untracked 
|  10|0x0000000086c00000, 0x0000000086d00000, 0x0000000086d00000|100%| O|  |TAMS 0x0000000086d00000, 0x0000000086c00000| Untracked 
|  11|0x0000000086d00000, 0x0000000086e00000, 0x0000000086e00000|100%|HS|  |TAMS 0x0000000086e00000, 0x0000000086d00000| Complete 
|  12|0x0000000086e00000, 0x0000000086f00000, 0x0000000086f00000|100%|HS|  |TAMS 0x0000000086f00000, 0x0000000086e00000| Complete 
|  13|0x0000000086f00000, 0x0000000087000000, 0x0000000087000000|100%|HS|  |TAMS 0x0000000087000000, 0x0000000086f00000| Complete 
|  14|0x0000000087000000, 0x0000000087100000, 0x0000000087100000|100%|HS|  |TAMS 0x0000000087100000, 0x0000000087000000| Complete 
|  15|0x0000000087100000, 0x0000000087200000, 0x0000000087200000|100%|HC|  |TAMS 0x0000000087200000, 0x0000000087100000| Complete 
|  16|0x0000000087200000, 0x0000000087300000, 0x0000000087300000|100%| O|  |TAMS 0x0000000087300000, 0x0000000087200000| Untracked 
|  17|0x0000000087300000, 0x0000000087400000, 0x0000000087400000|100%| O|  |TAMS 0x0000000087400000, 0x0000000087300000| Untracked 
|  18|0x0000000087400000, 0x0000000087500000, 0x0000000087500000|100%| O|  |TAMS 0x0000000087500000, 0x0000000087400000| Untracked 
|  19|0x0000000087500000, 0x0000000087600000, 0x0000000087600000|100%|HS|  |TAMS 0x0000000087600000, 0x0000000087500000| Complete 
|  20|0x0000000087600000, 0x0000000087700000, 0x0000000087700000|100%|HS|  |TAMS 0x0000000087700000, 0x0000000087600000| Complete 
|  21|0x0000000087700000, 0x0000000087800000, 0x0000000087800000|100%| O|  |TAMS 0x0000000087800000, 0x0000000087700000| Untracked 
|  22|0x0000000087800000, 0x0000000087900000, 0x0000000087900000|100%| O|  |TAMS 0x0000000087900000, 0x0000000087800000| Untracked 
|  23|0x0000000087900000, 0x0000000087a00000, 0x0000000087a00000|100%| O|  |TAMS 0x0000000087a00000, 0x0000000087900000| Untracked 
|  24|0x0000000087a00000, 0x0000000087b00000, 0x0000000087b00000|100%| O|  |TAMS 0x0000000087b00000, 0x0000000087a00000| Untracked 
|  25|0x0000000087b00000, 0x0000000087c00000, 0x0000000087c00000|100%| O|  |TAMS 0x0000000087c00000, 0x0000000087b00000| Untracked 
|  26|0x0000000087c00000, 0x0000000087d00000, 0x0000000087d00000|100%| O|  |TAMS 0x0000000087d00000, 0x0000000087c00000| Untracked 
|  27|0x0000000087d00000, 0x0000000087e00000, 0x0000000087e00000|100%| O|  |TAMS 0x0000000087e00000, 0x0000000087d00000| Untracked 
|  28|0x0000000087e00000, 0x0000000087f00000, 0x0000000087f00000|100%| O|  |TAMS 0x0000000087f00000, 0x0000000087e00000| Untracked 
|  29|0x0000000087f00000, 0x0000000088000000, 0x0000000088000000|100%| O|  |TAMS 0x0000000088000000, 0x0000000087f00000| Untracked 
|  30|0x0000000088000000, 0x0000000088100000, 0x0000000088100000|100%| O|  |TAMS 0x0000000088100000, 0x0000000088000000| Untracked 
|  31|0x0000000088100000, 0x0000000088200000, 0x0000000088200000|100%| O|  |TAMS 0x0000000088200000, 0x0000000088100000| Untracked 
|  32|0x0000000088200000, 0x0000000088300000, 0x0000000088300000|100%| O|  |TAMS 0x0000000088300000, 0x0000000088200000| Untracked 
|  33|0x0000000088300000, 0x0000000088400000, 0x0000000088400000|100%| O|  |TAMS 0x00000000883a0200, 0x0000000088300000| Untracked 
|  34|0x0000000088400000, 0x0000000088500000, 0x0000000088500000|100%| O|  |TAMS 0x0000000088400000, 0x0000000088400000| Untracked 
|  35|0x0000000088500000, 0x0000000088600000, 0x0000000088600000|100%| O|  |TAMS 0x0000000088500000, 0x0000000088500000| Untracked 
|  36|0x0000000088600000, 0x0000000088700000, 0x0000000088700000|100%| O|  |TAMS 0x0000000088600000, 0x0000000088600000| Untracked 
|  37|0x0000000088700000, 0x0000000088800000, 0x0000000088800000|100%| O|  |TAMS 0x0000000088700000, 0x0000000088700000| Untracked 
|  38|0x0000000088800000, 0x0000000088900000, 0x0000000088900000|100%| O|  |TAMS 0x0000000088800000, 0x0000000088800000| Untracked 
|  39|0x0000000088900000, 0x0000000088a00000, 0x0000000088a00000|100%| O|  |TAMS 0x0000000088900000, 0x0000000088900000| Untracked 
|  40|0x0000000088a00000, 0x0000000088b00000, 0x0000000088b00000|100%| O|  |TAMS 0x0000000088a00000, 0x0000000088a00000| Untracked 
|  41|0x0000000088b00000, 0x0000000088c00000, 0x0000000088c00000|100%| O|  |TAMS 0x0000000088b00000, 0x0000000088b00000| Untracked 
|  42|0x0000000088c00000, 0x0000000088d00000, 0x0000000088d00000|100%| O|  |TAMS 0x0000000088c00000, 0x0000000088c00000| Untracked 
|  43|0x0000000088d00000, 0x0000000088e00000, 0x0000000088e00000|100%| O|  |TAMS 0x0000000088d00000, 0x0000000088d00000| Untracked 
|  44|0x0000000088e00000, 0x0000000088f00000, 0x0000000088f00000|100%| O|  |TAMS 0x0000000088e00000, 0x0000000088e00000| Untracked 
|  45|0x0000000088f00000, 0x0000000089000000, 0x0000000089000000|100%| O|  |TAMS 0x0000000088f00000, 0x0000000088f00000| Untracked 
|  46|0x0000000089000000, 0x0000000089100000, 0x0000000089100000|100%| O|  |TAMS 0x0000000089000000, 0x0000000089000000| Untracked 
|  47|0x0000000089100000, 0x0000000089200000, 0x0000000089200000|100%| O|  |TAMS 0x0000000089100000, 0x0000000089100000| Untracked 
|  48|0x0000000089200000, 0x0000000089300000, 0x0000000089300000|100%| O|  |TAMS 0x0000000089200000, 0x0000000089200000| Untracked 
|  49|0x0000000089300000, 0x0000000089400000, 0x0000000089400000|100%| O|  |TAMS 0x0000000089300000, 0x0000000089300000| Untracked 
|  50|0x0000000089400000, 0x0000000089500000, 0x0000000089500000|100%| O|  |TAMS 0x0000000089400000, 0x0000000089400000| Untracked 
|  51|0x0000000089500000, 0x0000000089600000, 0x0000000089600000|100%| O|  |TAMS 0x0000000089500000, 0x0000000089500000| Untracked 
|  52|0x0000000089600000, 0x0000000089700000, 0x0000000089700000|100%| O|  |TAMS 0x0000000089600000, 0x0000000089600000| Untracked 
|  53|0x0000000089700000, 0x0000000089800000, 0x0000000089800000|100%| O|  |TAMS 0x0000000089700000, 0x0000000089700000| Untracked 
|  54|0x0000000089800000, 0x0000000089900000, 0x0000000089900000|100%| O|  |TAMS 0x0000000089800000, 0x0000000089800000| Untracked 
|  55|0x0000000089900000, 0x0000000089a00000, 0x0000000089a00000|100%| O|  |TAMS 0x0000000089900000, 0x0000000089900000| Untracked 
|  56|0x0000000089a00000, 0x0000000089b00000, 0x0000000089b00000|100%| O|  |TAMS 0x0000000089a00000, 0x0000000089a00000| Untracked 
|  57|0x0000000089b00000, 0x0000000089c00000, 0x0000000089c00000|100%| O|  |TAMS 0x0000000089b00000, 0x0000000089b00000| Untracked 
|  58|0x0000000089c00000, 0x0000000089d00000, 0x0000000089d00000|100%| O|  |TAMS 0x0000000089c00000, 0x0000000089c00000| Untracked 
|  59|0x0000000089d00000, 0x0000000089e00000, 0x0000000089e00000|100%| O|  |TAMS 0x0000000089d00000, 0x0000000089d00000| Untracked 
|  60|0x0000000089e00000, 0x0000000089f00000, 0x0000000089f00000|100%| O|  |TAMS 0x0000000089e00000, 0x0000000089e00000| Untracked 
|  61|0x0000000089f00000, 0x000000008a000000, 0x000000008a000000|100%| O|  |TAMS 0x0000000089f00000, 0x0000000089f00000| Untracked 
|  62|0x000000008a000000, 0x000000008a000000, 0x000000008a100000|  0%| F|  |TAMS 0x000000008a000000, 0x000000008a000000| Untracked 
|  63|0x000000008a100000, 0x000000008a100000, 0x000000008a200000|  0%| F|  |TAMS 0x000000008a100000, 0x000000008a100000| Untracked 
|  64|0x000000008a200000, 0x000000008a200000, 0x000000008a300000|  0%| F|  |TAMS 0x000000008a200000, 0x000000008a200000| Untracked 
|  65|0x000000008a300000, 0x000000008a300000, 0x000000008a400000|  0%| F|  |TAMS 0x000000008a300000, 0x000000008a300000| Untracked 
|  66|0x000000008a400000, 0x000000008a400000, 0x000000008a500000|  0%| F|  |TAMS 0x000000008a400000, 0x000000008a400000| Untracked 
|  67|0x000000008a500000, 0x000000008a500000, 0x000000008a600000|  0%| F|  |TAMS 0x000000008a500000, 0x000000008a500000| Untracked 
|  68|0x000000008a600000, 0x000000008a600000, 0x000000008a700000|  0%| F|  |TAMS 0x000000008a600000, 0x000000008a600000| Untracked 
|  69|0x000000008a700000, 0x000000008a700000, 0x000000008a800000|  0%| F|  |TAMS 0x000000008a700000, 0x000000008a700000| Untracked 
|  70|0x000000008a800000, 0x000000008a800000, 0x000000008a900000|  0%| F|  |TAMS 0x000000008a800000, 0x000000008a800000| Untracked 
|  71|0x000000008a900000, 0x000000008a900000, 0x000000008aa00000|  0%| F|  |TAMS 0x000000008a900000, 0x000000008a900000| Untracked 
|  72|0x000000008aa00000, 0x000000008aa00000, 0x000000008ab00000|  0%| F|  |TAMS 0x000000008aa00000, 0x000000008aa00000| Untracked 
|  73|0x000000008ab00000, 0x000000008ac00000, 0x000000008ac00000|100%| O|  |TAMS 0x000000008ab00000, 0x000000008ab00000| Untracked 
|  74|0x000000008ac00000, 0x000000008ac27200, 0x000000008ad00000| 15%| O|  |TAMS 0x000000008ac00000, 0x000000008ac00000| Untracked 
|  75|0x000000008ad00000, 0x000000008ad00000, 0x000000008ae00000|  0%| F|  |TAMS 0x000000008ad00000, 0x000000008ad00000| Untracked 
|  76|0x000000008ae00000, 0x000000008ae00000, 0x000000008af00000|  0%| F|  |TAMS 0x000000008ae00000, 0x000000008ae00000| Untracked 
|  77|0x000000008af00000, 0x000000008af00000, 0x000000008b000000|  0%| F|  |TAMS 0x000000008af00000, 0x000000008af00000| Untracked 
|  78|0x000000008b000000, 0x000000008b000000, 0x000000008b100000|  0%| F|  |TAMS 0x000000008b000000, 0x000000008b000000| Untracked 
|  79|0x000000008b100000, 0x000000008b100000, 0x000000008b200000|  0%| F|  |TAMS 0x000000008b100000, 0x000000008b100000| Untracked 
|  80|0x000000008b200000, 0x000000008b200000, 0x000000008b300000|  0%| F|  |TAMS 0x000000008b200000, 0x000000008b200000| Untracked 
|  81|0x000000008b300000, 0x000000008b300000, 0x000000008b400000|  0%| F|  |TAMS 0x000000008b300000, 0x000000008b300000| Untracked 
|  82|0x000000008b400000, 0x000000008b400000, 0x000000008b500000|  0%| F|  |TAMS 0x000000008b400000, 0x000000008b400000| Untracked 
|  83|0x000000008b500000, 0x000000008b500000, 0x000000008b600000|  0%| F|  |TAMS 0x000000008b500000, 0x000000008b500000| Untracked 
|  84|0x000000008b600000, 0x000000008b600000, 0x000000008b700000|  0%| F|  |TAMS 0x000000008b600000, 0x000000008b600000| Untracked 
|  85|0x000000008b700000, 0x000000008b700000, 0x000000008b800000|  0%| F|  |TAMS 0x000000008b700000, 0x000000008b700000| Untracked 
|  86|0x000000008b800000, 0x000000008b800000, 0x000000008b900000|  0%| F|  |TAMS 0x000000008b800000, 0x000000008b800000| Untracked 
|  87|0x000000008b900000, 0x000000008b900000, 0x000000008ba00000|  0%| F|  |TAMS 0x000000008b900000, 0x000000008b900000| Untracked 
|  88|0x000000008ba00000, 0x000000008ba00000, 0x000000008bb00000|  0%| F|  |TAMS 0x000000008ba00000, 0x000000008ba00000| Untracked 
|  89|0x000000008bb00000, 0x000000008bb00000, 0x000000008bc00000|  0%| F|  |TAMS 0x000000008bb00000, 0x000000008bb00000| Untracked 
|  90|0x000000008bc00000, 0x000000008bc00000, 0x000000008bd00000|  0%| F|  |TAMS 0x000000008bc00000, 0x000000008bc00000| Untracked 
|  91|0x000000008bd00000, 0x000000008bd00000, 0x000000008be00000|  0%| F|  |TAMS 0x000000008bd00000, 0x000000008bd00000| Untracked 
|  92|0x000000008be00000, 0x000000008be00000, 0x000000008bf00000|  0%| F|  |TAMS 0x000000008be00000, 0x000000008be00000| Untracked 
|  93|0x000000008bf00000, 0x000000008bf00000, 0x000000008c000000|  0%| F|  |TAMS 0x000000008bf00000, 0x000000008bf00000| Untracked 
|  94|0x000000008c000000, 0x000000008c000000, 0x000000008c100000|  0%| F|  |TAMS 0x000000008c000000, 0x000000008c000000| Untracked 
|  95|0x000000008c100000, 0x000000008c100000, 0x000000008c200000|  0%| F|  |TAMS 0x000000008c100000, 0x000000008c100000| Untracked 
|  96|0x000000008c200000, 0x000000008c200000, 0x000000008c300000|  0%| F|  |TAMS 0x000000008c200000, 0x000000008c200000| Untracked 
|  97|0x000000008c300000, 0x000000008c3f3df8, 0x000000008c400000| 95%| S|CS|TAMS 0x000000008c300000, 0x000000008c300000| Complete 
|  98|0x000000008c400000, 0x000000008c500000, 0x000000008c500000|100%| S|CS|TAMS 0x000000008c400000, 0x000000008c400000| Complete 
|  99|0x000000008c500000, 0x000000008c600000, 0x000000008c600000|100%| S|CS|TAMS 0x000000008c500000, 0x000000008c500000| Complete 
| 100|0x000000008c600000, 0x000000008c700000, 0x000000008c700000|100%| S|CS|TAMS 0x000000008c600000, 0x000000008c600000| Complete 
| 101|0x000000008c700000, 0x000000008c800000, 0x000000008c800000|100%| S|CS|TAMS 0x000000008c700000, 0x000000008c700000| Complete 
| 102|0x000000008c800000, 0x000000008c800000, 0x000000008c900000|  0%| F|  |TAMS 0x000000008c800000, 0x000000008c800000| Untracked 
| 103|0x000000008c900000, 0x000000008c900000, 0x000000008ca00000|  0%| F|  |TAMS 0x000000008c900000, 0x000000008c900000| Untracked 
| 104|0x000000008ca00000, 0x000000008ca00000, 0x000000008cb00000|  0%| F|  |TAMS 0x000000008ca00000, 0x000000008ca00000| Untracked 
| 105|0x000000008cb00000, 0x000000008cb00000, 0x000000008cc00000|  0%| F|  |TAMS 0x000000008cb00000, 0x000000008cb00000| Untracked 
| 106|0x000000008cc00000, 0x000000008cc00000, 0x000000008cd00000|  0%| F|  |TAMS 0x000000008cc00000, 0x000000008cc00000| Untracked 
| 107|0x000000008cd00000, 0x000000008cd00000, 0x000000008ce00000|  0%| F|  |TAMS 0x000000008cd00000, 0x000000008cd00000| Untracked 
| 108|0x000000008ce00000, 0x000000008ce00000, 0x000000008cf00000|  0%| F|  |TAMS 0x000000008ce00000, 0x000000008ce00000| Untracked 
| 109|0x000000008cf00000, 0x000000008cf00000, 0x000000008d000000|  0%| F|  |TAMS 0x000000008cf00000, 0x000000008cf00000| Untracked 
| 110|0x000000008d000000, 0x000000008d000000, 0x000000008d100000|  0%| F|  |TAMS 0x000000008d000000, 0x000000008d000000| Untracked 
| 111|0x000000008d100000, 0x000000008d100000, 0x000000008d200000|  0%| F|  |TAMS 0x000000008d100000, 0x000000008d100000| Untracked 
| 112|0x000000008d200000, 0x000000008d200000, 0x000000008d300000|  0%| F|  |TAMS 0x000000008d200000, 0x000000008d200000| Untracked 
| 113|0x000000008d300000, 0x000000008d300000, 0x000000008d400000|  0%| F|  |TAMS 0x000000008d300000, 0x000000008d300000| Untracked 
| 114|0x000000008d400000, 0x000000008d400000, 0x000000008d500000|  0%| F|  |TAMS 0x000000008d400000, 0x000000008d400000| Untracked 
| 115|0x000000008d500000, 0x000000008d500000, 0x000000008d600000|  0%| F|  |TAMS 0x000000008d500000, 0x000000008d500000| Untracked 
| 116|0x000000008d600000, 0x000000008d600000, 0x000000008d700000|  0%| F|  |TAMS 0x000000008d600000, 0x000000008d600000| Untracked 
| 117|0x000000008d700000, 0x000000008d700000, 0x000000008d800000|  0%| F|  |TAMS 0x000000008d700000, 0x000000008d700000| Untracked 
| 118|0x000000008d800000, 0x000000008d800000, 0x000000008d900000|  0%| F|  |TAMS 0x000000008d800000, 0x000000008d800000| Untracked 
| 119|0x000000008d900000, 0x000000008d900000, 0x000000008da00000|  0%| F|  |TAMS 0x000000008d900000, 0x000000008d900000| Untracked 
| 120|0x000000008da00000, 0x000000008da00000, 0x000000008db00000|  0%| F|  |TAMS 0x000000008da00000, 0x000000008da00000| Untracked 
| 121|0x000000008db00000, 0x000000008db00000, 0x000000008dc00000|  0%| F|  |TAMS 0x000000008db00000, 0x000000008db00000| Untracked 
| 122|0x000000008dc00000, 0x000000008dc00000, 0x000000008dd00000|  0%| F|  |TAMS 0x000000008dc00000, 0x000000008dc00000| Untracked 
| 123|0x000000008dd00000, 0x000000008dd00000, 0x000000008de00000|  0%| F|  |TAMS 0x000000008dd00000, 0x000000008dd00000| Untracked 
| 124|0x000000008de00000, 0x000000008de00000, 0x000000008df00000|  0%| F|  |TAMS 0x000000008de00000, 0x000000008de00000| Untracked 
| 125|0x000000008df00000, 0x000000008df00000, 0x000000008e000000|  0%| F|  |TAMS 0x000000008df00000, 0x000000008df00000| Untracked 
| 126|0x000000008e000000, 0x000000008e000000, 0x000000008e100000|  0%| F|  |TAMS 0x000000008e000000, 0x000000008e000000| Untracked 
| 127|0x000000008e100000, 0x000000008e100000, 0x000000008e200000|  0%| F|  |TAMS 0x000000008e100000, 0x000000008e100000| Untracked 
| 128|0x000000008e200000, 0x000000008e200000, 0x000000008e300000|  0%| F|  |TAMS 0x000000008e200000, 0x000000008e200000| Untracked 
| 129|0x000000008e300000, 0x000000008e300000, 0x000000008e400000|  0%| F|  |TAMS 0x000000008e300000, 0x000000008e300000| Untracked 
| 130|0x000000008e400000, 0x000000008e400000, 0x000000008e500000|  0%| F|  |TAMS 0x000000008e400000, 0x000000008e400000| Untracked 
| 131|0x000000008e500000, 0x000000008e500000, 0x000000008e600000|  0%| F|  |TAMS 0x000000008e500000, 0x000000008e500000| Untracked 
| 132|0x000000008e600000, 0x000000008e600000, 0x000000008e700000|  0%| F|  |TAMS 0x000000008e600000, 0x000000008e600000| Untracked 
| 133|0x000000008e700000, 0x000000008e700000, 0x000000008e800000|  0%| F|  |TAMS 0x000000008e700000, 0x000000008e700000| Untracked 
| 134|0x000000008e800000, 0x000000008e800000, 0x000000008e900000|  0%| F|  |TAMS 0x000000008e800000, 0x000000008e800000| Untracked 
| 135|0x000000008e900000, 0x000000008e900000, 0x000000008ea00000|  0%| F|  |TAMS 0x000000008e900000, 0x000000008e900000| Untracked 
| 136|0x000000008ea00000, 0x000000008ea00000, 0x000000008eb00000|  0%| F|  |TAMS 0x000000008ea00000, 0x000000008ea00000| Untracked 
| 137|0x000000008eb00000, 0x000000008eb00000, 0x000000008ec00000|  0%| F|  |TAMS 0x000000008eb00000, 0x000000008eb00000| Untracked 
| 138|0x000000008ec00000, 0x000000008ec00000, 0x000000008ed00000|  0%| F|  |TAMS 0x000000008ec00000, 0x000000008ec00000| Untracked 
| 139|0x000000008ed00000, 0x000000008ed00000, 0x000000008ee00000|  0%| F|  |TAMS 0x000000008ed00000, 0x000000008ed00000| Untracked 
| 140|0x000000008ee00000, 0x000000008ee00000, 0x000000008ef00000|  0%| F|  |TAMS 0x000000008ee00000, 0x000000008ee00000| Untracked 
| 141|0x000000008ef00000, 0x000000008ef00000, 0x000000008f000000|  0%| F|  |TAMS 0x000000008ef00000, 0x000000008ef00000| Untracked 
| 142|0x000000008f000000, 0x000000008f000000, 0x000000008f100000|  0%| F|  |TAMS 0x000000008f000000, 0x000000008f000000| Untracked 
| 143|0x000000008f100000, 0x000000008f100000, 0x000000008f200000|  0%| F|  |TAMS 0x000000008f100000, 0x000000008f100000| Untracked 
| 144|0x000000008f200000, 0x000000008f200000, 0x000000008f300000|  0%| F|  |TAMS 0x000000008f200000, 0x000000008f200000| Untracked 
| 145|0x000000008f300000, 0x000000008f300000, 0x000000008f400000|  0%| F|  |TAMS 0x000000008f300000, 0x000000008f300000| Untracked 
| 146|0x000000008f400000, 0x000000008f400000, 0x000000008f500000|  0%| F|  |TAMS 0x000000008f400000, 0x000000008f400000| Untracked 
| 147|0x000000008f500000, 0x000000008f500000, 0x000000008f600000|  0%| F|  |TAMS 0x000000008f500000, 0x000000008f500000| Untracked 
| 148|0x000000008f600000, 0x000000008f600000, 0x000000008f700000|  0%| F|  |TAMS 0x000000008f600000, 0x000000008f600000| Untracked 
| 149|0x000000008f700000, 0x000000008f700000, 0x000000008f800000|  0%| F|  |TAMS 0x000000008f700000, 0x000000008f700000| Untracked 
| 150|0x000000008f800000, 0x000000008f800000, 0x000000008f900000|  0%| F|  |TAMS 0x000000008f800000, 0x000000008f800000| Untracked 
| 151|0x000000008f900000, 0x000000008f900000, 0x000000008fa00000|  0%| F|  |TAMS 0x000000008f900000, 0x000000008f900000| Untracked 
| 152|0x000000008fa00000, 0x000000008fa00000, 0x000000008fb00000|  0%| F|  |TAMS 0x000000008fa00000, 0x000000008fa00000| Untracked 
| 153|0x000000008fb00000, 0x000000008fb00000, 0x000000008fc00000|  0%| F|  |TAMS 0x000000008fb00000, 0x000000008fb00000| Untracked 
| 154|0x000000008fc00000, 0x000000008fc00000, 0x000000008fd00000|  0%| F|  |TAMS 0x000000008fc00000, 0x000000008fc00000| Untracked 
| 155|0x000000008fd00000, 0x000000008fd00000, 0x000000008fe00000|  0%| F|  |TAMS 0x000000008fd00000, 0x000000008fd00000| Untracked 
| 156|0x000000008fe00000, 0x000000008fe00000, 0x000000008ff00000|  0%| F|  |TAMS 0x000000008fe00000, 0x000000008fe00000| Untracked 
| 157|0x000000008ff00000, 0x000000008ff00000, 0x0000000090000000|  0%| F|  |TAMS 0x000000008ff00000, 0x000000008ff00000| Untracked 
| 158|0x0000000090000000, 0x0000000090000000, 0x0000000090100000|  0%| F|  |TAMS 0x0000000090000000, 0x0000000090000000| Untracked 
| 159|0x0000000090100000, 0x0000000090100000, 0x0000000090200000|  0%| F|  |TAMS 0x0000000090100000, 0x0000000090100000| Untracked 
| 160|0x0000000090200000, 0x0000000090200000, 0x0000000090300000|  0%| F|  |TAMS 0x0000000090200000, 0x0000000090200000| Untracked 
| 161|0x0000000090300000, 0x0000000090300000, 0x0000000090400000|  0%| F|  |TAMS 0x0000000090300000, 0x0000000090300000| Untracked 
| 162|0x0000000090400000, 0x0000000090400000, 0x0000000090500000|  0%| F|  |TAMS 0x0000000090400000, 0x0000000090400000| Untracked 
| 163|0x0000000090500000, 0x0000000090500000, 0x0000000090600000|  0%| F|  |TAMS 0x0000000090500000, 0x0000000090500000| Untracked 
| 164|0x0000000090600000, 0x0000000090600000, 0x0000000090700000|  0%| F|  |TAMS 0x0000000090600000, 0x0000000090600000| Untracked 
| 165|0x0000000090700000, 0x0000000090700000, 0x0000000090800000|  0%| F|  |TAMS 0x0000000090700000, 0x0000000090700000| Untracked 
| 166|0x0000000090800000, 0x0000000090800000, 0x0000000090900000|  0%| F|  |TAMS 0x0000000090800000, 0x0000000090800000| Untracked 
| 167|0x0000000090900000, 0x0000000090900000, 0x0000000090a00000|  0%| F|  |TAMS 0x0000000090900000, 0x0000000090900000| Untracked 
| 168|0x0000000090a00000, 0x0000000090a00000, 0x0000000090b00000|  0%| F|  |TAMS 0x0000000090a00000, 0x0000000090a00000| Untracked 
| 169|0x0000000090b00000, 0x0000000090b00000, 0x0000000090c00000|  0%| F|  |TAMS 0x0000000090b00000, 0x0000000090b00000| Untracked 
| 170|0x0000000090c00000, 0x0000000090c00000, 0x0000000090d00000|  0%| F|  |TAMS 0x0000000090c00000, 0x0000000090c00000| Untracked 
| 171|0x0000000090d00000, 0x0000000090d00000, 0x0000000090e00000|  0%| F|  |TAMS 0x0000000090d00000, 0x0000000090d00000| Untracked 
| 172|0x0000000090e00000, 0x0000000090e00000, 0x0000000090f00000|  0%| F|  |TAMS 0x0000000090e00000, 0x0000000090e00000| Untracked 
| 173|0x0000000090f00000, 0x0000000090f00000, 0x0000000091000000|  0%| F|  |TAMS 0x0000000090f00000, 0x0000000090f00000| Untracked 
| 174|0x0000000091000000, 0x0000000091000000, 0x0000000091100000|  0%| F|  |TAMS 0x0000000091000000, 0x0000000091000000| Untracked 
| 175|0x0000000091100000, 0x0000000091100000, 0x0000000091200000|  0%| F|  |TAMS 0x0000000091100000, 0x0000000091100000| Untracked 
| 176|0x0000000091200000, 0x0000000091200000, 0x0000000091300000|  0%| F|  |TAMS 0x0000000091200000, 0x0000000091200000| Untracked 
| 177|0x0000000091300000, 0x0000000091300000, 0x0000000091400000|  0%| F|  |TAMS 0x0000000091300000, 0x0000000091300000| Untracked 
| 178|0x0000000091400000, 0x0000000091400000, 0x0000000091500000|  0%| F|  |TAMS 0x0000000091400000, 0x0000000091400000| Untracked 
| 179|0x0000000091500000, 0x0000000091500000, 0x0000000091600000|  0%| F|  |TAMS 0x0000000091500000, 0x0000000091500000| Untracked 
| 180|0x0000000091600000, 0x0000000091600000, 0x0000000091700000|  0%| F|  |TAMS 0x0000000091600000, 0x0000000091600000| Untracked 
| 181|0x0000000091700000, 0x0000000091700000, 0x0000000091800000|  0%| F|  |TAMS 0x0000000091700000, 0x0000000091700000| Untracked 
| 182|0x0000000091800000, 0x0000000091800000, 0x0000000091900000|  0%| F|  |TAMS 0x0000000091800000, 0x0000000091800000| Untracked 
| 183|0x0000000091900000, 0x0000000091900000, 0x0000000091a00000|  0%| F|  |TAMS 0x0000000091900000, 0x0000000091900000| Untracked 
| 184|0x0000000091a00000, 0x0000000091a00000, 0x0000000091b00000|  0%| F|  |TAMS 0x0000000091a00000, 0x0000000091a00000| Untracked 
| 185|0x0000000091b00000, 0x0000000091b00000, 0x0000000091c00000|  0%| F|  |TAMS 0x0000000091b00000, 0x0000000091b00000| Untracked 
| 186|0x0000000091c00000, 0x0000000091c00000, 0x0000000091d00000|  0%| F|  |TAMS 0x0000000091c00000, 0x0000000091c00000| Untracked 
| 187|0x0000000091d00000, 0x0000000091d00000, 0x0000000091e00000|  0%| F|  |TAMS 0x0000000091d00000, 0x0000000091d00000| Untracked 

Card table byte_map: [0x000002f04db20000,0x000002f04def0000] _byte_map_base: 0x000002f04d6ef000

Marking Bits (Prev, Next): (CMBitMap*) 0x000002f0367720b0, (CMBitMap*) 0x000002f0367720f0
 Prev Bits: [0x000002f04e2c0000, 0x000002f050138000)
 Next Bits: [0x000002f050140000, 0x000002f051fb8000)

Polling page: 0x000002f035ef0000

Metaspace:

Usage:
  Non-class:     29.22 MB used.
      Class:      4.90 MB used.
       Both:     34.12 MB used.

Virtual space:
  Non-class space:       32.00 MB reserved,      29.38 MB ( 92%) committed,  4 nodes.
      Class space:        1.00 GB reserved,       5.06 MB ( <1%) committed,  1 nodes.
             Both:        1.03 GB reserved,      34.44 MB (  3%) committed. 

Chunk freelists:
   Non-Class:  2.08 MB
       Class:  2.91 MB
        Both:  4.99 MB

MaxMetaspaceSize: unlimited
CompressedClassSpaceSize: 1.00 GB
Initial GC threshold: 21.00 MB
Current GC threshold: 55.25 MB
CDS: on
MetaspaceReclaimPolicy: balanced
 - commit_granule_bytes: 65536.
 - commit_granule_words: 8192.
 - virtual_space_node_default_size: 1048576.
 - enlarge_chunks_in_place: 1.
 - new_chunks_are_fully_committed: 0.
 - uncommit_free_chunks: 1.
 - use_allocation_guard: 0.
 - handle_deallocations: 1.


Internal statistics:

num_allocs_failed_limit: 3.
num_arena_births: 360.
num_arena_deaths: 0.
num_vsnodes_births: 5.
num_vsnodes_deaths: 0.
num_space_committed: 551.
num_space_uncommitted: 0.
num_chunks_returned_to_freelist: 3.
num_chunks_taken_from_freelist: 1483.
num_chunk_merges: 3.
num_chunk_splits: 945.
num_chunks_enlarged: 637.
num_purges: 0.
num_inconsistent_stats: 0.

CodeHeap 'non-profiled nmethods': size=120000Kb used=2508Kb max_used=2508Kb free=117491Kb
 bounds [0x000002f045cd0000, 0x000002f045f50000, 0x000002f04d200000]
CodeHeap 'profiled nmethods': size=120000Kb used=10616Kb max_used=10616Kb free=109383Kb
 bounds [0x000002f03e7a0000, 0x000002f03f200000, 0x000002f045cd0000]
CodeHeap 'non-nmethods': size=5760Kb used=1566Kb max_used=1649Kb free=4194Kb
 bounds [0x000002f03e200000, 0x000002f03e470000, 0x000002f03e7a0000]
 total_blobs=6075 nmethods=5133 adapters=850
 compilation: enabled
              stopped_count=0, restarted_count=0
 full_count=0

Compilation events (20 events):
Event: 3.108 Thread 0x000002f054c0af80 5183   !   2       javafx.scene.Node::intersectsBounds (1005 bytes)
Event: 3.110 Thread 0x000002f054c0af80 nmethod 5183 0x000002f03f1f9c10 code [0x000002f03f1fa160, 0x000002f03f1fba68]
Event: 3.111 Thread 0x000002f054c0af80 5184       2       com.sun.javafx.geom.PickRay::setOrigin (12 bytes)
Event: 3.111 Thread 0x000002f054c0af80 nmethod 5184 0x000002f03f1fc790 code [0x000002f03f1fc920, 0x000002f03f1fca38]
Event: 3.111 Thread 0x000002f054c0af80 5185       2       com.sun.javafx.geom.PickRay::setDirection (12 bytes)
Event: 3.111 Thread 0x000002f054c0af80 nmethod 5185 0x000002f03f1fcb10 code [0x000002f03f1fcca0, 0x000002f03f1fcdb8]
Event: 3.111 Thread 0x000002f054c0af80 5181       2       com.sun.javafx.scene.NodeHelper::intersectsBounds (11 bytes)
Event: 3.111 Thread 0x000002f054c0af80 nmethod 5181 0x000002f03f1fce90 code [0x000002f03f1fd040, 0x000002f03f1fd188]
Event: 3.111 Thread 0x000002f054c0af80 5182       2       javafx.scene.Node$1::intersectsBounds (6 bytes)
Event: 3.111 Thread 0x000002f054c0af80 nmethod 5182 0x000002f03f1fd290 code [0x000002f03f1fd420, 0x000002f03f1fd548]
Event: 3.111 Thread 0x000002f054c0af80 5186       2       java.util.WeakHashMap$EntryIterator::next (5 bytes)
Event: 3.111 Thread 0x000002f054c0af80 nmethod 5186 0x000002f03f1fd610 code [0x000002f03f1fd7a0, 0x000002f03f1fd8c8]
Event: 3.117 Thread 0x000002f054c0af80 5188       2       javafx.scene.layout.Region::doPickNodeLocal (30 bytes)
Event: 3.118 Thread 0x000002f05b63dd90 nmethod 5179 0x000002f045f41c10 code [0x000002f045f41de0, 0x000002f045f42908]
Event: 3.118 Thread 0x000002f05b63dd90 5079       4       java.util.stream.ReduceOps$3ReducingSink::accept (15 bytes)
Event: 3.118 Thread 0x000002f054c0af80 nmethod 5188 0x000002f03f1fd990 code [0x000002f03f1fdb60, 0x000002f03f1fde48]
Event: 3.118 Thread 0x000002f054c0af80 5189       1       javafx.scene.input.MouseEvent::getScreenX (5 bytes)
Event: 3.118 Thread 0x000002f054c0af80 nmethod 5189 0x000002f045f42d10 code [0x000002f045f42ea0, 0x000002f045f42f78]
Event: 3.118 Thread 0x000002f054c0af80 5190       1       javafx.scene.input.MouseEvent::getScreenY (5 bytes)
Event: 3.118 Thread 0x000002f054c0af80 nmethod 5190 0x000002f045f43010 code [0x000002f045f431a0, 0x000002f045f43278]

GC Heap History (20 events):
Event: 2.259 GC heap after
{Heap after GC invocations=14 (full 0):
 garbage-first heap   total 61440K, used 34868K [0x0000000086200000, 0x0000000100000000)
  region size 1024K, 2 young (2048K), 2 survivors (2048K)
 Metaspace       used 33592K, committed 33920K, reserved 1081344K
  class space    used 4870K, committed 5056K, reserved 1048576K
}
Event: 2.275 GC heap before
{Heap before GC invocations=14 (full 0):
 garbage-first heap   total 61440K, used 47156K [0x0000000086200000, 0x0000000100000000)
  region size 1024K, 15 young (15360K), 2 survivors (2048K)
 Metaspace       used 33603K, committed 33920K, reserved 1081344K
  class space    used 4870K, committed 5056K, reserved 1048576K
}
Event: 2.276 GC heap after
{Heap after GC invocations=15 (full 0):
 garbage-first heap   total 122880K, used 35271K [0x0000000086200000, 0x0000000100000000)
  region size 1024K, 2 young (2048K), 2 survivors (2048K)
 Metaspace       used 33603K, committed 33920K, reserved 1081344K
  class space    used 4870K, committed 5056K, reserved 1048576K
}
Event: 2.339 GC heap before
{Heap before GC invocations=16 (full 0):
 garbage-first heap   total 122880K, used 85447K [0x0000000086200000, 0x0000000100000000)
  region size 1024K, 52 young (53248K), 2 survivors (2048K)
 Metaspace       used 33678K, committed 33984K, reserved 1081344K
  class space    used 4877K, committed 5056K, reserved 1048576K
}
Event: 2.341 GC heap after
{Heap after GC invocations=17 (full 0):
 garbage-first heap   total 122880K, used 36802K [0x0000000086200000, 0x0000000100000000)
  region size 1024K, 3 young (3072K), 3 survivors (3072K)
 Metaspace       used 33678K, committed 33984K, reserved 1081344K
  class space    used 4877K, committed 5056K, reserved 1048576K
}
Event: 2.391 GC heap before
{Heap before GC invocations=17 (full 0):
 garbage-first heap   total 122880K, used 94146K [0x0000000086200000, 0x0000000100000000)
  region size 1024K, 60 young (61440K), 3 survivors (3072K)
 Metaspace       used 33679K, committed 33984K, reserved 1081344K
  class space    used 4877K, committed 5056K, reserved 1048576K
}
Event: 2.393 GC heap after
{Heap after GC invocations=18 (full 0):
 garbage-first heap   total 122880K, used 38635K [0x0000000086200000, 0x0000000100000000)
  region size 1024K, 5 young (5120K), 5 survivors (5120K)
 Metaspace       used 33679K, committed 33984K, reserved 1081344K
  class space    used 4877K, committed 5056K, reserved 1048576K
}
Event: 2.435 GC heap before
{Heap before GC invocations=18 (full 0):
 garbage-first heap   total 122880K, used 95979K [0x0000000086200000, 0x0000000100000000)
  region size 1024K, 62 young (63488K), 5 survivors (5120K)
 Metaspace       used 33679K, committed 33984K, reserved 1081344K
  class space    used 4877K, committed 5056K, reserved 1048576K
}
Event: 2.438 GC heap after
{Heap after GC invocations=19 (full 0):
 garbage-first heap   total 122880K, used 40345K [0x0000000086200000, 0x0000000100000000)
  region size 1024K, 6 young (6144K), 6 survivors (6144K)
 Metaspace       used 33679K, committed 33984K, reserved 1081344K
  class space    used 4877K, committed 5056K, reserved 1048576K
}
Event: 2.490 GC heap before
{Heap before GC invocations=19 (full 0):
 garbage-first heap   total 122880K, used 98713K [0x0000000086200000, 0x0000000100000000)
  region size 1024K, 64 young (65536K), 6 survivors (6144K)
 Metaspace       used 33803K, committed 34176K, reserved 1081344K
  class space    used 4891K, committed 5056K, reserved 1048576K
}
Event: 2.493 GC heap after
{Heap after GC invocations=20 (full 0):
 garbage-first heap   total 122880K, used 42129K [0x0000000086200000, 0x0000000100000000)
  region size 1024K, 6 young (6144K), 6 survivors (6144K)
 Metaspace       used 33803K, committed 34176K, reserved 1081344K
  class space    used 4891K, committed 5056K, reserved 1048576K
}
Event: 2.545 GC heap before
{Heap before GC invocations=20 (full 0):
 garbage-first heap   total 122880K, used 99473K [0x0000000086200000, 0x0000000100000000)
  region size 1024K, 63 young (64512K), 6 survivors (6144K)
 Metaspace       used 33873K, committed 34240K, reserved 1081344K
  class space    used 4903K, committed 5120K, reserved 1048576K
}
Event: 2.548 GC heap after
{Heap after GC invocations=21 (full 0):
 garbage-first heap   total 192512K, used 44365K [0x0000000086200000, 0x0000000100000000)
  region size 1024K, 6 young (6144K), 6 survivors (6144K)
 Metaspace       used 33873K, committed 34240K, reserved 1081344K
  class space    used 4903K, committed 5120K, reserved 1048576K
}
Event: 2.667 GC heap before
{Heap before GC invocations=21 (full 0):
 garbage-first heap   total 192512K, used 151885K [0x0000000086200000, 0x0000000100000000)
  region size 1024K, 112 young (114688K), 6 survivors (6144K)
 Metaspace       used 34140K, committed 34496K, reserved 1081344K
  class space    used 4947K, committed 5120K, reserved 1048576K
}
Event: 2.671 GC heap after
{Heap after GC invocations=22 (full 0):
 garbage-first heap   total 192512K, used 47397K [0x0000000086200000, 0x0000000100000000)
  region size 1024K, 9 young (9216K), 9 survivors (9216K)
 Metaspace       used 34140K, committed 34496K, reserved 1081344K
  class space    used 4947K, committed 5120K, reserved 1048576K
}
Event: 3.009 GC heap before
{Heap before GC invocations=22 (full 0):
 garbage-first heap   total 192512K, used 151845K [0x0000000086200000, 0x0000000100000000)
  region size 1024K, 112 young (114688K), 9 survivors (9216K)
 Metaspace       used 34898K, committed 35264K, reserved 1081344K
  class space    used 5013K, committed 5184K, reserved 1048576K
}
Event: 3.025 GC heap after
{Heap after GC invocations=23 (full 0):
 garbage-first heap   total 192512K, used 63296K [0x0000000086200000, 0x0000000100000000)
  region size 1024K, 14 young (14336K), 14 survivors (14336K)
 Metaspace       used 34898K, committed 35264K, reserved 1081344K
  class space    used 5013K, committed 5184K, reserved 1048576K
}
Event: 3.076 GC heap before
{Heap before GC invocations=23 (full 0):
 garbage-first heap   total 192512K, used 146240K [0x0000000086200000, 0x0000000100000000)
  region size 1024K, 96 young (98304K), 14 survivors (14336K)
 Metaspace       used 34919K, committed 35264K, reserved 1081344K
  class space    used 5013K, committed 5184K, reserved 1048576K
}
Event: 3.085 GC heap after
{Heap after GC invocations=24 (full 0):
 garbage-first heap   total 192512K, used 67909K [0x0000000086200000, 0x0000000100000000)
  region size 1024K, 4 young (4096K), 4 survivors (4096K)
 Metaspace       used 34919K, committed 35264K, reserved 1081344K
  class space    used 5013K, committed 5184K, reserved 1048576K
}
Event: 3.128 GC heap before
{Heap before GC invocations=24 (full 0):
 garbage-first heap   total 192512K, used 150853K [0x0000000086200000, 0x0000000100000000)
  region size 1024K, 86 young (88064K), 4 survivors (4096K)
 Metaspace       used 34936K, committed 35264K, reserved 1081344K
  class space    used 5013K, committed 5184K, reserved 1048576K
}

Deoptimization events (20 events):
Event: 3.088 Thread 0x000002f05d825990 Uncommon trap: trap_request=0xffffffbe fr.pc=0x000002f045f3e1fc relative=0x000000000000035c
Event: 3.088 Thread 0x000002f05d825990 Uncommon trap: reason=profile_predicate action=maybe_recompile pc=0x000002f045f3e1fc method=java.lang.Class.searchMethods([Ljava/lang/reflect/Method;Ljava/lang/String;[Ljava/lang/Class;)Ljava/lang/reflect/Method; @ 22 c2
Event: 3.088 Thread 0x000002f05d825990 DEOPT PACKING pc=0x000002f045f3e1fc sp=0x000000fa264fe640
Event: 3.088 Thread 0x000002f05d825990 DEOPT UNPACKING pc=0x000002f03e2523a3 sp=0x000000fa264fe5c0 mode 2
Event: 3.088 Thread 0x000002f05d825e60 Uncommon trap: trap_request=0xffffffbe fr.pc=0x000002f045f3e1fc relative=0x000000000000035c
Event: 3.088 Thread 0x000002f05d826cd0 Uncommon trap: trap_request=0xffffffbe fr.pc=0x000002f045f3e1fc relative=0x000000000000035c
Event: 3.088 Thread 0x000002f05d827670 Uncommon trap: trap_request=0xffffffbe fr.pc=0x000002f045f3e1fc relative=0x000000000000035c
Event: 3.088 Thread 0x000002f05d825e60 Uncommon trap: reason=profile_predicate action=maybe_recompile pc=0x000002f045f3e1fc method=java.lang.Class.searchMethods([Ljava/lang/reflect/Method;Ljava/lang/String;[Ljava/lang/Class;)Ljava/lang/reflect/Method; @ 22 c2
Event: 3.088 Thread 0x000002f05d826cd0 Uncommon trap: reason=profile_predicate action=maybe_recompile pc=0x000002f045f3e1fc method=java.lang.Class.searchMethods([Ljava/lang/reflect/Method;Ljava/lang/String;[Ljava/lang/Class;)Ljava/lang/reflect/Method; @ 22 c2
Event: 3.088 Thread 0x000002f05d827670 Uncommon trap: reason=profile_predicate action=maybe_recompile pc=0x000002f045f3e1fc method=java.lang.Class.searchMethods([Ljava/lang/reflect/Method;Ljava/lang/String;[Ljava/lang/Class;)Ljava/lang/reflect/Method; @ 22 c2
Event: 3.088 Thread 0x000002f05d824b20 Uncommon trap: trap_request=0xffffffbe fr.pc=0x000002f045f3e1fc relative=0x000000000000035c
Event: 3.088 Thread 0x000002f05d825e60 DEOPT PACKING pc=0x000002f045f3e1fc sp=0x000000fa259fe840
Event: 3.088 Thread 0x000002f05d825e60 DEOPT UNPACKING pc=0x000002f03e2523a3 sp=0x000000fa259fe7c0 mode 2
Event: 3.088 Thread 0x000002f05d824b20 Uncommon trap: reason=profile_predicate action=maybe_recompile pc=0x000002f045f3e1fc method=java.lang.Class.searchMethods([Ljava/lang/reflect/Method;Ljava/lang/String;[Ljava/lang/Class;)Ljava/lang/reflect/Method; @ 22 c2
Event: 3.088 Thread 0x000002f05d826cd0 DEOPT PACKING pc=0x000002f045f3e1fc sp=0x000000fa25afea10
Event: 3.088 Thread 0x000002f05d826cd0 DEOPT UNPACKING pc=0x000002f03e2523a3 sp=0x000000fa25afe990 mode 2
Event: 3.088 Thread 0x000002f05d827670 DEOPT PACKING pc=0x000002f045f3e1fc sp=0x000000fa257fe890
Event: 3.088 Thread 0x000002f05d827670 DEOPT UNPACKING pc=0x000002f03e2523a3 sp=0x000000fa257fe810 mode 2
Event: 3.088 Thread 0x000002f05d824b20 DEOPT PACKING pc=0x000002f045f3e1fc sp=0x000000fa258fe870
Event: 3.088 Thread 0x000002f05d824b20 DEOPT UNPACKING pc=0x000002f03e2523a3 sp=0x000000fa258fe7f0 mode 2

Classes unloaded (0 events):
No events

Classes redefined (0 events):
No events

Internal exceptions (20 events):
Event: 2.652 Thread 0x000002f06280e1d0 Exception <a 'sun/nio/fs/WindowsException'{0x000000008c73c7d0}> (0x000000008c73c7d0) 
thrown [s\src\hotspot\share\prims\jni.cpp, line 516]
Event: 2.654 Thread 0x000002f062810850 Exception <a 'sun/nio/fs/WindowsException'{0x000000008c127ee8}> (0x000000008c127ee8) 
thrown [s\src\hotspot\share\prims\jni.cpp, line 516]
Event: 2.654 Thread 0x000002f062810850 Exception <a 'sun/nio/fs/WindowsException'{0x000000008c1282e8}> (0x000000008c1282e8) 
thrown [s\src\hotspot\share\prims\jni.cpp, line 516]
Event: 2.657 Thread 0x000002f056036ad0 Exception <a 'java/lang/NoSuchMethodError'{0x000000008c0e3df8}: 'java.lang.Object java.lang.invoke.DirectMethodHandle$Holder.invokeSpecial(java.lang.Object, java.lang.Object, int, java.lang.Object, java.lang.Object)'> (0x000000008c0e3df8) 
thrown [s\src\hotspot\share\interpreter\linkResolver.cpp, line 759]
Event: 2.673 Thread 0x000002f06280f510 Implicit null exception at 0x000002f045eef929 to 0x000002f045eefbd4
Event: 2.673 Thread 0x000002f06280c9c0 Implicit null exception at 0x000002f045eef929 to 0x000002f045eefbd4
Event: 2.674 Thread 0x000002f06280c020 Implicit null exception at 0x000002f045ed4fe0 to 0x000002f045ed5e54
Event: 2.674 Thread 0x000002f06280ce90 Implicit null exception at 0x000002f045ed4fe0 to 0x000002f045ed5e54
Event: 2.830 Thread 0x000002f05b391760 Exception <a 'java/lang/ClassNotFoundException'{0x00000000910b5a28}: sun/net/www/protocol/c/Handler> (0x00000000910b5a28) 
thrown [s\src\hotspot\share\classfile\systemDictionary.cpp, line 256]
Event: 2.831 Thread 0x000002f05b391760 Exception <a 'java/lang/ClassNotFoundException'{0x00000000910b7940}: sun/net/www/protocol/c/Handler> (0x00000000910b7940) 
thrown [s\src\hotspot\share\classfile\systemDictionary.cpp, line 256]
Event: 2.831 Thread 0x000002f05b391760 Exception <a 'java/lang/ClassNotFoundException'{0x00000000910b98f8}: sun/net/www/protocol/c/Handler> (0x00000000910b98f8) 
thrown [s\src\hotspot\share\classfile\systemDictionary.cpp, line 256]
Event: 2.831 Thread 0x000002f05b391760 Exception <a 'java/lang/ClassNotFoundException'{0x00000000910bb8e0}: sun/net/www/protocol/c/Handler> (0x00000000910bb8e0) 
thrown [s\src\hotspot\share\classfile\systemDictionary.cpp, line 256]
Event: 2.831 Thread 0x000002f05b391760 Exception <a 'java/lang/ClassNotFoundException'{0x00000000910bd910}: sun/net/www/protocol/c/Handler> (0x00000000910bd910) 
thrown [s\src\hotspot\share\classfile\systemDictionary.cpp, line 256]
Event: 2.831 Thread 0x000002f05b391760 Exception <a 'java/lang/ClassNotFoundException'{0x00000000910bf900}: sun/net/www/protocol/c/Handler> (0x00000000910bf900) 
thrown [s\src\hotspot\share\classfile\systemDictionary.cpp, line 256]
Event: 2.831 Thread 0x000002f05b391760 Exception <a 'java/lang/ClassNotFoundException'{0x00000000910c1918}: sun/net/www/protocol/c/Handler> (0x00000000910c1918) 
thrown [s\src\hotspot\share\classfile\systemDictionary.cpp, line 256]
Event: 2.831 Thread 0x000002f05b391760 Exception <a 'java/lang/ClassNotFoundException'{0x00000000910c3948}: sun/net/www/protocol/c/Handler> (0x00000000910c3948) 
thrown [s\src\hotspot\share\classfile\systemDictionary.cpp, line 256]
Event: 2.832 Thread 0x000002f05b391760 Exception <a 'java/lang/ClassNotFoundException'{0x00000000910c5938}: sun/net/www/protocol/c/Handler> (0x00000000910c5938) 
thrown [s\src\hotspot\share\classfile\systemDictionary.cpp, line 256]
Event: 2.832 Thread 0x000002f05b391760 Exception <a 'java/lang/ClassNotFoundException'{0x00000000910c78f0}: sun/net/www/protocol/c/Handler> (0x00000000910c78f0) 
thrown [s\src\hotspot\share\classfile\systemDictionary.cpp, line 256]
Event: 2.832 Thread 0x000002f05b391760 Exception <a 'java/lang/ClassNotFoundException'{0x00000000910c98b0}: sun/net/www/protocol/c/Handler> (0x00000000910c98b0) 
thrown [s\src\hotspot\share\classfile\systemDictionary.cpp, line 256]
Event: 2.832 Thread 0x000002f05b391760 Exception <a 'java/lang/ClassNotFoundException'{0x00000000910cb870}: sun/net/www/protocol/c/Handler> (0x00000000910cb870) 
thrown [s\src\hotspot\share\classfile\systemDictionary.cpp, line 256]

VM Operations (20 events):
Event: 2.515 Executing VM operation: HandshakeAllThreads done
Event: 2.544 Executing VM operation: G1CollectForAllocation
Event: 2.548 Executing VM operation: G1CollectForAllocation done
Event: 2.666 Executing VM operation: G1CollectForAllocation
Event: 2.666 Executing VM operation: G1CollectForAllocation done
Event: 2.666 Executing VM operation: G1CollectForAllocation
Event: 2.671 Executing VM operation: G1CollectForAllocation done
Event: 2.748 Executing VM operation: HandshakeAllThreads
Event: 2.748 Executing VM operation: HandshakeAllThreads done
Event: 2.803 Executing VM operation: HandshakeAllThreads
Event: 2.804 Executing VM operation: HandshakeAllThreads done
Event: 2.834 Executing VM operation: HandshakeAllThreads
Event: 2.834 Executing VM operation: HandshakeAllThreads done
Event: 2.878 Executing VM operation: ICBufferFull
Event: 2.879 Executing VM operation: ICBufferFull done
Event: 3.009 Executing VM operation: G1CollectForAllocation
Event: 3.026 Executing VM operation: G1CollectForAllocation done
Event: 3.076 Executing VM operation: G1CollectForAllocation
Event: 3.085 Executing VM operation: G1CollectForAllocation done
Event: 3.128 Executing VM operation: G1CollectForAllocation

Events (20 events):
Event: 2.856 loading class jdk/internal/jimage/ImageReader$Directory
Event: 2.856 loading class jdk/internal/jimage/ImageReader$Node
Event: 2.856 loading class jdk/internal/jimage/ImageReader$Node done
Event: 2.856 loading class jdk/internal/jimage/ImageReader$Directory done
Event: 2.856 loading class jdk/internal/jimage/ImageReader$SharedImageReader$LocationVisitor
Event: 2.856 loading class jdk/internal/jimage/ImageReader$SharedImageReader$LocationVisitor done
Event: 2.857 loading class jdk/internal/jimage/ImageBufferCache
Event: 2.858 loading class jdk/internal/jimage/ImageBufferCache done
Event: 2.858 loading class jdk/internal/jimage/ImageBufferCache$1
Event: 2.858 loading class jdk/internal/jimage/ImageBufferCache$1 done
Event: 2.858 loading class jdk/internal/jimage/ImageBufferCache$2
Event: 2.858 loading class jdk/internal/jimage/ImageBufferCache$2 done
Event: 2.858 loading class java/nio/ByteBufferAsIntBufferL
Event: 2.858 loading class java/nio/ByteBufferAsIntBufferL done
Event: 2.859 loading class jdk/internal/jimage/ImageReader$Resource
Event: 2.859 loading class jdk/internal/jimage/ImageReader$Resource done
Event: 2.860 loading class java/util/function/UnaryOperator
Event: 2.860 loading class java/util/function/UnaryOperator done
Event: 2.860 loading class java/util/stream/LongStream
Event: 2.860 loading class java/util/stream/LongStream done


Dynamic libraries:
0x00007ff6ba260000 - 0x00007ff6ba26e000 	C:\Program Files\Greenfoot\jdk\bin\javaw.exe
0x00007ff9bc470000 - 0x00007ff9bc687000 	C:\Windows\SYSTEM32\ntdll.dll
0x00007ff9ba4f0000 - 0x00007ff9ba5b4000 	C:\Windows\System32\KERNEL32.DLL
0x00007ff9b9d50000 - 0x00007ff9ba0f6000 	C:\Windows\System32\KERNELBASE.dll
0x00007ff9b9910000 - 0x00007ff9b9a21000 	C:\Windows\System32\ucrtbase.dll
0x00007ff9a8020000 - 0x00007ff9a8038000 	C:\Program Files\Greenfoot\jdk\bin\jli.dll
0x00007ff9a8040000 - 0x00007ff9a8059000 	C:\Program Files\Greenfoot\jdk\bin\VCRUNTIME140.dll
0x00007ff9bb8c0000 - 0x00007ff9bba6d000 	C:\Windows\System32\USER32.dll
0x00007ff9ba1a0000 - 0x00007ff9ba1c6000 	C:\Windows\System32\win32u.dll
0x00007ff9984c0000 - 0x00007ff998753000 	C:\Windows\WinSxS\amd64_microsoft.windows.common-controls_6595b64144ccf1df_6.0.22621.2361_none_2712ced57382f843\COMCTL32.dll
0x00007ff9bbd50000 - 0x00007ff9bbd79000 	C:\Windows\System32\GDI32.dll
0x00007ff9ba5c0000 - 0x00007ff9ba667000 	C:\Windows\System32\msvcrt.dll
0x00007ff9b97f0000 - 0x00007ff9b9908000 	C:\Windows\System32\gdi32full.dll
0x00007ff9ba100000 - 0x00007ff9ba19a000 	C:\Windows\System32\msvcp_win.dll
0x00007ff9ba1d0000 - 0x00007ff9ba201000 	C:\Windows\System32\IMM32.DLL
0x00007ff9b6a40000 - 0x00007ff9b6a4c000 	C:\Program Files\Greenfoot\jdk\bin\vcruntime140_1.dll
0x00007ff9a0780000 - 0x00007ff9a0811000 	C:\Program Files\Greenfoot\jdk\bin\msvcp140.dll
0x00007ff9676a0000 - 0x00007ff9682e6000 	C:\Program Files\Greenfoot\jdk\bin\server\jvm.dll
0x00007ff9ba210000 - 0x00007ff9ba2c0000 	C:\Windows\System32\ADVAPI32.dll
0x00007ff9bc280000 - 0x00007ff9bc326000 	C:\Windows\System32\sechost.dll
0x00007ff9ba2c0000 - 0x00007ff9ba3d7000 	C:\Windows\System32\RPCRT4.dll
0x00007ff9ba810000 - 0x00007ff9ba818000 	C:\Windows\System32\PSAPI.DLL
0x00007ff9b4530000 - 0x00007ff9b4539000 	C:\Windows\SYSTEM32\WSOCK32.dll
0x00007ff9b4160000 - 0x00007ff9b416a000 	C:\Windows\SYSTEM32\VERSION.dll
0x00007ff9ba850000 - 0x00007ff9ba8c1000 	C:\Windows\System32\WS2_32.dll
0x00007ff9959f0000 - 0x00007ff995a24000 	C:\Windows\SYSTEM32\WINMM.dll
0x00007ff9b8790000 - 0x00007ff9b87a8000 	C:\Windows\SYSTEM32\kernel.appcore.dll
0x00007ff9b3e00000 - 0x00007ff9b3e0a000 	C:\Program Files\Greenfoot\jdk\bin\jimage.dll
0x00007ff9a7cb0000 - 0x00007ff9a7ede000 	C:\Windows\SYSTEM32\DBGHELP.DLL
0x00007ff9bbdf0000 - 0x00007ff9bc17a000 	C:\Windows\System32\combase.dll
0x00007ff9bc1a0000 - 0x00007ff9bc277000 	C:\Windows\System32\OLEAUT32.dll
0x00007ff9a7b30000 - 0x00007ff9a7b62000 	C:\Windows\SYSTEM32\dbgcore.DLL
0x00007ff9b9a30000 - 0x00007ff9b9aaa000 	C:\Windows\System32\bcryptPrimitives.dll
0x00007ff9a0540000 - 0x00007ff9a0565000 	C:\Program Files\Greenfoot\jdk\bin\java.dll
0x00007ff984fa0000 - 0x00007ff985076000 	C:\Program Files\Greenfoot\jdk\bin\jsvml.dll
0x00007ff9bb060000 - 0x00007ff9bb8b8000 	C:\Windows\System32\SHELL32.dll
0x00007ff9b7700000 - 0x00007ff9b7ff2000 	C:\Windows\SYSTEM32\windows.storage.dll
0x00007ff9b75c0000 - 0x00007ff9b76fe000 	C:\Windows\SYSTEM32\wintypes.dll
0x00007ff9bbbc0000 - 0x00007ff9bbcb3000 	C:\Windows\System32\SHCORE.dll
0x00007ff9ba8d0000 - 0x00007ff9ba92e000 	C:\Windows\System32\shlwapi.dll
0x00007ff9b9720000 - 0x00007ff9b9746000 	C:\Windows\SYSTEM32\profapi.dll
0x00007ff9a0760000 - 0x00007ff9a0779000 	C:\Program Files\Greenfoot\jdk\bin\net.dll
0x00007ff9b3c90000 - 0x00007ff9b3dc7000 	C:\Windows\SYSTEM32\WINHTTP.dll
0x00007ff9b8c60000 - 0x00007ff9b8cc9000 	C:\Windows\system32\mswsock.dll
0x00007ff9a0520000 - 0x00007ff9a0535000 	C:\Program Files\Greenfoot\jdk\bin\nio.dll
0x00007ff9a0500000 - 0x00007ff9a0518000 	C:\Program Files\Greenfoot\jdk\bin\zip.dll
0x000002f0366e0000 - 0x000002f0366e3000 	C:\Users\Pañol\.openjfx\cache\20.0.1+2\amd64\api-ms-win-core-console-l1-1-0.dll
0x000002f054f20000 - 0x000002f054f23000 	C:\Users\Pañol\.openjfx\cache\20.0.1+2\amd64\api-ms-win-core-console-l1-2-0.dll
0x000002f054f30000 - 0x000002f054f33000 	C:\Users\Pañol\.openjfx\cache\20.0.1+2\amd64\api-ms-win-core-datetime-l1-1-0.dll
0x000002f054f40000 - 0x000002f054f43000 	C:\Users\Pañol\.openjfx\cache\20.0.1+2\amd64\api-ms-win-core-debug-l1-1-0.dll
0x000002f054f50000 - 0x000002f054f53000 	C:\Users\Pañol\.openjfx\cache\20.0.1+2\amd64\api-ms-win-core-errorhandling-l1-1-0.dll
0x000002f054f60000 - 0x000002f054f64000 	C:\Users\Pañol\.openjfx\cache\20.0.1+2\amd64\api-ms-win-core-file-l1-1-0.dll
0x000002f054f70000 - 0x000002f054f73000 	C:\Users\Pañol\.openjfx\cache\20.0.1+2\amd64\api-ms-win-core-file-l1-2-0.dll
0x000002f054f80000 - 0x000002f054f83000 	C:\Users\Pañol\.openjfx\cache\20.0.1+2\amd64\api-ms-win-core-file-l2-1-0.dll
0x000002f054f90000 - 0x000002f054f93000 	C:\Users\Pañol\.openjfx\cache\20.0.1+2\amd64\api-ms-win-core-handle-l1-1-0.dll
0x000002f054fa0000 - 0x000002f054fa3000 	C:\Users\Pañol\.openjfx\cache\20.0.1+2\amd64\api-ms-win-core-heap-l1-1-0.dll
0x000002f054fb0000 - 0x000002f054fb3000 	C:\Users\Pañol\.openjfx\cache\20.0.1+2\amd64\api-ms-win-core-interlocked-l1-1-0.dll
0x000002f054fc0000 - 0x000002f054fc3000 	C:\Users\Pañol\.openjfx\cache\20.0.1+2\amd64\api-ms-win-core-libraryloader-l1-1-0.dll
0x000002f054fd0000 - 0x000002f054fd3000 	C:\Users\Pañol\.openjfx\cache\20.0.1+2\amd64\api-ms-win-core-localization-l1-2-0.dll
0x000002f054fe0000 - 0x000002f054fe3000 	C:\Users\Pañol\.openjfx\cache\20.0.1+2\amd64\api-ms-win-core-memory-l1-1-0.dll
0x000002f054ff0000 - 0x000002f054ff3000 	C:\Users\Pañol\.openjfx\cache\20.0.1+2\amd64\api-ms-win-core-namedpipe-l1-1-0.dll
0x000002f056400000 - 0x000002f056403000 	C:\Users\Pañol\.openjfx\cache\20.0.1+2\amd64\api-ms-win-core-processenvironment-l1-1-0.dll
0x000002f056410000 - 0x000002f056413000 	C:\Users\Pañol\.openjfx\cache\20.0.1+2\amd64\api-ms-win-core-processthreads-l1-1-0.dll
0x000002f056420000 - 0x000002f056423000 	C:\Users\Pañol\.openjfx\cache\20.0.1+2\amd64\api-ms-win-core-processthreads-l1-1-1.dll
0x000002f056430000 - 0x000002f056433000 	C:\Users\Pañol\.openjfx\cache\20.0.1+2\amd64\api-ms-win-core-profile-l1-1-0.dll
0x000002f056440000 - 0x000002f056443000 	C:\Users\Pañol\.openjfx\cache\20.0.1+2\amd64\api-ms-win-core-rtlsupport-l1-1-0.dll
0x000002f056450000 - 0x000002f056453000 	C:\Users\Pañol\.openjfx\cache\20.0.1+2\amd64\api-ms-win-core-string-l1-1-0.dll
0x000002f056460000 - 0x000002f056463000 	C:\Users\Pañol\.openjfx\cache\20.0.1+2\amd64\api-ms-win-core-synch-l1-1-0.dll
0x000002f056470000 - 0x000002f056473000 	C:\Users\Pañol\.openjfx\cache\20.0.1+2\amd64\api-ms-win-core-synch-l1-2-0.dll
0x000002f056480000 - 0x000002f056483000 	C:\Users\Pañol\.openjfx\cache\20.0.1+2\amd64\api-ms-win-core-sysinfo-l1-1-0.dll
0x000002f056490000 - 0x000002f056493000 	C:\Users\Pañol\.openjfx\cache\20.0.1+2\amd64\api-ms-win-core-timezone-l1-1-0.dll
0x000002f0564a0000 - 0x000002f0564a3000 	C:\Users\Pañol\.openjfx\cache\20.0.1+2\amd64\api-ms-win-core-util-l1-1-0.dll
0x000002f0564b0000 - 0x000002f0564b3000 	C:\Users\Pañol\.openjfx\cache\20.0.1+2\amd64\api-ms-win-crt-conio-l1-1-0.dll
0x000002f0564c0000 - 0x000002f0564c4000 	C:\Users\Pañol\.openjfx\cache\20.0.1+2\amd64\api-ms-win-crt-convert-l1-1-0.dll
0x000002f0564d0000 - 0x000002f0564d3000 	C:\Users\Pañol\.openjfx\cache\20.0.1+2\amd64\api-ms-win-crt-environment-l1-1-0.dll
0x000002f0564e0000 - 0x000002f0564e3000 	C:\Users\Pañol\.openjfx\cache\20.0.1+2\amd64\api-ms-win-crt-filesystem-l1-1-0.dll
0x000002f0564f0000 - 0x000002f0564f3000 	C:\Users\Pañol\.openjfx\cache\20.0.1+2\amd64\api-ms-win-crt-heap-l1-1-0.dll
0x000002f056500000 - 0x000002f056503000 	C:\Users\Pañol\.openjfx\cache\20.0.1+2\amd64\api-ms-win-crt-locale-l1-1-0.dll
0x000002f056510000 - 0x000002f056515000 	C:\Users\Pañol\.openjfx\cache\20.0.1+2\amd64\api-ms-win-crt-math-l1-1-0.dll
0x000002f056520000 - 0x000002f056525000 	C:\Users\Pañol\.openjfx\cache\20.0.1+2\amd64\api-ms-win-crt-multibyte-l1-1-0.dll
0x000002f056530000 - 0x000002f056540000 	C:\Users\Pañol\.openjfx\cache\20.0.1+2\amd64\api-ms-win-crt-private-l1-1-0.dll
0x000002f056540000 - 0x000002f056543000 	C:\Users\Pañol\.openjfx\cache\20.0.1+2\amd64\api-ms-win-crt-process-l1-1-0.dll
0x000002f056550000 - 0x000002f056554000 	C:\Users\Pañol\.openjfx\cache\20.0.1+2\amd64\api-ms-win-crt-runtime-l1-1-0.dll
0x000002f056560000 - 0x000002f056564000 	C:\Users\Pañol\.openjfx\cache\20.0.1+2\amd64\api-ms-win-crt-stdio-l1-1-0.dll
0x000002f056570000 - 0x000002f056574000 	C:\Users\Pañol\.openjfx\cache\20.0.1+2\amd64\api-ms-win-crt-string-l1-1-0.dll
0x000002f056580000 - 0x000002f056583000 	C:\Users\Pañol\.openjfx\cache\20.0.1+2\amd64\api-ms-win-crt-time-l1-1-0.dll
0x000002f056590000 - 0x000002f056593000 	C:\Users\Pañol\.openjfx\cache\20.0.1+2\amd64\api-ms-win-crt-utility-l1-1-0.dll
0x00007ff970bb0000 - 0x00007ff970cac000 	C:\Users\Pañol\.openjfx\cache\20.0.1+2\amd64\ucrtbase.dll
0x00007ff9a04e0000 - 0x00007ff9a04fb000 	C:\Users\Pañol\.openjfx\cache\20.0.1+2\amd64\vcruntime140.dll
0x00007ff9adfb0000 - 0x00007ff9adfbc000 	C:\Users\Pañol\.openjfx\cache\20.0.1+2\amd64\vcruntime140_1.dll
0x00007ff988cc0000 - 0x00007ff988d4e000 	C:\Users\Pañol\.openjfx\cache\20.0.1+2\amd64\msvcp140.dll
0x00007ff9adf60000 - 0x00007ff9adf69000 	C:\Users\Pañol\.openjfx\cache\20.0.1+2\amd64\msvcp140_1.dll
0x00007ff99e090000 - 0x00007ff99e0c0000 	C:\Users\Pañol\.openjfx\cache\20.0.1+2\amd64\msvcp140_2.dll
0x00007ff99cf70000 - 0x00007ff99cf9f000 	C:\Users\Pañol\.openjfx\cache\20.0.1+2\amd64\prism_d3d.dll
0x00007ff9646a0000 - 0x00007ff964849000 	C:\Windows\system32\d3d9.dll
0x00007ff9b7150000 - 0x00007ff9b717b000 	C:\Windows\SYSTEM32\dwmapi.dll
0x00007ff9b6e20000 - 0x00007ff9b6e56000 	C:\Windows\SYSTEM32\dxcore.dll
0x00007ff9b6d20000 - 0x00007ff9b6dcb000 	C:\Windows\system32\uxtheme.dll
0x00007ff96b240000 - 0x00007ff96b3a6000 	C:\Windows\System32\DriverStore\FileRepository\iigd_dch.inf_amd64_3ea756ac68d34d21\igdumdim64.dll
0x00007ff9ba670000 - 0x00007ff9ba80f000 	C:\Windows\System32\ole32.dll
0x00007ff9456b0000 - 0x00007ff94a05b000 	C:\Windows\System32\DriverStore\FileRepository\iigd_dch.inf_amd64_3ea756ac68d34d21\igd9dxva64.dll
0x00007ff9ba9b0000 - 0x00007ff9bae24000 	C:\Windows\System32\SETUPAPI.dll
0x00007ff9b93c0000 - 0x00007ff9b940e000 	C:\Windows\SYSTEM32\cfgmgr32.dll
0x00007ff9af020000 - 0x00007ff9af2e8000 	C:\Windows\System32\DriverStore\FileRepository\iigd_dch.inf_amd64_3ea756ac68d34d21\igdgmm64.dll
0x00007ff9b32f0000 - 0x00007ff9b333a000 	C:\Windows\SYSTEM32\directxdatabasehelper.dll
0x00007ff994ab0000 - 0x00007ff994af2000 	C:\Users\Pañol\.openjfx\cache\20.0.1+2\amd64\glass.dll
0x00007ff9bc330000 - 0x00007ff9bc429000 	C:\Windows\System32\COMDLG32.dll
0x00007ff9bba70000 - 0x00007ff9bbbbc000 	C:\Windows\System32\MSCTF.dll
0x00007ff99deb0000 - 0x00007ff99ded7000 	C:\Windows\System32\DriverStore\FileRepository\iigd_dch.inf_amd64_3ea756ac68d34d21\igdinfo64.dll
0x00007ff9a8b70000 - 0x00007ff9ab726000 	C:\Windows\System32\DriverStore\FileRepository\iigd_dch.inf_amd64_3ea756ac68d34d21\igc64.dll
0x00007ff99e070000 - 0x00007ff99e084000 	C:\Users\Pañol\.openjfx\cache\20.0.1+2\amd64\javafx_font.dll
0x00007ff9b5460000 - 0x00007ff9b56d3000 	C:\Windows\SYSTEM32\dwrite.dll
0x00007ff9ba3e0000 - 0x00007ff9ba490000 	C:\Windows\System32\clbcatq.dll
0x00007ff9b5270000 - 0x00007ff9b5420000 	C:\Windows\SYSTEM32\WindowsCodecs.dll
0x00007ff99b160000 - 0x00007ff99b1be000 	C:\Windows\system32\dataexchange.dll
0x00007ff9b01e0000 - 0x00007ff9b0465000 	C:\Windows\system32\twinapi.appcore.dll
0x00007ff998270000 - 0x00007ff9982a2000 	C:\Program Files\Common Files\Microsoft Shared\Ink\rtscom.dll
0x00007ff99f310000 - 0x00007ff99f45a000 	C:\Windows\SYSTEM32\textinputframework.dll
0x00007ff9b6760000 - 0x00007ff9b6893000 	C:\Windows\SYSTEM32\CoreMessaging.dll
0x00007ff9b2920000 - 0x00007ff9b2c8c000 	C:\Windows\SYSTEM32\CoreUIComponents.dll
0x00007ff9b8f60000 - 0x00007ff9b8f6c000 	C:\Windows\SYSTEM32\CRYPTBASE.DLL
0x00007ff9b8f80000 - 0x00007ff9b8f9b000 	C:\Windows\SYSTEM32\CRYPTSP.dll
0x00007ff9b8750000 - 0x00007ff9b8785000 	C:\Windows\system32\rsaenh.dll
0x00007ff9b8d00000 - 0x00007ff9b8d2c000 	C:\Windows\SYSTEM32\USERENV.dll
0x00007ff9b90c0000 - 0x00007ff9b90e8000 	C:\Windows\SYSTEM32\bcrypt.dll
0x00007ff9b8260000 - 0x00007ff9b828d000 	C:\Windows\SYSTEM32\IPHLPAPI.DLL
0x00007ff9bae40000 - 0x00007ff9bae49000 	C:\Windows\System32\NSI.dll
0x00007ff9b3de0000 - 0x00007ff9b3df9000 	C:\Windows\SYSTEM32\dhcpcsvc6.DLL

dbghelp: loaded successfully - version: 4.0.5 - missing functions: none
symbol engine: initialized successfully - sym options: 0x614 - pdb path: .;C:\Program Files\Greenfoot\jdk\bin;C:\Windows\SYSTEM32;C:\Windows\WinSxS\amd64_microsoft.windows.common-controls_6595b64144ccf1df_6.0.22621.2361_none_2712ced57382f843;C:\Program Files\Greenfoot\jdk\bin\server;C:\Users\Pañol\.openjfx\cache\20.0.1+2\amd64;C:\Windows\System32\DriverStore\FileRepository\iigd_dch.inf_amd64_3ea756ac68d34d21;C:\Program Files\Common Files\Microsoft Shared\Ink

VM Arguments:
jvm_args: -Dhttps.protocols=TLSv1,TLSv1.1,TLSv1.2 
java_command: bluej.Boot C:\Users\Pañol\Desktop\Mati\Carrera\Algoritmos y Programación I\pokimon\combate-criaturas\project.greenfoot -greenfoot=true -bluej.compiler.showunchecked=false
java_class_path (initial): C:\Program Files\Greenfoot\lib\boot.jar;C:\Program Files\Greenfoot\lib\javafx-base-20.0.1-win.jar;C:\Program Files\Greenfoot\lib\javafx-base-20.0.1.jar;C:\Program Files\Greenfoot\lib\javafx-controls-20.0.1-win.jar;C:\Program Files\Greenfoot\lib\javafx-controls-20.0.1.jar;C:\Program Files\Greenfoot\lib\javafx-fxml-20.0.1-win.jar;C:\Program Files\Greenfoot\lib\javafx-graphics-20.0.1-win.jar;C:\Program Files\Greenfoot\lib\javafx-graphics-20.0.1.jar;C:\Program Files\Greenfoot\lib\javafx-media-20.0.1-win.jar;C:\Program Files\Greenfoot\lib\javafx-media-20.0.1.jar;C:\Program Files\Greenfoot\lib\javafx-swing-20.0.1-win.jar;C:\Program Files\Greenfoot\lib\javafx-web-20.0.1-win.jar
Launcher Type: SUN_STANDARD

[Global flags]
     intx CICompilerCount                          = 4                                         {product} {ergonomic}
     uint ConcGCThreads                            = 3                                         {product} {ergonomic}
     uint G1ConcRefinementThreads                  = 10                                        {product} {ergonomic}
   size_t G1HeapRegionSize                         = 1048576                                   {product} {ergonomic}
    uintx GCDrainStackTargetSize                   = 64                                        {product} {ergonomic}
   size_t InitialHeapSize                          = 127926272                                 {product} {ergonomic}
   size_t MarkStackSize                            = 4194304                                   {product} {ergonomic}
   size_t MaxHeapSize                              = 2044723200                                {product} {ergonomic}
   size_t MaxNewSize                               = 1226833920                                {product} {ergonomic}
   size_t MinHeapDeltaBytes                        = 1048576                                   {product} {ergonomic}
   size_t MinHeapSize                              = 8388608                                   {product} {ergonomic}
    uintx NonNMethodCodeHeapSize                   = 5839372                                {pd product} {ergonomic}
    uintx NonProfiledCodeHeapSize                  = 122909434                              {pd product} {ergonomic}
    uintx ProfiledCodeHeapSize                     = 122909434                              {pd product} {ergonomic}
    uintx ReservedCodeCacheSize                    = 251658240                              {pd product} {ergonomic}
     bool SegmentedCodeCache                       = true                                      {product} {ergonomic}
   size_t SoftMaxHeapSize                          = 2044723200                             {manageable} {ergonomic}
     bool UseCompressedClassPointers               = true                           {product lp64_product} {ergonomic}
     bool UseCompressedOops                        = true                           {product lp64_product} {ergonomic}
     bool UseG1GC                                  = true                                      {product} {ergonomic}
     bool UseLargePagesIndividualAllocation        = false                                  {pd product} {ergonomic}

Logging:
Log output configuration:
 #0: stdout all=warning uptime,level,tags
 #1: stderr all=off uptime,level,tags

Environment Variables:
PATH=C:\Python312\Scripts\;C:\Python312\;C:\Windows\system32;C:\Windows;C:\Windows\System32\Wbem;C:\Windows\System32\WindowsPowerShell\v1.0\;C:\Windows\System32\OpenSSH\;C:\Program Files\nodejs\;C:\ProgramData\chocolatey\bin;C:\Users\Pañol\AppData\Local\Microsoft\WindowsApps;C:\Users\Pañol\AppData\Local\GitHubDesktop\bin;C:\Users\Pañol\AppData\Roaming\npm
USERNAME=Pañol
OS=Windows_NT
PROCESSOR_IDENTIFIER=Intel64 Family 6 Model 165 Stepping 3, GenuineIntel
TMP=C:\Users\PAOL~1\AppData\Local\Temp
TEMP=C:\Users\PAOL~1\AppData\Local\Temp



---------------  S Y S T E M  ---------------

OS:
 Windows 11 , 64 bit Build 22621 (10.0.22621.2428)
OS uptime: 1 days 12:43 hours
Hyper-V role detected

CPU: total 12 (initial active 12) (6 cores per cpu, 2 threads per core) family 6 model 165 stepping 3 microcode 0xe0, cx8, cmov, fxsr, ht, mmx, 3dnowpref, sse, sse2, sse3, ssse3, sse4.1, sse4.2, popcnt, lzcnt, tsc, tscinvbit, avx, avx2, aes, erms, clmul, bmi1, bmi2, adx, fma, vzeroupper, clflush, clflushopt, hv

Memory: 4k page, system-wide physical 7796M (441M free)
TotalPageFile size 31348M (AvailPageFile size 46M)
current process WorkingSet (physical memory assigned to process): 449M, peak: 450M
current process commit charge ("private bytes"): 470M, peak: 602M

vm_info: OpenJDK 64-Bit Server VM (17.0.4.1+1) for windows-amd64 JRE (17.0.4.1+1), built on Aug 17 2022 07:42:43 by "temurin" with MS VC++ 16.7 (VS2019)

END.
