#
# There is insufficient memory for the Java Runtime Environment to continue.
# Native memory allocation (mmap) failed to map 94371840 bytes for G1 virtual space
# Possible reasons:
#   The system is out of physical RAM or swap space
#   The process is running with CompressedOops enabled, and the Java Heap may be blocking the growth of the native heap
# Possible solutions:
#   Reduce memory load on the system
#   Increase physical memory or swap space
#   Check if swap backing store is full
#   Decrease Java heap size (-Xmx/-Xms)
#   Decrease number of Java threads
#   Decrease Java thread stack sizes (-Xss)
#   Set larger code cache with -XX:ReservedCodeCacheSize=
#   JVM is running with Unscaled Compressed Oops mode in which the Java heap is
#     placed in the first 4GB address space. The Java Heap base address is the
#     maximum limit for the native heap growth. Please use -XX:HeapBaseMinAddress
#     to set the Java Heap base and to place the Java Heap above 4GB virtual address.
# This output file may be truncated or incomplete.
#
#  Out of Memory Error (os_windows.cpp:3541), pid=9176, tid=6092
#
# JRE version: OpenJDK Runtime Environment Temurin-17.0.4.1+1 (17.0.4.1+1) (build 17.0.4.1+1)
# Java VM: OpenJDK 64-Bit Server VM Temurin-17.0.4.1+1 (17.0.4.1+1, mixed mode, sharing, tiered, compressed oops, compressed class ptrs, g1 gc, windows-amd64)
# No core dump will be written. Minidumps are not enabled by default on client versions of Windows
#

---------------  S U M M A R Y ------------

Command Line: -Dhttps.protocols=TLSv1,TLSv1.1,TLSv1.2 bluej.Boot C:\Users\Pañol\Desktop\Mati\Carrera\Algoritmos y Programación I\pokimon\combate-criaturas\project.greenfoot -greenfoot=true -bluej.compiler.showunchecked=false

Host: Intel(R) Core(TM) i5-10400 CPU @ 2.90GHz, 12 cores, 7G,  Windows 11 , 64 bit Build 22621 (10.0.22621.2428)
Time: Tue Oct 24 21:12:43 2023 Hora estándar de Argentina elapsed time: 4.270267 seconds (0d 0h 0m 4s)

---------------  T H R E A D  ---------------

Current thread (0x00000191cff6efc0):  VMThread "VM Thread" [stack: 0x0000002728900000,0x0000002728a00000] [id=6092]

Stack: [0x0000002728900000,0x0000002728a00000]
Native frames: (J=compiled Java code, j=interpreted, Vv=VM code, C=native code)
V  [jvm.dll+0x67731a]
V  [jvm.dll+0x832284]
V  [jvm.dll+0x833a2e]
V  [jvm.dll+0x834093]
V  [jvm.dll+0x245775]
V  [jvm.dll+0x674209]
V  [jvm.dll+0x668a92]
V  [jvm.dll+0x30471b]
V  [jvm.dll+0x30bc66]
V  [jvm.dll+0x35ba9e]
V  [jvm.dll+0x35bccf]
V  [jvm.dll+0x2db5b8]
V  [jvm.dll+0x2d986c]
V  [jvm.dll+0x2d8e3c]
V  [jvm.dll+0x31cd9b]
V  [jvm.dll+0x83853b]
V  [jvm.dll+0x839274]
V  [jvm.dll+0x83978c]
V  [jvm.dll+0x839b64]
V  [jvm.dll+0x839c30]
V  [jvm.dll+0x7e240a]
V  [jvm.dll+0x6761a5]
C  [ucrtbase.dll+0x29363]
C  [KERNEL32.DLL+0x1257d]
C  [ntdll.dll+0x5aa78]

VM_Operation (0x000000272cffe7a0): G1CollectForAllocation, mode: safepoint, requested by thread 0x00000191d8ac3410


---------------  P R O C E S S  ---------------

Threads class SMR info:
_java_thread_list=0x000001921e25b010, length=47, elements={
0x00000191b1aaa590, 0x00000191cff75ef0, 0x00000191cff77580, 0x00000191cff8e070,
0x00000191cff93580, 0x00000191cff93c60, 0x00000191cff9c140, 0x00000191cff9fe40,
0x00000191cffa0400, 0x00000191cffa6d30, 0x00000191d0a1fad0, 0x00000191d0a1ffa0,
0x00000191d0a1f130, 0x00000191d0a20470, 0x00000191d0a1d450, 0x00000191d0a20940,
0x00000191d0a1cf80, 0x00000191d0a1d920, 0x00000191d0a1ddf0, 0x00000191d0a1e2c0,
0x00000191d0a1e790, 0x00000191d8ac2a70, 0x00000191d8abff20, 0x00000191d8ac4c20,
0x00000191d8ac50f0, 0x00000191d8ac5a90, 0x00000191d8abfa50, 0x00000191d8ac1c00,
0x00000191d8ac6900, 0x00000191d8abf0b0, 0x00000191d6ae84b0, 0x00000191d6ae7a90,
0x00000191d8ac20d0, 0x00000191d8abf580, 0x00000191d8ac08c0, 0x00000191d8ac1730,
0x00000191d8ac38e0, 0x00000191d8ac25a0, 0x00000191d8ac2f40, 0x00000191d8ac55c0,
0x00000191d8ac3410, 0x00000191d8ac5f60, 0x00000191d8ac03f0, 0x00000191d8ac6430,
0x00000191d8ac3db0, 0x00000191d8ac0d90, 0x00000191d8ac1260
}

Java Threads: ( => current thread )
  0x00000191b1aaa590 JavaThread "main" [_thread_blocked, id=844, stack(0x0000002728300000,0x0000002728400000)]
  0x00000191cff75ef0 JavaThread "Reference Handler" daemon [_thread_blocked, id=5092, stack(0x0000002728a00000,0x0000002728b00000)]
  0x00000191cff77580 JavaThread "Finalizer" daemon [_thread_blocked, id=10924, stack(0x0000002728b00000,0x0000002728c00000)]
  0x00000191cff8e070 JavaThread "Signal Dispatcher" daemon [_thread_blocked, id=10328, stack(0x0000002728c00000,0x0000002728d00000)]
  0x00000191cff93580 JavaThread "Attach Listener" daemon [_thread_blocked, id=340, stack(0x0000002728d00000,0x0000002728e00000)]
  0x00000191cff93c60 JavaThread "Service Thread" daemon [_thread_blocked, id=2968, stack(0x0000002728e00000,0x0000002728f00000)]
  0x00000191cff9c140 JavaThread "Monitor Deflation Thread" daemon [_thread_blocked, id=10460, stack(0x0000002728f00000,0x0000002729000000)]
  0x00000191cff9fe40 JavaThread "C2 CompilerThread0" daemon [_thread_blocked, id=7656, stack(0x0000002729000000,0x0000002729100000)]
  0x00000191cffa0400 JavaThread "C1 CompilerThread0" daemon [_thread_blocked, id=5728, stack(0x0000002729100000,0x0000002729200000)]
  0x00000191cffa6d30 JavaThread "Sweeper thread" daemon [_thread_blocked, id=6664, stack(0x0000002729200000,0x0000002729300000)]
  0x00000191d0a1fad0 JavaThread "Notification Thread" daemon [_thread_blocked, id=8872, stack(0x0000002729300000,0x0000002729400000)]
  0x00000191d0a1ffa0 JavaThread "Common-Cleaner" daemon [_thread_blocked, id=5876, stack(0x0000002729500000,0x0000002729600000)]
  0x00000191d0a1f130 JavaThread "JavaFX-Launcher" [_thread_blocked, id=7228, stack(0x0000002729600000,0x0000002729700000)]
  0x00000191d0a20470 JavaThread "QuantumRenderer-0" daemon [_thread_blocked, id=13264, stack(0x0000002729800000,0x0000002729900000)]
  0x00000191d0a1d450 JavaThread "InvokeLaterDispatcher" daemon [_thread_blocked, id=8032, stack(0x0000002729900000,0x0000002729a00000)]
  0x00000191d0a20940 JavaThread "JavaFX Application Thread" [_thread_blocked, id=12676, stack(0x0000002729a00000,0x0000002729b00000)]
  0x00000191d0a1cf80 JavaThread "Thread-2" daemon [_thread_blocked, id=1016, stack(0x0000002729e00000,0x0000002729f00000)]
  0x00000191d0a1d920 JavaThread "subMain thread" [_thread_blocked, id=12084, stack(0x0000002729f00000,0x000000272a000000)]
  0x00000191d0a1ddf0 JavaThread "Prism Font Disposer" daemon [_thread_blocked, id=2964, stack(0x000000272b000000,0x000000272b100000)]
  0x00000191d0a1e2c0 JavaThread "pool-2-thread-1" [_thread_blocked, id=10912, stack(0x000000272b200000,0x000000272b300000)]
  0x00000191d0a1e790 JavaThread "Import scanner" [_thread_blocked, id=2228, stack(0x000000272b300000,0x000000272b400000)]
  0x00000191d8ac2a70 JavaThread "JDI Internal Event Handler" daemon [_thread_blocked, id=2996, stack(0x000000272b700000,0x000000272b800000)]
  0x00000191d8abff20 JavaThread "JDI Target VM Interface" daemon [_thread_blocked, id=12956, stack(0x000000272b800000,0x000000272b900000)]
  0x00000191d8ac4c20 JavaThread "BlueJ I/O Handler" [_thread_in_native, id=11000, stack(0x000000272b900000,0x000000272ba00000)]
  0x00000191d8ac50f0 JavaThread "BlueJ I/O Handler" [_thread_in_native, id=10812, stack(0x000000272ba00000,0x000000272bb00000)]
  0x00000191d8ac5a90 JavaThread "BlueJ I/O Handler" [_thread_blocked, id=2168, stack(0x000000272bb00000,0x000000272bc00000)]
  0x00000191d8abfa50 JavaThread "VM Event Handler Helper" [_thread_blocked, id=3540, stack(0x000000272bc00000,0x000000272bd00000)]
  0x00000191d8ac1c00 JavaThread "vm-event-handler" [_thread_blocked, id=11244, stack(0x000000272bd00000,0x000000272be00000)]
  0x00000191d8ac6900 JavaThread "Keep-Alive-Timer" daemon [_thread_blocked, id=9152, stack(0x0000002729700000,0x0000002729800000)]
  0x00000191d8abf0b0 JavaThread "Disposer" daemon [_thread_blocked, id=12428, stack(0x000000272ad00000,0x000000272ae00000)]
  0x00000191d6ae84b0 JavaThread "C2 CompilerThread1" daemon [_thread_blocked, id=11152, stack(0x000000272b100000,0x000000272b200000)]
  0x00000191d6ae7a90 JavaThread "C2 CompilerThread2" daemon [_thread_blocked, id=9712, stack(0x000000272be00000,0x000000272bf00000)]
  0x00000191d8ac20d0 JavaThread "VMCommsMain" [_thread_blocked, id=11328, stack(0x000000272bf00000,0x000000272c000000)]
  0x00000191d8abf580 JavaThread "Timer-0" [_thread_blocked, id=13056, stack(0x000000272c000000,0x000000272c100000)]
  0x00000191d8ac08c0 JavaThread "Cleaner-0" daemon [_thread_blocked, id=9040, stack(0x000000272c300000,0x000000272c400000)]
  0x00000191d8ac1730 JavaThread "BlueJ compiler thread" [_thread_blocked, id=11560, stack(0x000000272d600000,0x000000272d700000)]
  0x00000191d8ac38e0 JavaThread "ClassGraph-worker-11" daemon [_thread_blocked, id=11564, stack(0x000000272cb00000,0x000000272cc00000)]
  0x00000191d8ac25a0 JavaThread "ClassGraph-worker-12" daemon [_thread_blocked, id=12452, stack(0x000000272cc00000,0x000000272cd00000)]
  0x00000191d8ac2f40 JavaThread "ClassGraph-worker-13" daemon [_thread_blocked, id=4836, stack(0x000000272cd00000,0x000000272ce00000)]
  0x00000191d8ac55c0 JavaThread "ClassGraph-worker-14" daemon [_thread_blocked, id=3144, stack(0x000000272ce00000,0x000000272cf00000)]
  0x00000191d8ac3410 JavaThread "ClassGraph-worker-15" daemon [_thread_blocked, id=13300, stack(0x000000272cf00000,0x000000272d000000)]
  0x00000191d8ac5f60 JavaThread "ClassGraph-worker-16" daemon [_thread_blocked, id=11824, stack(0x000000272d000000,0x000000272d100000)]
  0x00000191d8ac03f0 JavaThread "ClassGraph-worker-17" daemon [_thread_blocked, id=13092, stack(0x000000272d100000,0x000000272d200000)]
  0x00000191d8ac6430 JavaThread "ClassGraph-worker-18" daemon [_thread_blocked, id=12172, stack(0x000000272d200000,0x000000272d300000)]
  0x00000191d8ac3db0 JavaThread "ClassGraph-worker-19" daemon [_thread_blocked, id=12636, stack(0x000000272d300000,0x000000272d400000)]
  0x00000191d8ac0d90 JavaThread "ClassGraph-worker-20" daemon [_thread_blocked, id=11720, stack(0x000000272d400000,0x000000272d500000)]
  0x00000191d8ac1260 JavaThread "ClassGraph-worker-21" daemon [_thread_blocked, id=10152, stack(0x000000272d500000,0x000000272d600000)]

Other Threads:
=>0x00000191cff6efc0 VMThread "VM Thread" [stack: 0x0000002728900000,0x0000002728a00000] [id=6092]
  0x00000191d0a23970 WatcherThread [stack: 0x0000002729400000,0x0000002729500000] [id=9612]
  0x00000191b1b05950 GCTaskThread "GC Thread#0" [stack: 0x0000002728400000,0x0000002728500000] [id=1600]
  0x00000191d1680d10 GCTaskThread "GC Thread#1" [stack: 0x000000272a000000,0x000000272a100000] [id=7976]
  0x00000191d14f4dc0 GCTaskThread "GC Thread#2" [stack: 0x000000272a100000,0x000000272a200000] [id=4832]
  0x00000191d166c910 GCTaskThread "GC Thread#3" [stack: 0x000000272a200000,0x000000272a300000] [id=12060]
  0x00000191d167fd50 GCTaskThread "GC Thread#4" [stack: 0x000000272a300000,0x000000272a400000] [id=2780]
  0x00000191d5f3bc60 GCTaskThread "GC Thread#5" [stack: 0x000000272a400000,0x000000272a500000] [id=4600]
  0x00000191d5f3b9b0 GCTaskThread "GC Thread#6" [stack: 0x000000272a500000,0x000000272a600000] [id=11396]
  0x00000191d5f3bf10 GCTaskThread "GC Thread#7" [stack: 0x000000272a600000,0x000000272a700000] [id=10440]
  0x00000191d5f3a990 GCTaskThread "GC Thread#8" [stack: 0x000000272ae00000,0x000000272af00000] [id=11520]
  0x00000191d5f3c1c0 GCTaskThread "GC Thread#9" [stack: 0x000000272af00000,0x000000272b000000] [id=4952]
  0x00000191b1b16b10 ConcurrentGCThread "G1 Main Marker" [stack: 0x0000002728500000,0x0000002728600000] [id=12516]
  0x00000191b1b17420 ConcurrentGCThread "G1 Conc#0" [stack: 0x0000002728600000,0x0000002728700000] [id=12484]
  0x00000191d5f3b1a0 ConcurrentGCThread "G1 Conc#1" [stack: 0x000000272b400000,0x000000272b500000] [id=11084]
  0x00000191d5f3b450 ConcurrentGCThread "G1 Conc#2" [stack: 0x000000272b500000,0x000000272b600000] [id=11052]
  0x00000191b1b7e4a0 ConcurrentGCThread "G1 Refine#0" [stack: 0x0000002728700000,0x0000002728800000] [id=11832]
  0x00000191d5f59d00 ConcurrentGCThread "G1 Refine#1" [stack: 0x000000272a700000,0x000000272a800000] [id=12984]
  0x00000191d0ac9290 ConcurrentGCThread "G1 Refine#2" [stack: 0x000000272a800000,0x000000272a900000] [id=3544]
  0x000001921ffe24f0 ConcurrentGCThread "G1 Refine#3" [stack: 0x000000272dc00000,0x000000272dd00000] [id=12620]
  0x000001921ffe2ab0 ConcurrentGCThread "G1 Refine#4" [stack: 0x000000272dd00000,0x000000272de00000] [id=12704]
  0x000001921ffe13b0 ConcurrentGCThread "G1 Refine#5" [stack: 0x000000272de00000,0x000000272df00000] [id=1496]
  0x00000192204322a0 ConcurrentGCThread "G1 Refine#6" [stack: 0x000000272df00000,0x000000272e000000] [id=12528]
  0x00000192204308c0 ConcurrentGCThread "G1 Refine#7" [stack: 0x000000272e000000,0x000000272e100000] [id=11440]
  0x00000191cfe280f0 ConcurrentGCThread "G1 Service" [stack: 0x0000002728800000,0x0000002728900000] [id=12596]

Threads with active compile tasks:
C2 CompilerThread0     4284 6042   !   4       java.util.concurrent.ConcurrentHashMap::putVal (432 bytes)
C1 CompilerThread0     4284 6038   !   3       com.sun.tools.javac.parser.JavaTokenizer::readToken (1731 bytes)
C2 CompilerThread1     4284 5938       4       jdk.internal.jimage.ImageReader$SharedImageReader::lambda$handleModulesSubTree$1 (43 bytes)
C2 CompilerThread2     4284 5971       4       jdk.internal.jimage.ImageLocation::getFullName (109 bytes)

VM state: at safepoint (normal execution)

VM Mutex/Monitor currently owned by a thread:  ([mutex/lock_event])
[0x00000191b1aa53e0] Threads_lock - owner thread: 0x00000191cff6efc0
[0x00000191b1aa6790] Heap_lock - owner thread: 0x00000191d8ac3410

Heap address: 0x0000000086200000, size: 1950 MB, Compressed Oops mode: 32-bit

CDS archive(s) mapped at: [0x0000000800000000-0x0000000800bc0000-0x0000000800bc0000), size 12320768, SharedBaseAddress: 0x0000000800000000, ArchiveRelocationMode: 0.
Compressed class space mapped at: 0x0000000800c00000-0x0000000840c00000, reserved size: 1073741824
Narrow klass base: 0x0000000800000000, Narrow klass shift: 0, Narrow klass range: 0x100000000

GC Precious Log:
 CPUs: 12 total, 12 available
 Memory: 7796M
 Large Page Support: Disabled
 NUMA Support: Disabled
 Compressed Oops: Enabled (32-bit)
 Heap Region Size: 1M
 Heap Min Capacity: 8M
 Heap Initial Capacity: 122M
 Heap Max Capacity: 1950M
 Pre-touch: Disabled
 Parallel Workers: 10
 Concurrent Workers: 3
 Concurrent Refinement Workers: 10
 Periodic GC: Disabled

Heap:
 garbage-first heap   total 183296K, used 74601K [0x0000000086200000, 0x0000000100000000)
  region size 1024K, 6 young (6144K), 6 survivors (6144K)
 Metaspace       used 44098K, committed 44544K, reserved 1089536K
  class space    used 6183K, committed 6400K, reserved 1048576K

Heap Regions: E=young(eden), S=young(survivor), O=old, HS=humongous(starts), HC=humongous(continues), CS=collection set, F=free, OA=open archive, CA=closed archive, TAMS=top-at-mark-start (previous, next)
|   0|0x0000000086200000, 0x0000000086300000, 0x0000000086300000|100%|HS|  |TAMS 0x0000000086300000, 0x0000000086200000| Complete 
|   1|0x0000000086300000, 0x0000000086400000, 0x0000000086400000|100%| O|  |TAMS 0x0000000086400000, 0x0000000086300000| Untracked 
|   2|0x0000000086400000, 0x0000000086500000, 0x0000000086500000|100%| O|  |TAMS 0x0000000086500000, 0x0000000086400000| Untracked 
|   3|0x0000000086500000, 0x0000000086600000, 0x0000000086600000|100%| O|  |TAMS 0x0000000086600000, 0x0000000086500000| Untracked 
|   4|0x0000000086600000, 0x0000000086700000, 0x0000000086700000|100%| O|  |TAMS 0x0000000086700000, 0x0000000086600000| Untracked 
|   5|0x0000000086700000, 0x0000000086800000, 0x0000000086800000|100%| O|  |TAMS 0x0000000086800000, 0x0000000086700000| Untracked 
|   6|0x0000000086800000, 0x000000008681e400, 0x0000000086900000| 11%| O|  |TAMS 0x000000008681e400, 0x0000000086800000| Untracked 
|   7|0x0000000086900000, 0x0000000086a00000, 0x0000000086a00000|100%| O|  |TAMS 0x0000000086a00000, 0x0000000086900000| Untracked 
|   8|0x0000000086a00000, 0x0000000086b00000, 0x0000000086b00000|100%| O|  |TAMS 0x0000000086b00000, 0x0000000086a00000| Untracked 
|   9|0x0000000086b00000, 0x0000000086c00000, 0x0000000086c00000|100%| O|  |TAMS 0x0000000086c00000, 0x0000000086b00000| Untracked 
|  10|0x0000000086c00000, 0x0000000086d00000, 0x0000000086d00000|100%| O|  |TAMS 0x0000000086d00000, 0x0000000086c00000| Untracked 
|  11|0x0000000086d00000, 0x0000000086e00000, 0x0000000086e00000|100%| O|  |TAMS 0x0000000086e00000, 0x0000000086d00000| Untracked 
|  12|0x0000000086e00000, 0x0000000086f00000, 0x0000000086f00000|100%|HS|  |TAMS 0x0000000086f00000, 0x0000000086e00000| Complete 
|  13|0x0000000086f00000, 0x0000000087000000, 0x0000000087000000|100%| O|  |TAMS 0x0000000087000000, 0x0000000086f00000| Untracked 
|  14|0x0000000087000000, 0x0000000087100000, 0x0000000087100000|100%| O|  |TAMS 0x0000000087100000, 0x0000000087000000| Untracked 
|  15|0x0000000087100000, 0x0000000087200000, 0x0000000087200000|100%|HS|  |TAMS 0x0000000087200000, 0x0000000087100000| Complete 
|  16|0x0000000087200000, 0x0000000087300000, 0x0000000087300000|100%|HS|  |TAMS 0x0000000087300000, 0x0000000087200000| Complete 
|  17|0x0000000087300000, 0x0000000087400000, 0x0000000087400000|100%| O|  |TAMS 0x0000000087400000, 0x0000000087300000| Untracked 
|  18|0x0000000087400000, 0x0000000087500000, 0x0000000087500000|100%| O|  |TAMS 0x0000000087500000, 0x0000000087400000| Untracked 
|  19|0x0000000087500000, 0x0000000087600000, 0x0000000087600000|100%| O|  |TAMS 0x0000000087600000, 0x0000000087500000| Untracked 
|  20|0x0000000087600000, 0x0000000087700000, 0x0000000087700000|100%| O|  |TAMS 0x0000000087700000, 0x0000000087600000| Untracked 
|  21|0x0000000087700000, 0x0000000087800000, 0x0000000087800000|100%| O|  |TAMS 0x0000000087800000, 0x0000000087700000| Untracked 
|  22|0x0000000087800000, 0x0000000087900000, 0x0000000087900000|100%| O|  |TAMS 0x0000000087900000, 0x0000000087800000| Untracked 
|  23|0x0000000087900000, 0x0000000087a00000, 0x0000000087a00000|100%| O|  |TAMS 0x0000000087a00000, 0x0000000087900000| Untracked 
|  24|0x0000000087a00000, 0x0000000087b00000, 0x0000000087b00000|100%|HS|  |TAMS 0x0000000087b00000, 0x0000000087a00000| Complete 
|  25|0x0000000087b00000, 0x0000000087c00000, 0x0000000087c00000|100%|HS|  |TAMS 0x0000000087c00000, 0x0000000087b00000| Complete 
|  26|0x0000000087c00000, 0x0000000087d00000, 0x0000000087d00000|100%| O|  |TAMS 0x0000000087d00000, 0x0000000087c00000| Untracked 
|  27|0x0000000087d00000, 0x0000000087e00000, 0x0000000087e00000|100%| O|  |TAMS 0x0000000087e00000, 0x0000000087d00000| Untracked 
|  28|0x0000000087e00000, 0x0000000087f00000, 0x0000000087f00000|100%| O|  |TAMS 0x0000000087f00000, 0x0000000087e00000| Untracked 
|  29|0x0000000087f00000, 0x0000000088000000, 0x0000000088000000|100%| O|  |TAMS 0x0000000088000000, 0x0000000087f00000| Untracked 
|  30|0x0000000088000000, 0x0000000088100000, 0x0000000088100000|100%| O|  |TAMS 0x0000000088100000, 0x0000000088000000| Untracked 
|  31|0x0000000088100000, 0x0000000088200000, 0x0000000088200000|100%|HS|  |TAMS 0x0000000088200000, 0x0000000088100000| Complete 
|  32|0x0000000088200000, 0x0000000088300000, 0x0000000088300000|100%|HC|  |TAMS 0x0000000088300000, 0x0000000088200000| Complete 
|  33|0x0000000088300000, 0x0000000088400000, 0x0000000088400000|100%| O|  |TAMS 0x0000000088400000, 0x0000000088300000| Untracked 
|  34|0x0000000088400000, 0x0000000088500000, 0x0000000088500000|100%| O|  |TAMS 0x00000000884af400, 0x0000000088400000| Untracked 
|  35|0x0000000088500000, 0x0000000088600000, 0x0000000088600000|100%| O|  |TAMS 0x0000000088500000, 0x0000000088500000| Untracked 
|  36|0x0000000088600000, 0x0000000088700000, 0x0000000088700000|100%| O|  |TAMS 0x0000000088600000, 0x0000000088600000| Untracked 
|  37|0x0000000088700000, 0x0000000088800000, 0x0000000088800000|100%| O|  |TAMS 0x0000000088700000, 0x0000000088700000| Untracked 
|  38|0x0000000088800000, 0x0000000088900000, 0x0000000088900000|100%| O|  |TAMS 0x0000000088800000, 0x0000000088800000| Untracked 
|  39|0x0000000088900000, 0x0000000088a00000, 0x0000000088a00000|100%| O|  |TAMS 0x0000000088900000, 0x0000000088900000| Untracked 
|  40|0x0000000088a00000, 0x0000000088b00000, 0x0000000088b00000|100%| O|  |TAMS 0x0000000088a00000, 0x0000000088a00000| Untracked 
|  41|0x0000000088b00000, 0x0000000088c00000, 0x0000000088c00000|100%| O|  |TAMS 0x0000000088b00000, 0x0000000088b00000| Untracked 
|  42|0x0000000088c00000, 0x0000000088d00000, 0x0000000088d00000|100%| O|  |TAMS 0x0000000088c00000, 0x0000000088c00000| Untracked 
|  43|0x0000000088d00000, 0x0000000088e00000, 0x0000000088e00000|100%| O|  |TAMS 0x0000000088d00000, 0x0000000088d00000| Untracked 
|  44|0x0000000088e00000, 0x0000000088f00000, 0x0000000088f00000|100%| O|  |TAMS 0x0000000088e00000, 0x0000000088e00000| Untracked 
|  45|0x0000000088f00000, 0x0000000089000000, 0x0000000089000000|100%| O|  |TAMS 0x0000000088f00000, 0x0000000088f00000| Untracked 
|  46|0x0000000089000000, 0x0000000089100000, 0x0000000089100000|100%| O|  |TAMS 0x0000000089000000, 0x0000000089000000| Untracked 
|  47|0x0000000089100000, 0x0000000089200000, 0x0000000089200000|100%| O|  |TAMS 0x0000000089100000, 0x0000000089100000| Untracked 
|  48|0x0000000089200000, 0x0000000089300000, 0x0000000089300000|100%| O|  |TAMS 0x0000000089200000, 0x0000000089200000| Untracked 
|  49|0x0000000089300000, 0x0000000089400000, 0x0000000089400000|100%| O|  |TAMS 0x0000000089300000, 0x0000000089300000| Untracked 
|  50|0x0000000089400000, 0x0000000089500000, 0x0000000089500000|100%| O|  |TAMS 0x0000000089400000, 0x0000000089400000| Untracked 
|  51|0x0000000089500000, 0x0000000089600000, 0x0000000089600000|100%| O|  |TAMS 0x0000000089500000, 0x0000000089500000| Untracked 
|  52|0x0000000089600000, 0x0000000089700000, 0x0000000089700000|100%| O|  |TAMS 0x0000000089600000, 0x0000000089600000| Untracked 
|  53|0x0000000089700000, 0x0000000089800000, 0x0000000089800000|100%| O|  |TAMS 0x0000000089700000, 0x0000000089700000| Untracked 
|  54|0x0000000089800000, 0x0000000089900000, 0x0000000089900000|100%| O|  |TAMS 0x0000000089800000, 0x0000000089800000| Untracked 
|  55|0x0000000089900000, 0x0000000089a00000, 0x0000000089a00000|100%| O|  |TAMS 0x0000000089900000, 0x0000000089900000| Untracked 
|  56|0x0000000089a00000, 0x0000000089b00000, 0x0000000089b00000|100%| O|  |TAMS 0x0000000089a00000, 0x0000000089a00000| Untracked 
|  57|0x0000000089b00000, 0x0000000089c00000, 0x0000000089c00000|100%| O|  |TAMS 0x0000000089b00000, 0x0000000089b00000| Untracked 
|  58|0x0000000089c00000, 0x0000000089d00000, 0x0000000089d00000|100%| O|  |TAMS 0x0000000089c00000, 0x0000000089c00000| Untracked 
|  59|0x0000000089d00000, 0x0000000089e00000, 0x0000000089e00000|100%| O|  |TAMS 0x0000000089d00000, 0x0000000089d00000| Untracked 
|  60|0x0000000089e00000, 0x0000000089f00000, 0x0000000089f00000|100%| O|  |TAMS 0x0000000089e00000, 0x0000000089e00000| Untracked 
|  61|0x0000000089f00000, 0x000000008a000000, 0x000000008a000000|100%| O|  |TAMS 0x0000000089f00000, 0x0000000089f00000| Untracked 
|  62|0x000000008a000000, 0x000000008a000000, 0x000000008a100000|  0%| F|  |TAMS 0x000000008a000000, 0x000000008a000000| Untracked 
|  63|0x000000008a100000, 0x000000008a100000, 0x000000008a200000|  0%| F|  |TAMS 0x000000008a100000, 0x000000008a100000| Untracked 
|  64|0x000000008a200000, 0x000000008a200000, 0x000000008a300000|  0%| F|  |TAMS 0x000000008a200000, 0x000000008a200000| Untracked 
|  65|0x000000008a300000, 0x000000008a400000, 0x000000008a400000|100%| O|  |TAMS 0x000000008a300000, 0x000000008a300000| Untracked 
|  66|0x000000008a400000, 0x000000008a500000, 0x000000008a500000|100%| O|  |TAMS 0x000000008a400000, 0x000000008a400000| Untracked 
|  67|0x000000008a500000, 0x000000008a600000, 0x000000008a600000|100%| O|  |TAMS 0x000000008a500000, 0x000000008a500000| Untracked 
|  68|0x000000008a600000, 0x000000008a700000, 0x000000008a700000|100%| O|  |TAMS 0x000000008a600000, 0x000000008a600000| Untracked 
|  69|0x000000008a700000, 0x000000008a800000, 0x000000008a800000|100%| O|  |TAMS 0x000000008a700000, 0x000000008a700000| Untracked 
|  70|0x000000008a800000, 0x000000008a8bc000, 0x000000008a900000| 73%| O|  |TAMS 0x000000008a800000, 0x000000008a800000| Untracked 
|  71|0x000000008a900000, 0x000000008a900000, 0x000000008aa00000|  0%| F|  |TAMS 0x000000008a900000, 0x000000008a900000| Untracked 
|  72|0x000000008aa00000, 0x000000008aa00000, 0x000000008ab00000|  0%| F|  |TAMS 0x000000008aa00000, 0x000000008aa00000| Untracked 
|  73|0x000000008ab00000, 0x000000008ab00000, 0x000000008ac00000|  0%| F|  |TAMS 0x000000008ab00000, 0x000000008ab00000| Untracked 
|  74|0x000000008ac00000, 0x000000008ac00000, 0x000000008ad00000|  0%| F|  |TAMS 0x000000008ac00000, 0x000000008ac00000| Untracked 
|  75|0x000000008ad00000, 0x000000008ad00000, 0x000000008ae00000|  0%| F|  |TAMS 0x000000008ad00000, 0x000000008ad00000| Untracked 
|  76|0x000000008ae00000, 0x000000008ae00000, 0x000000008af00000|  0%| F|  |TAMS 0x000000008ae00000, 0x000000008ae00000| Untracked 
|  77|0x000000008af00000, 0x000000008af00000, 0x000000008b000000|  0%| F|  |TAMS 0x000000008af00000, 0x000000008af00000| Untracked 
|  78|0x000000008b000000, 0x000000008b000000, 0x000000008b100000|  0%| F|  |TAMS 0x000000008b000000, 0x000000008b000000| Untracked 
|  79|0x000000008b100000, 0x000000008b100000, 0x000000008b200000|  0%| F|  |TAMS 0x000000008b100000, 0x000000008b100000| Untracked 
|  80|0x000000008b200000, 0x000000008b200000, 0x000000008b300000|  0%| F|  |TAMS 0x000000008b200000, 0x000000008b200000| Untracked 
|  81|0x000000008b300000, 0x000000008b300000, 0x000000008b400000|  0%| F|  |TAMS 0x000000008b300000, 0x000000008b300000| Untracked 
|  82|0x000000008b400000, 0x000000008b400000, 0x000000008b500000|  0%| F|  |TAMS 0x000000008b400000, 0x000000008b400000| Untracked 
|  83|0x000000008b500000, 0x000000008b500000, 0x000000008b600000|  0%| F|  |TAMS 0x000000008b500000, 0x000000008b500000| Untracked 
|  84|0x000000008b600000, 0x000000008b600000, 0x000000008b700000|  0%| F|  |TAMS 0x000000008b600000, 0x000000008b600000| Untracked 
|  85|0x000000008b700000, 0x000000008b700000, 0x000000008b800000|  0%| F|  |TAMS 0x000000008b700000, 0x000000008b700000| Untracked 
|  86|0x000000008b800000, 0x000000008b800000, 0x000000008b900000|  0%| F|  |TAMS 0x000000008b800000, 0x000000008b800000| Untracked 
|  87|0x000000008b900000, 0x000000008b900000, 0x000000008ba00000|  0%| F|  |TAMS 0x000000008b900000, 0x000000008b900000| Untracked 
|  88|0x000000008ba00000, 0x000000008ba00000, 0x000000008bb00000|  0%| F|  |TAMS 0x000000008ba00000, 0x000000008ba00000| Untracked 
|  89|0x000000008bb00000, 0x000000008bb00000, 0x000000008bc00000|  0%| F|  |TAMS 0x000000008bb00000, 0x000000008bb00000| Untracked 
|  90|0x000000008bc00000, 0x000000008bc00000, 0x000000008bd00000|  0%| F|  |TAMS 0x000000008bc00000, 0x000000008bc00000| Untracked 
|  91|0x000000008bd00000, 0x000000008bd00000, 0x000000008be00000|  0%| F|  |TAMS 0x000000008bd00000, 0x000000008bd00000| Untracked 
|  92|0x000000008be00000, 0x000000008be00000, 0x000000008bf00000|  0%| F|  |TAMS 0x000000008be00000, 0x000000008be00000| Untracked 
|  93|0x000000008bf00000, 0x000000008bf00000, 0x000000008c000000|  0%| F|  |TAMS 0x000000008bf00000, 0x000000008bf00000| Untracked 
|  94|0x000000008c000000, 0x000000008c000000, 0x000000008c100000|  0%| F|  |TAMS 0x000000008c000000, 0x000000008c000000| Untracked 
|  95|0x000000008c100000, 0x000000008c100000, 0x000000008c200000|  0%| F|  |TAMS 0x000000008c100000, 0x000000008c100000| Untracked 
|  96|0x000000008c200000, 0x000000008c200000, 0x000000008c300000|  0%| F|  |TAMS 0x000000008c200000, 0x000000008c200000| Untracked 
|  97|0x000000008c300000, 0x000000008c300000, 0x000000008c400000|  0%| F|  |TAMS 0x000000008c300000, 0x000000008c300000| Untracked 
|  98|0x000000008c400000, 0x000000008c400000, 0x000000008c500000|  0%| F|  |TAMS 0x000000008c400000, 0x000000008c400000| Untracked 
|  99|0x000000008c500000, 0x000000008c600000, 0x000000008c600000|100%| S|CS|TAMS 0x000000008c500000, 0x000000008c500000| Complete 
| 100|0x000000008c600000, 0x000000008c700000, 0x000000008c700000|100%| S|CS|TAMS 0x000000008c600000, 0x000000008c600000| Complete 
| 101|0x000000008c700000, 0x000000008c800000, 0x000000008c800000|100%| S|CS|TAMS 0x000000008c700000, 0x000000008c700000| Complete 
| 102|0x000000008c800000, 0x000000008c900000, 0x000000008c900000|100%| S|CS|TAMS 0x000000008c800000, 0x000000008c800000| Complete 
| 103|0x000000008c900000, 0x000000008ca00000, 0x000000008ca00000|100%| S|CS|TAMS 0x000000008c900000, 0x000000008c900000| Complete 
| 104|0x000000008ca00000, 0x000000008cb00000, 0x000000008cb00000|100%| S|CS|TAMS 0x000000008ca00000, 0x000000008ca00000| Complete 
| 105|0x000000008cb00000, 0x000000008cb00000, 0x000000008cc00000|  0%| F|  |TAMS 0x000000008cb00000, 0x000000008cb00000| Untracked 
| 106|0x000000008cc00000, 0x000000008cc00000, 0x000000008cd00000|  0%| F|  |TAMS 0x000000008cc00000, 0x000000008cc00000| Untracked 
| 107|0x000000008cd00000, 0x000000008cd00000, 0x000000008ce00000|  0%| F|  |TAMS 0x000000008cd00000, 0x000000008cd00000| Untracked 
| 108|0x000000008ce00000, 0x000000008ce00000, 0x000000008cf00000|  0%| F|  |TAMS 0x000000008ce00000, 0x000000008ce00000| Untracked 
| 109|0x000000008cf00000, 0x000000008cf00000, 0x000000008d000000|  0%| F|  |TAMS 0x000000008cf00000, 0x000000008cf00000| Untracked 
| 110|0x000000008d000000, 0x000000008d000000, 0x000000008d100000|  0%| F|  |TAMS 0x000000008d000000, 0x000000008d000000| Untracked 
| 111|0x000000008d100000, 0x000000008d100000, 0x000000008d200000|  0%| F|  |TAMS 0x000000008d100000, 0x000000008d100000| Untracked 
| 112|0x000000008d200000, 0x000000008d200000, 0x000000008d300000|  0%| F|  |TAMS 0x000000008d200000, 0x000000008d200000| Untracked 
| 113|0x000000008d300000, 0x000000008d300000, 0x000000008d400000|  0%| F|  |TAMS 0x000000008d300000, 0x000000008d300000| Untracked 
| 114|0x000000008d400000, 0x000000008d400000, 0x000000008d500000|  0%| F|  |TAMS 0x000000008d400000, 0x000000008d400000| Untracked 
| 115|0x000000008d500000, 0x000000008d500000, 0x000000008d600000|  0%| F|  |TAMS 0x000000008d500000, 0x000000008d500000| Untracked 
| 116|0x000000008d600000, 0x000000008d600000, 0x000000008d700000|  0%| F|  |TAMS 0x000000008d600000, 0x000000008d600000| Untracked 
| 117|0x000000008d700000, 0x000000008d700000, 0x000000008d800000|  0%| F|  |TAMS 0x000000008d700000, 0x000000008d700000| Untracked 
| 118|0x000000008d800000, 0x000000008d800000, 0x000000008d900000|  0%| F|  |TAMS 0x000000008d800000, 0x000000008d800000| Untracked 
| 119|0x000000008d900000, 0x000000008d900000, 0x000000008da00000|  0%| F|  |TAMS 0x000000008d900000, 0x000000008d900000| Untracked 
| 120|0x000000008da00000, 0x000000008da00000, 0x000000008db00000|  0%| F|  |TAMS 0x000000008da00000, 0x000000008da00000| Untracked 
| 121|0x000000008db00000, 0x000000008db00000, 0x000000008dc00000|  0%| F|  |TAMS 0x000000008db00000, 0x000000008db00000| Untracked 
| 122|0x000000008dc00000, 0x000000008dc00000, 0x000000008dd00000|  0%| F|  |TAMS 0x000000008dc00000, 0x000000008dc00000| Untracked 
| 123|0x000000008dd00000, 0x000000008dd00000, 0x000000008de00000|  0%| F|  |TAMS 0x000000008dd00000, 0x000000008dd00000| Untracked 
| 124|0x000000008de00000, 0x000000008de00000, 0x000000008df00000|  0%| F|  |TAMS 0x000000008de00000, 0x000000008de00000| Untracked 
| 125|0x000000008df00000, 0x000000008df00000, 0x000000008e000000|  0%| F|  |TAMS 0x000000008df00000, 0x000000008df00000| Untracked 
| 126|0x000000008e000000, 0x000000008e000000, 0x000000008e100000|  0%| F|  |TAMS 0x000000008e000000, 0x000000008e000000| Untracked 
| 127|0x000000008e100000, 0x000000008e100000, 0x000000008e200000|  0%| F|  |TAMS 0x000000008e100000, 0x000000008e100000| Untracked 
| 128|0x000000008e200000, 0x000000008e200000, 0x000000008e300000|  0%| F|  |TAMS 0x000000008e200000, 0x000000008e200000| Untracked 
| 129|0x000000008e300000, 0x000000008e300000, 0x000000008e400000|  0%| F|  |TAMS 0x000000008e300000, 0x000000008e300000| Untracked 
| 130|0x000000008e400000, 0x000000008e400000, 0x000000008e500000|  0%| F|  |TAMS 0x000000008e400000, 0x000000008e400000| Untracked 
| 131|0x000000008e500000, 0x000000008e500000, 0x000000008e600000|  0%| F|  |TAMS 0x000000008e500000, 0x000000008e500000| Untracked 
| 132|0x000000008e600000, 0x000000008e600000, 0x000000008e700000|  0%| F|  |TAMS 0x000000008e600000, 0x000000008e600000| Untracked 
| 133|0x000000008e700000, 0x000000008e700000, 0x000000008e800000|  0%| F|  |TAMS 0x000000008e700000, 0x000000008e700000| Untracked 
| 134|0x000000008e800000, 0x000000008e800000, 0x000000008e900000|  0%| F|  |TAMS 0x000000008e800000, 0x000000008e800000| Untracked 
| 135|0x000000008e900000, 0x000000008e900000, 0x000000008ea00000|  0%| F|  |TAMS 0x000000008e900000, 0x000000008e900000| Untracked 
| 136|0x000000008ea00000, 0x000000008ea00000, 0x000000008eb00000|  0%| F|  |TAMS 0x000000008ea00000, 0x000000008ea00000| Untracked 
| 137|0x000000008eb00000, 0x000000008eb00000, 0x000000008ec00000|  0%| F|  |TAMS 0x000000008eb00000, 0x000000008eb00000| Untracked 
| 138|0x000000008ec00000, 0x000000008ec00000, 0x000000008ed00000|  0%| F|  |TAMS 0x000000008ec00000, 0x000000008ec00000| Untracked 
| 139|0x000000008ed00000, 0x000000008ed00000, 0x000000008ee00000|  0%| F|  |TAMS 0x000000008ed00000, 0x000000008ed00000| Untracked 
| 140|0x000000008ee00000, 0x000000008ee00000, 0x000000008ef00000|  0%| F|  |TAMS 0x000000008ee00000, 0x000000008ee00000| Untracked 
| 141|0x000000008ef00000, 0x000000008ef00000, 0x000000008f000000|  0%| F|  |TAMS 0x000000008ef00000, 0x000000008ef00000| Untracked 
| 142|0x000000008f000000, 0x000000008f000000, 0x000000008f100000|  0%| F|  |TAMS 0x000000008f000000, 0x000000008f000000| Untracked 
| 143|0x000000008f100000, 0x000000008f100000, 0x000000008f200000|  0%| F|  |TAMS 0x000000008f100000, 0x000000008f100000| Untracked 
| 144|0x000000008f200000, 0x000000008f200000, 0x000000008f300000|  0%| F|  |TAMS 0x000000008f200000, 0x000000008f200000| Untracked 
| 145|0x000000008f300000, 0x000000008f300000, 0x000000008f400000|  0%| F|  |TAMS 0x000000008f300000, 0x000000008f300000| Untracked 
| 146|0x000000008f400000, 0x000000008f400000, 0x000000008f500000|  0%| F|  |TAMS 0x000000008f400000, 0x000000008f400000| Untracked 
| 147|0x000000008f500000, 0x000000008f500000, 0x000000008f600000|  0%| F|  |TAMS 0x000000008f500000, 0x000000008f500000| Untracked 
| 148|0x000000008f600000, 0x000000008f600000, 0x000000008f700000|  0%| F|  |TAMS 0x000000008f600000, 0x000000008f600000| Untracked 
| 149|0x000000008f700000, 0x000000008f700000, 0x000000008f800000|  0%| F|  |TAMS 0x000000008f700000, 0x000000008f700000| Untracked 
| 150|0x000000008f800000, 0x000000008f800000, 0x000000008f900000|  0%| F|  |TAMS 0x000000008f800000, 0x000000008f800000| Untracked 
| 151|0x000000008f900000, 0x000000008f900000, 0x000000008fa00000|  0%| F|  |TAMS 0x000000008f900000, 0x000000008f900000| Untracked 
| 152|0x000000008fa00000, 0x000000008fa00000, 0x000000008fb00000|  0%| F|  |TAMS 0x000000008fa00000, 0x000000008fa00000| Untracked 
| 153|0x000000008fb00000, 0x000000008fb00000, 0x000000008fc00000|  0%| F|  |TAMS 0x000000008fb00000, 0x000000008fb00000| Untracked 
| 154|0x000000008fc00000, 0x000000008fc00000, 0x000000008fd00000|  0%| F|  |TAMS 0x000000008fc00000, 0x000000008fc00000| Untracked 
| 155|0x000000008fd00000, 0x000000008fd00000, 0x000000008fe00000|  0%| F|  |TAMS 0x000000008fd00000, 0x000000008fd00000| Untracked 
| 156|0x000000008fe00000, 0x000000008fe00000, 0x000000008ff00000|  0%| F|  |TAMS 0x000000008fe00000, 0x000000008fe00000| Untracked 
| 157|0x000000008ff00000, 0x000000008ff00000, 0x0000000090000000|  0%| F|  |TAMS 0x000000008ff00000, 0x000000008ff00000| Untracked 
| 158|0x0000000090000000, 0x0000000090000000, 0x0000000090100000|  0%| F|  |TAMS 0x0000000090000000, 0x0000000090000000| Untracked 
| 159|0x0000000090100000, 0x0000000090100000, 0x0000000090200000|  0%| F|  |TAMS 0x0000000090100000, 0x0000000090100000| Untracked 
| 160|0x0000000090200000, 0x0000000090200000, 0x0000000090300000|  0%| F|  |TAMS 0x0000000090200000, 0x0000000090200000| Untracked 
| 161|0x0000000090300000, 0x0000000090300000, 0x0000000090400000|  0%| F|  |TAMS 0x0000000090300000, 0x0000000090300000| Untracked 
| 162|0x0000000090400000, 0x0000000090400000, 0x0000000090500000|  0%| F|  |TAMS 0x0000000090400000, 0x0000000090400000| Untracked 
| 163|0x0000000090500000, 0x0000000090500000, 0x0000000090600000|  0%| F|  |TAMS 0x0000000090500000, 0x0000000090500000| Untracked 
| 164|0x0000000090600000, 0x0000000090600000, 0x0000000090700000|  0%| F|  |TAMS 0x0000000090600000, 0x0000000090600000| Untracked 
| 165|0x0000000090700000, 0x0000000090700000, 0x0000000090800000|  0%| F|  |TAMS 0x0000000090700000, 0x0000000090700000| Untracked 
| 166|0x0000000090800000, 0x0000000090800000, 0x0000000090900000|  0%| F|  |TAMS 0x0000000090800000, 0x0000000090800000| Untracked 
| 167|0x0000000090900000, 0x0000000090900000, 0x0000000090a00000|  0%| F|  |TAMS 0x0000000090900000, 0x0000000090900000| Untracked 
| 168|0x0000000090a00000, 0x0000000090a00000, 0x0000000090b00000|  0%| F|  |TAMS 0x0000000090a00000, 0x0000000090a00000| Untracked 
| 169|0x0000000090b00000, 0x0000000090b00000, 0x0000000090c00000|  0%| F|  |TAMS 0x0000000090b00000, 0x0000000090b00000| Untracked 
| 170|0x0000000090c00000, 0x0000000090c00000, 0x0000000090d00000|  0%| F|  |TAMS 0x0000000090c00000, 0x0000000090c00000| Untracked 
| 171|0x0000000090d00000, 0x0000000090d00000, 0x0000000090e00000|  0%| F|  |TAMS 0x0000000090d00000, 0x0000000090d00000| Untracked 
| 172|0x0000000090e00000, 0x0000000090e00000, 0x0000000090f00000|  0%| F|  |TAMS 0x0000000090e00000, 0x0000000090e00000| Untracked 
| 173|0x0000000090f00000, 0x0000000090f00000, 0x0000000091000000|  0%| F|  |TAMS 0x0000000090f00000, 0x0000000090f00000| Untracked 
| 174|0x0000000091000000, 0x0000000091000000, 0x0000000091100000|  0%| F|  |TAMS 0x0000000091000000, 0x0000000091000000| Untracked 
| 175|0x0000000091100000, 0x0000000091100000, 0x0000000091200000|  0%| F|  |TAMS 0x0000000091100000, 0x0000000091100000| Untracked 
| 176|0x0000000091200000, 0x0000000091200000, 0x0000000091300000|  0%| F|  |TAMS 0x0000000091200000, 0x0000000091200000| Untracked 
| 177|0x0000000091300000, 0x0000000091300000, 0x0000000091400000|  0%| F|  |TAMS 0x0000000091300000, 0x0000000091300000| Untracked 
| 178|0x0000000091400000, 0x0000000091400000, 0x0000000091500000|  0%| F|  |TAMS 0x0000000091400000, 0x0000000091400000| Untracked 

Card table byte_map: [0x00000191c8eb0000,0x00000191c9280000] _byte_map_base: 0x00000191c8a7f000

Marking Bits (Prev, Next): (CMBitMap*) 0x00000191b1b05ea0, (CMBitMap*) 0x00000191b1b05e60
 Prev Bits: [0x00000191cb4d0000, 0x00000191cd348000)
 Next Bits: [0x00000191c9650000, 0x00000191cb4c8000)

Polling page: 0x00000191af9f0000

Metaspace:

Usage:
  Non-class:     37.03 MB used.
      Class:      6.04 MB used.
       Both:     43.06 MB used.

Virtual space:
  Non-class space:       40.00 MB reserved,      37.25 MB ( 93%) committed,  5 nodes.
      Class space:        1.00 GB reserved,       6.25 MB ( <1%) committed,  1 nodes.
             Both:        1.04 GB reserved,      43.50 MB (  4%) committed. 

Chunk freelists:
   Non-Class:  2.64 MB
       Class:  1.73 MB
        Both:  4.37 MB

MaxMetaspaceSize: unlimited
CompressedClassSpaceSize: 1.00 GB
Initial GC threshold: 21.00 MB
Current GC threshold: 59.31 MB
CDS: on
MetaspaceReclaimPolicy: balanced
 - commit_granule_bytes: 65536.
 - commit_granule_words: 8192.
 - virtual_space_node_default_size: 1048576.
 - enlarge_chunks_in_place: 1.
 - new_chunks_are_fully_committed: 0.
 - uncommit_free_chunks: 1.
 - use_allocation_guard: 0.
 - handle_deallocations: 1.


Internal statistics:

num_allocs_failed_limit: 3.
num_arena_births: 416.
num_arena_deaths: 0.
num_vsnodes_births: 6.
num_vsnodes_deaths: 0.
num_space_committed: 696.
num_space_uncommitted: 0.
num_chunks_returned_to_freelist: 3.
num_chunks_taken_from_freelist: 1893.
num_chunk_merges: 3.
num_chunk_splits: 1229.
num_chunks_enlarged: 881.
num_purges: 0.
num_inconsistent_stats: 0.

CodeHeap 'non-profiled nmethods': size=120000Kb used=2917Kb max_used=2917Kb free=117082Kb
 bounds [0x00000191c1060000, 0x00000191c1340000, 0x00000191c8590000]
CodeHeap 'profiled nmethods': size=120000Kb used=12732Kb max_used=12732Kb free=107267Kb
 bounds [0x00000191b9b30000, 0x00000191ba7a0000, 0x00000191c1060000]
CodeHeap 'non-nmethods': size=5760Kb used=1573Kb max_used=1655Kb free=4186Kb
 bounds [0x00000191b9590000, 0x00000191b9800000, 0x00000191b9b30000]
 total_blobs=6972 nmethods=5997 adapters=887
 compilation: enabled
              stopped_count=0, restarted_count=0
 full_count=0

Compilation events (20 events):
Event: 4.210 Thread 0x00000191cffa0400 nmethod 6022 0x00000191c1337e10 code [0x00000191c1337fa0, 0x00000191c1338078]
Event: 4.210 Thread 0x00000191cffa0400 6029       3       com.sun.tools.javac.parser.UnicodeReader::isOneOf (30 bytes)
Event: 4.210 Thread 0x00000191cffa0400 nmethod 6029 0x00000191ba79d090 code [0x00000191ba79d240, 0x00000191ba79d7d8]
Event: 4.210 Thread 0x00000191cffa0400 6023       1       com.sun.tools.javac.util.List$1::isEmpty (2 bytes)
Event: 4.210 Thread 0x00000191cffa0400 nmethod 6023 0x00000191c1338110 code [0x00000191c13382a0, 0x00000191c1338378]
Event: 4.210 Thread 0x00000191cffa0400 6025       1       com.sun.tools.javac.parser.Tokens$NamedToken::name (5 bytes)
Event: 4.210 Thread 0x00000191cffa0400 nmethod 6025 0x00000191c1338410 code [0x00000191c13385a0, 0x00000191c1338678]
Event: 4.210 Thread 0x00000191cffa0400 6030       3       com.sun.tools.javac.tree.JCTree::<init> (5 bytes)
Event: 4.210 Thread 0x00000191cffa0400 nmethod 6030 0x00000191ba79d910 code [0x00000191ba79daa0, 0x00000191ba79dbf8]
Event: 4.210 Thread 0x00000191cffa0400 6031       3       com.sun.tools.javac.tree.TreeMaker::at (7 bytes)
Event: 4.210 Thread 0x00000191cffa0400 nmethod 6031 0x00000191ba79dc90 code [0x00000191ba79de20, 0x00000191ba79df38]
Event: 4.210 Thread 0x00000191cffa0400 6032       3       com.sun.tools.javac.parser.JavacParser::toP (9 bytes)
Event: 4.211 Thread 0x00000191cffa0400 nmethod 6032 0x00000191ba79e010 code [0x00000191ba79e1e0, 0x00000191ba79e508]
Event: 4.211 Thread 0x00000191cffa0400 6033       3       java.lang.StringBuilder::setLength (6 bytes)
Event: 4.211 Thread 0x00000191cffa0400 nmethod 6033 0x00000191ba79e710 code [0x00000191ba79e8a0, 0x00000191ba79e9e8]
Event: 4.211 Thread 0x00000191cffa0400 6034       3       com.sun.tools.javac.parser.Scanner::token (30 bytes)
Event: 4.211 Thread 0x00000191cffa0400 nmethod 6034 0x00000191ba79ea90 code [0x00000191ba79ec60, 0x00000191ba79efd8]
Event: 4.211 Thread 0x00000191cffa0400 6038   !   3       com.sun.tools.javac.parser.JavaTokenizer::readToken (1731 bytes)
Event: 4.217 Thread 0x00000191cff9fe40 nmethod 5960 0x00000191c1338710 code [0x00000191c13388e0, 0x00000191c1339208]
Event: 4.217 Thread 0x00000191cff9fe40 6042   !   4       java.util.concurrent.ConcurrentHashMap::putVal (432 bytes)

GC Heap History (20 events):
Event: 3.428 GC heap after
{Heap after GC invocations=14 (full 0):
 garbage-first heap   total 61440K, used 40629K [0x0000000086200000, 0x0000000100000000)
  region size 1024K, 1 young (1024K), 1 survivors (1024K)
 Metaspace       used 36057K, committed 36416K, reserved 1081344K
  class space    used 5231K, committed 5376K, reserved 1048576K
}
Event: 3.440 GC heap before
{Heap before GC invocations=14 (full 0):
 garbage-first heap   total 61440K, used 47797K [0x0000000086200000, 0x0000000100000000)
  region size 1024K, 9 young (9216K), 1 survivors (1024K)
 Metaspace       used 36101K, committed 36416K, reserved 1081344K
  class space    used 5233K, committed 5376K, reserved 1048576K
}
Event: 3.442 GC heap after
{Heap after GC invocations=15 (full 0):
 garbage-first heap   total 120832K, used 40591K [0x0000000086200000, 0x0000000100000000)
  region size 1024K, 1 young (1024K), 1 survivors (1024K)
 Metaspace       used 36101K, committed 36416K, reserved 1081344K
  class space    used 5233K, committed 5376K, reserved 1048576K
}
Event: 3.492 GC heap before
{Heap before GC invocations=16 (full 0):
 garbage-first heap   total 120832K, used 80527K [0x0000000086200000, 0x0000000100000000)
  region size 1024K, 41 young (41984K), 1 survivors (1024K)
 Metaspace       used 36231K, committed 36544K, reserved 1081344K
  class space    used 5239K, committed 5376K, reserved 1048576K
}
Event: 3.493 GC heap after
{Heap after GC invocations=17 (full 0):
 garbage-first heap   total 120832K, used 41765K [0x0000000086200000, 0x0000000100000000)
  region size 1024K, 3 young (3072K), 3 survivors (3072K)
 Metaspace       used 36231K, committed 36544K, reserved 1081344K
  class space    used 5239K, committed 5376K, reserved 1048576K
}
Event: 3.546 GC heap before
{Heap before GC invocations=17 (full 0):
 garbage-first heap   total 120832K, used 88869K [0x0000000086200000, 0x0000000100000000)
  region size 1024K, 50 young (51200K), 3 survivors (3072K)
 Metaspace       used 36368K, committed 36736K, reserved 1081344K
  class space    used 5251K, committed 5440K, reserved 1048576K
}
Event: 3.548 GC heap after
{Heap after GC invocations=18 (full 0):
 garbage-first heap   total 120832K, used 43365K [0x0000000086200000, 0x0000000100000000)
  region size 1024K, 4 young (4096K), 4 survivors (4096K)
 Metaspace       used 36368K, committed 36736K, reserved 1081344K
  class space    used 5251K, committed 5440K, reserved 1048576K
}
Event: 3.606 GC heap before
{Heap before GC invocations=18 (full 0):
 garbage-first heap   total 120832K, used 92517K [0x0000000086200000, 0x0000000100000000)
  region size 1024K, 53 young (54272K), 4 survivors (4096K)
 Metaspace       used 36540K, committed 36864K, reserved 1081344K
  class space    used 5272K, committed 5440K, reserved 1048576K
}
Event: 3.610 GC heap after
{Heap after GC invocations=19 (full 0):
 garbage-first heap   total 120832K, used 45081K [0x0000000086200000, 0x0000000100000000)
  region size 1024K, 6 young (6144K), 6 survivors (6144K)
 Metaspace       used 36540K, committed 36864K, reserved 1081344K
  class space    used 5272K, committed 5440K, reserved 1048576K
}
Event: 3.662 GC heap before
{Heap before GC invocations=19 (full 0):
 garbage-first heap   total 120832K, used 94233K [0x0000000086200000, 0x0000000100000000)
  region size 1024K, 55 young (56320K), 6 survivors (6144K)
 Metaspace       used 36744K, committed 37120K, reserved 1081344K
  class space    used 5299K, committed 5440K, reserved 1048576K
}
Event: 3.665 GC heap after
{Heap after GC invocations=20 (full 0):
 garbage-first heap   total 120832K, used 46660K [0x0000000086200000, 0x0000000100000000)
  region size 1024K, 5 young (5120K), 5 survivors (5120K)
 Metaspace       used 36744K, committed 37120K, reserved 1081344K
  class space    used 5299K, committed 5440K, reserved 1048576K
}
Event: 3.708 GC heap before
{Heap before GC invocations=20 (full 0):
 garbage-first heap   total 120832K, used 95812K [0x0000000086200000, 0x0000000100000000)
  region size 1024K, 54 young (55296K), 5 survivors (5120K)
 Metaspace       used 37304K, committed 37632K, reserved 1089536K
  class space    used 5374K, committed 5504K, reserved 1048576K
}
Event: 3.711 GC heap after
{Heap after GC invocations=21 (full 0):
 garbage-first heap   total 183296K, used 48051K [0x0000000086200000, 0x0000000100000000)
  region size 1024K, 5 young (5120K), 5 survivors (5120K)
 Metaspace       used 37304K, committed 37632K, reserved 1089536K
  class space    used 5374K, committed 5504K, reserved 1048576K
}
Event: 3.793 GC heap before
{Heap before GC invocations=21 (full 0):
 garbage-first heap   total 183296K, used 148403K [0x0000000086200000, 0x0000000100000000)
  region size 1024K, 104 young (106496K), 5 survivors (5120K)
 Metaspace       used 38106K, committed 38464K, reserved 1089536K
  class space    used 5469K, committed 5632K, reserved 1048576K
}
Event: 3.797 GC heap after
{Heap after GC invocations=22 (full 0):
 garbage-first heap   total 183296K, used 51303K [0x0000000086200000, 0x0000000100000000)
  region size 1024K, 9 young (9216K), 9 survivors (9216K)
 Metaspace       used 38106K, committed 38464K, reserved 1089536K
  class space    used 5469K, committed 5632K, reserved 1048576K
}
Event: 3.888 GC heap before
{Heap before GC invocations=22 (full 0):
 garbage-first heap   total 183296K, used 147559K [0x0000000086200000, 0x0000000100000000)
  region size 1024K, 104 young (106496K), 9 survivors (9216K)
 Metaspace       used 39797K, committed 40192K, reserved 1089536K
  class space    used 5706K, committed 5888K, reserved 1048576K
}
Event: 3.892 GC heap after
{Heap after GC invocations=23 (full 0):
 garbage-first heap   total 183296K, used 54149K [0x0000000086200000, 0x0000000100000000)
  region size 1024K, 10 young (10240K), 10 survivors (10240K)
 Metaspace       used 39797K, committed 40192K, reserved 1089536K
  class space    used 5706K, committed 5888K, reserved 1048576K
}
Event: 4.174 GC heap before
{Heap before GC invocations=23 (full 0):
 garbage-first heap   total 183296K, used 149381K [0x0000000086200000, 0x0000000100000000)
  region size 1024K, 104 young (106496K), 10 survivors (10240K)
 Metaspace       used 43796K, committed 44160K, reserved 1089536K
  class space    used 6164K, committed 6336K, reserved 1048576K
}
Event: 4.189 GC heap after
{Heap after GC invocations=24 (full 0):
 garbage-first heap   total 183296K, used 67705K [0x0000000086200000, 0x0000000100000000)
  region size 1024K, 13 young (13312K), 13 survivors (13312K)
 Metaspace       used 43796K, committed 44160K, reserved 1089536K
  class space    used 6164K, committed 6336K, reserved 1048576K
}
Event: 4.229 GC heap before
{Heap before GC invocations=24 (full 0):
 garbage-first heap   total 183296K, used 142457K [0x0000000086200000, 0x0000000100000000)
  region size 1024K, 87 young (89088K), 13 survivors (13312K)
 Metaspace       used 44098K, committed 44544K, reserved 1089536K
  class space    used 6183K, committed 6400K, reserved 1048576K
}

Deoptimization events (20 events):
Event: 4.194 Thread 0x00000191d8ac1730 Uncommon trap: trap_request=0xffffff45 fr.pc=0x00000191c10e53ac relative=0x000000000000010c
Event: 4.194 Thread 0x00000191d8ac1730 Uncommon trap: reason=unstable_if action=reinterpret pc=0x00000191c10e53ac method=java.lang.CharacterDataLatin1.digit(II)I @ 12 c2
Event: 4.194 Thread 0x00000191d8ac1730 DEOPT PACKING pc=0x00000191c10e53ac sp=0x000000272d6fe8e0
Event: 4.194 Thread 0x00000191d8ac1730 DEOPT UNPACKING pc=0x00000191b95e23a3 sp=0x000000272d6fe798 mode 2
Event: 4.214 Thread 0x00000191d8ac5f60 Uncommon trap: trap_request=0xffffff45 fr.pc=0x00000191c12c0e08 relative=0x00000000000003c8
Event: 4.214 Thread 0x00000191d8ac3410 Uncommon trap: trap_request=0xffffff45 fr.pc=0x00000191c12c0e08 relative=0x00000000000003c8
Event: 4.214 Thread 0x00000191d8ac55c0 Uncommon trap: trap_request=0xffffff45 fr.pc=0x00000191c12c0e08 relative=0x00000000000003c8
Event: 4.214 Thread 0x00000191d8ac5f60 Uncommon trap: reason=unstable_if action=reinterpret pc=0x00000191c12c0e08 method=java.util.concurrent.ConcurrentHashMap.addCount(JI)V @ 68 c2
Event: 4.214 Thread 0x00000191d8ac3410 Uncommon trap: reason=unstable_if action=reinterpret pc=0x00000191c12c0e08 method=java.util.concurrent.ConcurrentHashMap.addCount(JI)V @ 68 c2
Event: 4.214 Thread 0x00000191d8ac55c0 Uncommon trap: reason=unstable_if action=reinterpret pc=0x00000191c12c0e08 method=java.util.concurrent.ConcurrentHashMap.addCount(JI)V @ 68 c2
Event: 4.214 Thread 0x00000191d8ac6430 Uncommon trap: trap_request=0xffffff45 fr.pc=0x00000191c12c0e08 relative=0x00000000000003c8
Event: 4.214 Thread 0x00000191d8ac3410 DEOPT PACKING pc=0x00000191c12c0e08 sp=0x000000272cffecc0
Event: 4.214 Thread 0x00000191d8ac6430 Uncommon trap: reason=unstable_if action=reinterpret pc=0x00000191c12c0e08 method=java.util.concurrent.ConcurrentHashMap.addCount(JI)V @ 68 c2
Event: 4.214 Thread 0x00000191d8ac3410 DEOPT UNPACKING pc=0x00000191b95e23a3 sp=0x000000272cffec00 mode 2
Event: 4.214 Thread 0x00000191d8ac5f60 DEOPT PACKING pc=0x00000191c12c0e08 sp=0x000000272d0fe850
Event: 4.214 Thread 0x00000191d8ac5f60 DEOPT UNPACKING pc=0x00000191b95e23a3 sp=0x000000272d0fe790 mode 2
Event: 4.214 Thread 0x00000191d8ac55c0 DEOPT PACKING pc=0x00000191c12c0e08 sp=0x000000272cefe710
Event: 4.214 Thread 0x00000191d8ac55c0 DEOPT UNPACKING pc=0x00000191b95e23a3 sp=0x000000272cefe650 mode 2
Event: 4.214 Thread 0x00000191d8ac6430 DEOPT PACKING pc=0x00000191c12c0e08 sp=0x000000272d2fe7e0
Event: 4.214 Thread 0x00000191d8ac6430 DEOPT UNPACKING pc=0x00000191b95e23a3 sp=0x000000272d2fe720 mode 2

Classes unloaded (0 events):
No events

Classes redefined (0 events):
No events

Internal exceptions (20 events):
Event: 3.972 Thread 0x00000191d0a20940 Exception <a 'java/lang/NoSuchMethodError'{0x00000000909cb048}: 'java.lang.Object java.lang.invoke.DirectMethodHandle$Holder.invokeSpecial(java.lang.Object, java.lang.Object, int, java.lang.Object, java.lang.Object)'> (0x00000000909cb048) 
thrown [s\src\hotspot\share\interpreter\linkResolver.cpp, line 759]
Event: 3.998 Thread 0x00000191d0a1e790 Exception <a 'java/lang/ClassNotFoundException'{0x0000000090787f18}: sun/net/www/protocol/c/Handler> (0x0000000090787f18) 
thrown [s\src\hotspot\share\classfile\systemDictionary.cpp, line 256]
Event: 3.999 Thread 0x00000191d0a1e790 Exception <a 'java/lang/ClassNotFoundException'{0x0000000090789e30}: sun/net/www/protocol/c/Handler> (0x0000000090789e30) 
thrown [s\src\hotspot\share\classfile\systemDictionary.cpp, line 256]
Event: 3.999 Thread 0x00000191d0a1e790 Exception <a 'java/lang/ClassNotFoundException'{0x000000009078bde8}: sun/net/www/protocol/c/Handler> (0x000000009078bde8) 
thrown [s\src\hotspot\share\classfile\systemDictionary.cpp, line 256]
Event: 3.999 Thread 0x00000191d0a1e790 Exception <a 'java/lang/ClassNotFoundException'{0x000000009078ddd0}: sun/net/www/protocol/c/Handler> (0x000000009078ddd0) 
thrown [s\src\hotspot\share\classfile\systemDictionary.cpp, line 256]
Event: 3.999 Thread 0x00000191d0a1e790 Exception <a 'java/lang/ClassNotFoundException'{0x00000000907b1cd0}: sun/net/www/protocol/c/Handler> (0x00000000907b1cd0) 
thrown [s\src\hotspot\share\classfile\systemDictionary.cpp, line 256]
Event: 3.999 Thread 0x00000191d0a1e790 Exception <a 'java/lang/ClassNotFoundException'{0x00000000907b3cc0}: sun/net/www/protocol/c/Handler> (0x00000000907b3cc0) 
thrown [s\src\hotspot\share\classfile\systemDictionary.cpp, line 256]
Event: 3.999 Thread 0x00000191d0a1e790 Exception <a 'java/lang/ClassNotFoundException'{0x00000000907b5cd8}: sun/net/www/protocol/c/Handler> (0x00000000907b5cd8) 
thrown [s\src\hotspot\share\classfile\systemDictionary.cpp, line 256]
Event: 3.999 Thread 0x00000191d0a1e790 Exception <a 'java/lang/ClassNotFoundException'{0x00000000907b7d08}: sun/net/www/protocol/c/Handler> (0x00000000907b7d08) 
thrown [s\src\hotspot\share\classfile\systemDictionary.cpp, line 256]
Event: 3.999 Thread 0x00000191d0a1e790 Exception <a 'java/lang/ClassNotFoundException'{0x00000000907b9cf8}: sun/net/www/protocol/c/Handler> (0x00000000907b9cf8) 
thrown [s\src\hotspot\share\classfile\systemDictionary.cpp, line 256]
Event: 4.000 Thread 0x00000191d0a1e790 Exception <a 'java/lang/ClassNotFoundException'{0x00000000907bbcb0}: sun/net/www/protocol/c/Handler> (0x00000000907bbcb0) 
thrown [s\src\hotspot\share\classfile\systemDictionary.cpp, line 256]
Event: 4.000 Thread 0x00000191d0a1e790 Exception <a 'java/lang/ClassNotFoundException'{0x00000000907bdc70}: sun/net/www/protocol/c/Handler> (0x00000000907bdc70) 
thrown [s\src\hotspot\share\classfile\systemDictionary.cpp, line 256]
Event: 4.000 Thread 0x00000191d0a1e790 Exception <a 'java/lang/ClassNotFoundException'{0x00000000907bfc30}: sun/net/www/protocol/c/Handler> (0x00000000907bfc30) 
thrown [s\src\hotspot\share\classfile\systemDictionary.cpp, line 256]
Event: 4.075 Thread 0x00000191d8ac1730 Exception <a 'java/lang/NoSuchMethodError'{0x000000008f1b7ec8}: 'java.lang.Object java.lang.invoke.DirectMethodHandle$Holder.newInvokeSpecial(java.lang.Object, java.lang.Object, java.lang.Object, java.lang.Object, java.lang.Object, java.lang.Object)'> (0x000000008f1b7ec8) 
thrown [s\src\hotspot\share\interpreter\linkResolver.cpp, line 759]
Event: 4.107 Thread 0x00000191d8ac1730 Exception <a 'sun/nio/fs/WindowsException'{0x000000008e376460}> (0x000000008e376460) 
thrown [s\src\hotspot\share\prims\jni.cpp, line 516]
Event: 4.107 Thread 0x00000191d8ac1730 Exception <a 'sun/nio/fs/WindowsException'{0x000000008e3766a0}> (0x000000008e3766a0) 
thrown [s\src\hotspot\share\prims\jni.cpp, line 516]
Event: 4.214 Thread 0x00000191d8ac5f60 Implicit null exception at 0x00000191c12c0bee to 0x00000191c12c0dec
Event: 4.214 Thread 0x00000191d8ac3410 Implicit null exception at 0x00000191c12c0bee to 0x00000191c12c0dec
Event: 4.214 Thread 0x00000191d8ac55c0 Implicit null exception at 0x00000191c12c0bee to 0x00000191c12c0dec
Event: 4.214 Thread 0x00000191d8ac6430 Implicit null exception at 0x00000191c12c0bee to 0x00000191c12c0dec

VM Operations (20 events):
Event: 3.708 Executing VM operation: G1CollectForAllocation done
Event: 3.708 Executing VM operation: G1CollectForAllocation
Event: 3.711 Executing VM operation: G1CollectForAllocation done
Event: 3.792 Executing VM operation: G1CollectForAllocation
Event: 3.793 Executing VM operation: G1CollectForAllocation done
Event: 3.793 Executing VM operation: G1CollectForAllocation
Event: 3.797 Executing VM operation: G1CollectForAllocation done
Event: 3.887 Executing VM operation: G1CollectForAllocation
Event: 3.892 Executing VM operation: G1CollectForAllocation done
Event: 3.965 Executing VM operation: HandshakeAllThreads
Event: 3.965 Executing VM operation: HandshakeAllThreads done
Event: 4.002 Executing VM operation: HandshakeAllThreads
Event: 4.002 Executing VM operation: HandshakeAllThreads done
Event: 4.102 Executing VM operation: ICBufferFull
Event: 4.102 Executing VM operation: ICBufferFull done
Event: 4.109 Executing VM operation: HandshakeAllThreads
Event: 4.110 Executing VM operation: HandshakeAllThreads done
Event: 4.173 Executing VM operation: G1CollectForAllocation
Event: 4.189 Executing VM operation: G1CollectForAllocation done
Event: 4.229 Executing VM operation: G1CollectForAllocation

Events (20 events):
Event: 4.036 loading class java/util/function/UnaryOperator
Event: 4.036 loading class java/util/function/UnaryOperator done
Event: 4.036 loading class java/util/stream/LongStream
Event: 4.037 loading class java/util/stream/LongStream done
Event: 4.108 loading class jdk/internal/jrtfs/JrtFileSystem
Event: 4.109 loading class jdk/internal/jrtfs/JrtFileSystem done
Event: 4.110 loading class jdk/internal/jrtfs/JrtPath
Event: 4.111 loading class jdk/internal/jrtfs/JrtPath done
Event: 4.111 loading class jdk/internal/jrtfs/SystemImage
Event: 4.112 loading class jdk/internal/jrtfs/SystemImage done
Event: 4.113 loading class jdk/internal/jrtfs/SystemImage$2
Event: 4.114 loading class jdk/internal/jrtfs/SystemImage$2 done
Event: 4.118 loading class jdk/internal/jrtfs/SystemImage$1
Event: 4.118 loading class jdk/internal/jrtfs/SystemImage$1 done
Event: 4.154 loading class java/net/URLClassLoader$3
Event: 4.154 loading class java/net/URLClassLoader$3 done
Event: 4.154 loading class java/net/URLClassLoader$3$1
Event: 4.154 loading class java/net/URLClassLoader$3$1 done
Event: 4.209 loading class java/util/regex/Pattern$Caret
Event: 4.209 loading class java/util/regex/Pattern$Caret done


Dynamic libraries:
0x00007ff6ba260000 - 0x00007ff6ba26e000 	C:\Program Files\Greenfoot\jdk\bin\javaw.exe
0x00007ff9bc470000 - 0x00007ff9bc687000 	C:\Windows\SYSTEM32\ntdll.dll
0x00007ff9ba4f0000 - 0x00007ff9ba5b4000 	C:\Windows\System32\KERNEL32.DLL
0x00007ff9b9d50000 - 0x00007ff9ba0f6000 	C:\Windows\System32\KERNELBASE.dll
0x00007ff9b9910000 - 0x00007ff9b9a21000 	C:\Windows\System32\ucrtbase.dll
0x00007ff9a8040000 - 0x00007ff9a8058000 	C:\Program Files\Greenfoot\jdk\bin\jli.dll
0x00007ff9a8020000 - 0x00007ff9a8039000 	C:\Program Files\Greenfoot\jdk\bin\VCRUNTIME140.dll
0x00007ff9bb8c0000 - 0x00007ff9bba6d000 	C:\Windows\System32\USER32.dll
0x00007ff9ba1a0000 - 0x00007ff9ba1c6000 	C:\Windows\System32\win32u.dll
0x00007ff9bbd50000 - 0x00007ff9bbd79000 	C:\Windows\System32\GDI32.dll
0x00007ff9984c0000 - 0x00007ff998753000 	C:\Windows\WinSxS\amd64_microsoft.windows.common-controls_6595b64144ccf1df_6.0.22621.2361_none_2712ced57382f843\COMCTL32.dll
0x00007ff9b97f0000 - 0x00007ff9b9908000 	C:\Windows\System32\gdi32full.dll
0x00007ff9ba100000 - 0x00007ff9ba19a000 	C:\Windows\System32\msvcp_win.dll
0x00007ff9ba5c0000 - 0x00007ff9ba667000 	C:\Windows\System32\msvcrt.dll
0x00007ff9ba1d0000 - 0x00007ff9ba201000 	C:\Windows\System32\IMM32.DLL
0x00007ff9b6a40000 - 0x00007ff9b6a4c000 	C:\Program Files\Greenfoot\jdk\bin\vcruntime140_1.dll
0x00007ff988cb0000 - 0x00007ff988d41000 	C:\Program Files\Greenfoot\jdk\bin\msvcp140.dll
0x00007ff9676a0000 - 0x00007ff9682e6000 	C:\Program Files\Greenfoot\jdk\bin\server\jvm.dll
0x00007ff9ba210000 - 0x00007ff9ba2c0000 	C:\Windows\System32\ADVAPI32.dll
0x00007ff9bc280000 - 0x00007ff9bc326000 	C:\Windows\System32\sechost.dll
0x00007ff9ba2c0000 - 0x00007ff9ba3d7000 	C:\Windows\System32\RPCRT4.dll
0x00007ff9ba810000 - 0x00007ff9ba818000 	C:\Windows\System32\PSAPI.DLL
0x00007ff9b4530000 - 0x00007ff9b4539000 	C:\Windows\SYSTEM32\WSOCK32.dll
0x00007ff9b4160000 - 0x00007ff9b416a000 	C:\Windows\SYSTEM32\VERSION.dll
0x00007ff9959f0000 - 0x00007ff995a24000 	C:\Windows\SYSTEM32\WINMM.dll
0x00007ff9ba850000 - 0x00007ff9ba8c1000 	C:\Windows\System32\WS2_32.dll
0x00007ff9b8790000 - 0x00007ff9b87a8000 	C:\Windows\SYSTEM32\kernel.appcore.dll
0x00007ff9b3e00000 - 0x00007ff9b3e0a000 	C:\Program Files\Greenfoot\jdk\bin\jimage.dll
0x00007ff9a7cb0000 - 0x00007ff9a7ede000 	C:\Windows\SYSTEM32\DBGHELP.DLL
0x00007ff9bbdf0000 - 0x00007ff9bc17a000 	C:\Windows\System32\combase.dll
0x00007ff9bc1a0000 - 0x00007ff9bc277000 	C:\Windows\System32\OLEAUT32.dll
0x00007ff9a7b30000 - 0x00007ff9a7b62000 	C:\Windows\SYSTEM32\dbgcore.DLL
0x00007ff9b9a30000 - 0x00007ff9b9aaa000 	C:\Windows\System32\bcryptPrimitives.dll
0x00007ff9a07f0000 - 0x00007ff9a0815000 	C:\Program Files\Greenfoot\jdk\bin\java.dll
0x00007ff970bd0000 - 0x00007ff970ca6000 	C:\Program Files\Greenfoot\jdk\bin\jsvml.dll
0x00007ff9bb060000 - 0x00007ff9bb8b8000 	C:\Windows\System32\SHELL32.dll
0x00007ff9b7700000 - 0x00007ff9b7ff2000 	C:\Windows\SYSTEM32\windows.storage.dll
0x00007ff9b75c0000 - 0x00007ff9b76fe000 	C:\Windows\SYSTEM32\wintypes.dll
0x00007ff9bbbc0000 - 0x00007ff9bbcb3000 	C:\Windows\System32\SHCORE.dll
0x00007ff9ba8d0000 - 0x00007ff9ba92e000 	C:\Windows\System32\shlwapi.dll
0x00007ff9b9720000 - 0x00007ff9b9746000 	C:\Windows\SYSTEM32\profapi.dll
0x00007ff9a07d0000 - 0x00007ff9a07e9000 	C:\Program Files\Greenfoot\jdk\bin\net.dll
0x00007ff9b3c90000 - 0x00007ff9b3dc7000 	C:\Windows\SYSTEM32\WINHTTP.dll
0x00007ff9b8c60000 - 0x00007ff9b8cc9000 	C:\Windows\system32\mswsock.dll
0x00007ff9a07b0000 - 0x00007ff9a07c5000 	C:\Program Files\Greenfoot\jdk\bin\nio.dll
0x00007ff9a0790000 - 0x00007ff9a07a8000 	C:\Program Files\Greenfoot\jdk\bin\zip.dll
0x00000191afab0000 - 0x00000191afab3000 	C:\Users\Pañol\.openjfx\cache\20.0.1+2\amd64\api-ms-win-core-console-l1-1-0.dll
0x00000191afac0000 - 0x00000191afac3000 	C:\Users\Pañol\.openjfx\cache\20.0.1+2\amd64\api-ms-win-core-console-l1-2-0.dll
0x00000191b19b0000 - 0x00000191b19b3000 	C:\Users\Pañol\.openjfx\cache\20.0.1+2\amd64\api-ms-win-core-datetime-l1-1-0.dll
0x00000191b19c0000 - 0x00000191b19c3000 	C:\Users\Pañol\.openjfx\cache\20.0.1+2\amd64\api-ms-win-core-debug-l1-1-0.dll
0x00000191b19d0000 - 0x00000191b19d3000 	C:\Users\Pañol\.openjfx\cache\20.0.1+2\amd64\api-ms-win-core-errorhandling-l1-1-0.dll
0x00000191b19e0000 - 0x00000191b19e4000 	C:\Users\Pañol\.openjfx\cache\20.0.1+2\amd64\api-ms-win-core-file-l1-1-0.dll
0x00000191b19f0000 - 0x00000191b19f3000 	C:\Users\Pañol\.openjfx\cache\20.0.1+2\amd64\api-ms-win-core-file-l1-2-0.dll
0x00000191b1a00000 - 0x00000191b1a03000 	C:\Users\Pañol\.openjfx\cache\20.0.1+2\amd64\api-ms-win-core-file-l2-1-0.dll
0x00000191b1a10000 - 0x00000191b1a13000 	C:\Users\Pañol\.openjfx\cache\20.0.1+2\amd64\api-ms-win-core-handle-l1-1-0.dll
0x00000191b1a20000 - 0x00000191b1a23000 	C:\Users\Pañol\.openjfx\cache\20.0.1+2\amd64\api-ms-win-core-heap-l1-1-0.dll
0x00000191b1a30000 - 0x00000191b1a33000 	C:\Users\Pañol\.openjfx\cache\20.0.1+2\amd64\api-ms-win-core-interlocked-l1-1-0.dll
0x00000191b1a40000 - 0x00000191b1a43000 	C:\Users\Pañol\.openjfx\cache\20.0.1+2\amd64\api-ms-win-core-libraryloader-l1-1-0.dll
0x00000191b1a50000 - 0x00000191b1a53000 	C:\Users\Pañol\.openjfx\cache\20.0.1+2\amd64\api-ms-win-core-localization-l1-2-0.dll
0x00000191b1a60000 - 0x00000191b1a63000 	C:\Users\Pañol\.openjfx\cache\20.0.1+2\amd64\api-ms-win-core-memory-l1-1-0.dll
0x00000191b1a70000 - 0x00000191b1a73000 	C:\Users\Pañol\.openjfx\cache\20.0.1+2\amd64\api-ms-win-core-namedpipe-l1-1-0.dll
0x00000191cfff0000 - 0x00000191cfff3000 	C:\Users\Pañol\.openjfx\cache\20.0.1+2\amd64\api-ms-win-core-processenvironment-l1-1-0.dll
0x00000191d16b0000 - 0x00000191d16b3000 	C:\Users\Pañol\.openjfx\cache\20.0.1+2\amd64\api-ms-win-core-processthreads-l1-1-0.dll
0x00000191d16c0000 - 0x00000191d16c3000 	C:\Users\Pañol\.openjfx\cache\20.0.1+2\amd64\api-ms-win-core-processthreads-l1-1-1.dll
0x00000191d16d0000 - 0x00000191d16d3000 	C:\Users\Pañol\.openjfx\cache\20.0.1+2\amd64\api-ms-win-core-profile-l1-1-0.dll
0x00000191d16e0000 - 0x00000191d16e3000 	C:\Users\Pañol\.openjfx\cache\20.0.1+2\amd64\api-ms-win-core-rtlsupport-l1-1-0.dll
0x00000191d16f0000 - 0x00000191d16f3000 	C:\Users\Pañol\.openjfx\cache\20.0.1+2\amd64\api-ms-win-core-string-l1-1-0.dll
0x00000191d1700000 - 0x00000191d1703000 	C:\Users\Pañol\.openjfx\cache\20.0.1+2\amd64\api-ms-win-core-synch-l1-1-0.dll
0x00000191d1710000 - 0x00000191d1713000 	C:\Users\Pañol\.openjfx\cache\20.0.1+2\amd64\api-ms-win-core-synch-l1-2-0.dll
0x00000191d1720000 - 0x00000191d1723000 	C:\Users\Pañol\.openjfx\cache\20.0.1+2\amd64\api-ms-win-core-sysinfo-l1-1-0.dll
0x00000191d1730000 - 0x00000191d1733000 	C:\Users\Pañol\.openjfx\cache\20.0.1+2\amd64\api-ms-win-core-timezone-l1-1-0.dll
0x00000191d1740000 - 0x00000191d1743000 	C:\Users\Pañol\.openjfx\cache\20.0.1+2\amd64\api-ms-win-core-util-l1-1-0.dll
0x00000191d1750000 - 0x00000191d1753000 	C:\Users\Pañol\.openjfx\cache\20.0.1+2\amd64\api-ms-win-crt-conio-l1-1-0.dll
0x00000191d1760000 - 0x00000191d1764000 	C:\Users\Pañol\.openjfx\cache\20.0.1+2\amd64\api-ms-win-crt-convert-l1-1-0.dll
0x00000191d1770000 - 0x00000191d1773000 	C:\Users\Pañol\.openjfx\cache\20.0.1+2\amd64\api-ms-win-crt-environment-l1-1-0.dll
0x00000191d1780000 - 0x00000191d1783000 	C:\Users\Pañol\.openjfx\cache\20.0.1+2\amd64\api-ms-win-crt-filesystem-l1-1-0.dll
0x00000191d1790000 - 0x00000191d1793000 	C:\Users\Pañol\.openjfx\cache\20.0.1+2\amd64\api-ms-win-crt-heap-l1-1-0.dll
0x00000191d17a0000 - 0x00000191d17a3000 	C:\Users\Pañol\.openjfx\cache\20.0.1+2\amd64\api-ms-win-crt-locale-l1-1-0.dll
0x00000191d17b0000 - 0x00000191d17b5000 	C:\Users\Pañol\.openjfx\cache\20.0.1+2\amd64\api-ms-win-crt-math-l1-1-0.dll
0x00000191d17c0000 - 0x00000191d17c5000 	C:\Users\Pañol\.openjfx\cache\20.0.1+2\amd64\api-ms-win-crt-multibyte-l1-1-0.dll
0x00000191d17d0000 - 0x00000191d17e0000 	C:\Users\Pañol\.openjfx\cache\20.0.1+2\amd64\api-ms-win-crt-private-l1-1-0.dll
0x00000191d17e0000 - 0x00000191d17e3000 	C:\Users\Pañol\.openjfx\cache\20.0.1+2\amd64\api-ms-win-crt-process-l1-1-0.dll
0x00000191d17f0000 - 0x00000191d17f4000 	C:\Users\Pañol\.openjfx\cache\20.0.1+2\amd64\api-ms-win-crt-runtime-l1-1-0.dll
0x00000191d1800000 - 0x00000191d1804000 	C:\Users\Pañol\.openjfx\cache\20.0.1+2\amd64\api-ms-win-crt-stdio-l1-1-0.dll
0x00000191d1810000 - 0x00000191d1814000 	C:\Users\Pañol\.openjfx\cache\20.0.1+2\amd64\api-ms-win-crt-string-l1-1-0.dll
0x00000191d1820000 - 0x00000191d1823000 	C:\Users\Pañol\.openjfx\cache\20.0.1+2\amd64\api-ms-win-crt-time-l1-1-0.dll
0x00000191d1830000 - 0x00000191d1833000 	C:\Users\Pañol\.openjfx\cache\20.0.1+2\amd64\api-ms-win-crt-utility-l1-1-0.dll
0x00007ff96b2b0000 - 0x00007ff96b3ac000 	C:\Users\Pañol\.openjfx\cache\20.0.1+2\amd64\ucrtbase.dll
0x00007ff9a04e0000 - 0x00007ff9a04fb000 	C:\Users\Pañol\.openjfx\cache\20.0.1+2\amd64\vcruntime140.dll
0x00007ff9adfb0000 - 0x00007ff9adfbc000 	C:\Users\Pañol\.openjfx\cache\20.0.1+2\amd64\vcruntime140_1.dll
0x00007ff983940000 - 0x00007ff9839ce000 	C:\Users\Pañol\.openjfx\cache\20.0.1+2\amd64\msvcp140.dll
0x00007ff9adf60000 - 0x00007ff9adf69000 	C:\Users\Pañol\.openjfx\cache\20.0.1+2\amd64\msvcp140_1.dll
0x00007ff99cf70000 - 0x00007ff99cfa0000 	C:\Users\Pañol\.openjfx\cache\20.0.1+2\amd64\msvcp140_2.dll
0x00007ff998280000 - 0x00007ff9982af000 	C:\Users\Pañol\.openjfx\cache\20.0.1+2\amd64\prism_d3d.dll
0x00007ff9646a0000 - 0x00007ff964849000 	C:\Windows\system32\d3d9.dll
0x00007ff9b7150000 - 0x00007ff9b717b000 	C:\Windows\SYSTEM32\dwmapi.dll
0x00007ff9b6e20000 - 0x00007ff9b6e56000 	C:\Windows\SYSTEM32\dxcore.dll
0x00007ff9b6d20000 - 0x00007ff9b6dcb000 	C:\Windows\system32\uxtheme.dll
0x00007ff96b140000 - 0x00007ff96b2a6000 	C:\Windows\System32\DriverStore\FileRepository\iigd_dch.inf_amd64_3ea756ac68d34d21\igdumdim64.dll
0x00007ff9ba670000 - 0x00007ff9ba80f000 	C:\Windows\System32\ole32.dll
0x00007ff9456b0000 - 0x00007ff94a05b000 	C:\Windows\System32\DriverStore\FileRepository\iigd_dch.inf_amd64_3ea756ac68d34d21\igd9dxva64.dll
0x00007ff9ba9b0000 - 0x00007ff9bae24000 	C:\Windows\System32\SETUPAPI.dll
0x00007ff9b93c0000 - 0x00007ff9b940e000 	C:\Windows\SYSTEM32\cfgmgr32.dll
0x00007ff9af020000 - 0x00007ff9af2e8000 	C:\Windows\System32\DriverStore\FileRepository\iigd_dch.inf_amd64_3ea756ac68d34d21\igdgmm64.dll
0x00007ff9b32f0000 - 0x00007ff9b333a000 	C:\Windows\SYSTEM32\directxdatabasehelper.dll
0x00007ff994ab0000 - 0x00007ff994af2000 	C:\Users\Pañol\.openjfx\cache\20.0.1+2\amd64\glass.dll
0x00007ff9bc330000 - 0x00007ff9bc429000 	C:\Windows\System32\COMDLG32.dll
0x00007ff9bba70000 - 0x00007ff9bbbbc000 	C:\Windows\System32\MSCTF.dll
0x00007ff99deb0000 - 0x00007ff99ded7000 	C:\Windows\System32\DriverStore\FileRepository\iigd_dch.inf_amd64_3ea756ac68d34d21\igdinfo64.dll
0x00007ff9a8b70000 - 0x00007ff9ab726000 	C:\Windows\System32\DriverStore\FileRepository\iigd_dch.inf_amd64_3ea756ac68d34d21\igc64.dll
0x00007ff99e070000 - 0x00007ff99e084000 	C:\Users\Pañol\.openjfx\cache\20.0.1+2\amd64\javafx_font.dll
0x00007ff9b5460000 - 0x00007ff9b56d3000 	C:\Windows\SYSTEM32\dwrite.dll
0x00007ff9ba3e0000 - 0x00007ff9ba490000 	C:\Windows\System32\clbcatq.dll
0x00007ff9b5270000 - 0x00007ff9b5420000 	C:\Windows\SYSTEM32\WindowsCodecs.dll
0x00007ff99b160000 - 0x00007ff99b1be000 	C:\Windows\system32\dataexchange.dll
0x00007ff9b01e0000 - 0x00007ff9b0465000 	C:\Windows\system32\twinapi.appcore.dll
0x00007ff994a10000 - 0x00007ff994a42000 	C:\Program Files\Common Files\Microsoft Shared\Ink\rtscom.dll
0x00007ff99f310000 - 0x00007ff99f45a000 	C:\Windows\SYSTEM32\textinputframework.dll
0x00007ff9b6760000 - 0x00007ff9b6893000 	C:\Windows\SYSTEM32\CoreMessaging.dll
0x00007ff9b2920000 - 0x00007ff9b2c8c000 	C:\Windows\SYSTEM32\CoreUIComponents.dll
0x00007ff9b8f60000 - 0x00007ff9b8f6c000 	C:\Windows\SYSTEM32\CRYPTBASE.DLL
0x00007ff9b8f80000 - 0x00007ff9b8f9b000 	C:\Windows\SYSTEM32\CRYPTSP.dll
0x00007ff9b8750000 - 0x00007ff9b8785000 	C:\Windows\system32\rsaenh.dll
0x00007ff9b8d00000 - 0x00007ff9b8d2c000 	C:\Windows\SYSTEM32\USERENV.dll
0x00007ff9b90c0000 - 0x00007ff9b90e8000 	C:\Windows\SYSTEM32\bcrypt.dll
0x00007ff9b8260000 - 0x00007ff9b828d000 	C:\Windows\SYSTEM32\IPHLPAPI.DLL
0x00007ff9bae40000 - 0x00007ff9bae49000 	C:\Windows\System32\NSI.dll
0x00007ff9b3de0000 - 0x00007ff9b3df9000 	C:\Windows\SYSTEM32\dhcpcsvc6.DLL

dbghelp: loaded successfully - version: 4.0.5 - missing functions: none
symbol engine: initialized successfully - sym options: 0x614 - pdb path: .;C:\Program Files\Greenfoot\jdk\bin;C:\Windows\SYSTEM32;C:\Windows\WinSxS\amd64_microsoft.windows.common-controls_6595b64144ccf1df_6.0.22621.2361_none_2712ced57382f843;C:\Program Files\Greenfoot\jdk\bin\server;C:\Users\Pañol\.openjfx\cache\20.0.1+2\amd64;C:\Windows\System32\DriverStore\FileRepository\iigd_dch.inf_amd64_3ea756ac68d34d21;C:\Program Files\Common Files\Microsoft Shared\Ink

VM Arguments:
jvm_args: -Dhttps.protocols=TLSv1,TLSv1.1,TLSv1.2 
java_command: bluej.Boot C:\Users\Pañol\Desktop\Mati\Carrera\Algoritmos y Programación I\pokimon\combate-criaturas\project.greenfoot -greenfoot=true -bluej.compiler.showunchecked=false
java_class_path (initial): C:\Program Files\Greenfoot\lib\boot.jar;C:\Program Files\Greenfoot\lib\javafx-base-20.0.1-win.jar;C:\Program Files\Greenfoot\lib\javafx-base-20.0.1.jar;C:\Program Files\Greenfoot\lib\javafx-controls-20.0.1-win.jar;C:\Program Files\Greenfoot\lib\javafx-controls-20.0.1.jar;C:\Program Files\Greenfoot\lib\javafx-fxml-20.0.1-win.jar;C:\Program Files\Greenfoot\lib\javafx-graphics-20.0.1-win.jar;C:\Program Files\Greenfoot\lib\javafx-graphics-20.0.1.jar;C:\Program Files\Greenfoot\lib\javafx-media-20.0.1-win.jar;C:\Program Files\Greenfoot\lib\javafx-media-20.0.1.jar;C:\Program Files\Greenfoot\lib\javafx-swing-20.0.1-win.jar;C:\Program Files\Greenfoot\lib\javafx-web-20.0.1-win.jar
Launcher Type: SUN_STANDARD

[Global flags]
     intx CICompilerCount                          = 4                                         {product} {ergonomic}
     uint ConcGCThreads                            = 3                                         {product} {ergonomic}
     uint G1ConcRefinementThreads                  = 10                                        {product} {ergonomic}
   size_t G1HeapRegionSize                         = 1048576                                   {product} {ergonomic}
    uintx GCDrainStackTargetSize                   = 64                                        {product} {ergonomic}
   size_t InitialHeapSize                          = 127926272                                 {product} {ergonomic}
   size_t MarkStackSize                            = 4194304                                   {product} {ergonomic}
   size_t MaxHeapSize                              = 2044723200                                {product} {ergonomic}
   size_t MaxNewSize                               = 1226833920                                {product} {ergonomic}
   size_t MinHeapDeltaBytes                        = 1048576                                   {product} {ergonomic}
   size_t MinHeapSize                              = 8388608                                   {product} {ergonomic}
    uintx NonNMethodCodeHeapSize                   = 5839372                                {pd product} {ergonomic}
    uintx NonProfiledCodeHeapSize                  = 122909434                              {pd product} {ergonomic}
    uintx ProfiledCodeHeapSize                     = 122909434                              {pd product} {ergonomic}
    uintx ReservedCodeCacheSize                    = 251658240                              {pd product} {ergonomic}
     bool SegmentedCodeCache                       = true                                      {product} {ergonomic}
   size_t SoftMaxHeapSize                          = 2044723200                             {manageable} {ergonomic}
     bool UseCompressedClassPointers               = true                           {product lp64_product} {ergonomic}
     bool UseCompressedOops                        = true                           {product lp64_product} {ergonomic}
     bool UseG1GC                                  = true                                      {product} {ergonomic}
     bool UseLargePagesIndividualAllocation        = false                                  {pd product} {ergonomic}

Logging:
Log output configuration:
 #0: stdout all=warning uptime,level,tags
 #1: stderr all=off uptime,level,tags

Environment Variables:
PATH=C:\Python312\Scripts\;C:\Python312\;C:\Windows\system32;C:\Windows;C:\Windows\System32\Wbem;C:\Windows\System32\WindowsPowerShell\v1.0\;C:\Windows\System32\OpenSSH\;C:\Program Files\nodejs\;C:\ProgramData\chocolatey\bin;C:\Users\Pañol\AppData\Local\Microsoft\WindowsApps;C:\Users\Pañol\AppData\Local\GitHubDesktop\bin;C:\Users\Pañol\AppData\Roaming\npm
USERNAME=Pañol
OS=Windows_NT
PROCESSOR_IDENTIFIER=Intel64 Family 6 Model 165 Stepping 3, GenuineIntel
TMP=C:\Users\PAOL~1\AppData\Local\Temp
TEMP=C:\Users\PAOL~1\AppData\Local\Temp



---------------  S Y S T E M  ---------------

OS:
 Windows 11 , 64 bit Build 22621 (10.0.22621.2428)
OS uptime: 1 days 12:44 hours
Hyper-V role detected

CPU: total 12 (initial active 12) (6 cores per cpu, 2 threads per core) family 6 model 165 stepping 3 microcode 0xe0, cx8, cmov, fxsr, ht, mmx, 3dnowpref, sse, sse2, sse3, ssse3, sse4.1, sse4.2, popcnt, lzcnt, tsc, tscinvbit, avx, avx2, aes, erms, clmul, bmi1, bmi2, adx, fma, vzeroupper, clflush, clflushopt, hv

Memory: 4k page, system-wide physical 7796M (534M free)
TotalPageFile size 31348M (AvailPageFile size 67M)
current process WorkingSet (physical memory assigned to process): 461M, peak: 462M
current process commit charge ("private bytes"): 477M, peak: 566M

vm_info: OpenJDK 64-Bit Server VM (17.0.4.1+1) for windows-amd64 JRE (17.0.4.1+1), built on Aug 17 2022 07:42:43 by "temurin" with MS VC++ 16.7 (VS2019)

END.
