#
# There is insufficient memory for the Java Runtime Environment to continue.
# Native memory allocation (mmap) failed to map 195035136 bytes for G1 virtual space
# Possible reasons:
#   The system is out of physical RAM or swap space
#   The process is running with CompressedOops enabled, and the Java Heap may be blocking the growth of the native heap
# Possible solutions:
#   Reduce memory load on the system
#   Increase physical memory or swap space
#   Check if swap backing store is full
#   Decrease Java heap size (-Xmx/-Xms)
#   Decrease number of Java threads
#   Decrease Java thread stack sizes (-Xss)
#   Set larger code cache with -XX:ReservedCodeCacheSize=
#   JVM is running with Unscaled Compressed Oops mode in which the Java heap is
#     placed in the first 4GB address space. The Java Heap base address is the
#     maximum limit for the native heap growth. Please use -XX:HeapBaseMinAddress
#     to set the Java Heap base and to place the Java Heap above 4GB virtual address.
# This output file may be truncated or incomplete.
#
#  Out of Memory Error (os_windows.cpp:3541), pid=11436, tid=13252
#
# JRE version: OpenJDK Runtime Environment Temurin-17.0.4.1+1 (17.0.4.1+1) (build 17.0.4.1+1)
# Java VM: OpenJDK 64-Bit Server VM Temurin-17.0.4.1+1 (17.0.4.1+1, mixed mode, sharing, tiered, compressed oops, compressed class ptrs, g1 gc, windows-amd64)
# No core dump will be written. Minidumps are not enabled by default on client versions of Windows
#

---------------  S U M M A R Y ------------

Command Line: -Dhttps.protocols=TLSv1,TLSv1.1,TLSv1.2 bluej.Boot C:\Users\Pañol\Desktop\Mati\Carrera\Algoritmos y Programación I\pokimon\combate-criaturas\project.greenfoot -greenfoot=true -bluej.compiler.showunchecked=false

Host: Intel(R) Core(TM) i5-10400 CPU @ 2.90GHz, 12 cores, 7G,  Windows 11 , 64 bit Build 22621 (10.0.22621.2428)
Time: Tue Oct 24 21:11:27 2023 Hora estándar de Argentina elapsed time: 2.839830 seconds (0d 0h 0m 2s)

---------------  T H R E A D  ---------------

Current thread (0x000001c7a6ebfee0):  VMThread "VM Thread" [stack: 0x0000007aa1e00000,0x0000007aa1f00000] [id=13252]

Stack: [0x0000007aa1e00000,0x0000007aa1f00000]
Native frames: (J=compiled Java code, j=interpreted, Vv=VM code, C=native code)
V  [jvm.dll+0x67731a]
V  [jvm.dll+0x832284]
V  [jvm.dll+0x833a2e]
V  [jvm.dll+0x834093]
V  [jvm.dll+0x245775]
V  [jvm.dll+0x674209]
V  [jvm.dll+0x668a92]
V  [jvm.dll+0x30471b]
V  [jvm.dll+0x30bc66]
V  [jvm.dll+0x35ba9e]
V  [jvm.dll+0x35bccf]
V  [jvm.dll+0x2db5b8]
V  [jvm.dll+0x2d986c]
V  [jvm.dll+0x2d8e3c]
V  [jvm.dll+0x31cd9b]
V  [jvm.dll+0x83853b]
V  [jvm.dll+0x839274]
V  [jvm.dll+0x83978c]
V  [jvm.dll+0x839b64]
V  [jvm.dll+0x839c30]
V  [jvm.dll+0x7e240a]
V  [jvm.dll+0x6761a5]
C  [ucrtbase.dll+0x29363]
C  [KERNEL32.DLL+0x1257d]
C  [ntdll.dll+0x5aa78]

VM_Operation (0x0000007aa5ffe900): G1CollectForAllocation, mode: safepoint, requested by thread 0x000001c7afad5c50


---------------  P R O C E S S  ---------------

Threads class SMR info:
_java_thread_list=0x000001c7b5626b00, length=45, elements={
0x000001c788a1ca50, 0x000001c7a6ec7b90, 0x000001c7a6eca810, 0x000001c7a6ede340,
0x000001c7a6ee0d10, 0x000001c7a6ee16c0, 0x000001c7a6eea080, 0x000001c7a6eee260,
0x000001c7a6eeed00, 0x000001c7a6ef1ee0, 0x000001c7a79f9d80, 0x000001c7a7a09520,
0x000001c7a7a94230, 0x000001c7a7aea420, 0x000001c7a8023780, 0x000001c7a82a8310,
0x000001c7a82d6f80, 0x000001c7a84c5f90, 0x000001c7a848f740, 0x000001c7ad583cc0,
0x000001c7af7871d0, 0x000001c7af785e90, 0x000001c7af787b70, 0x000001c7af786360,
0x000001c7af7841b0, 0x000001c7af786d00, 0x000001c7af786830, 0x000001c7af784680,
0x000001c7af785020, 0x000001c7af784b50, 0x000001c7af7854f0, 0x000001c7af7859c0,
0x000001c7af7876a0, 0x000001c7afad4440, 0x000001c7afad52b0, 0x000001c7afad6ac0,
0x000001c7afad3100, 0x000001c7afad35d0, 0x000001c7afad5780, 0x000001c7afad5c50,
0x000001c7afad18f0, 0x000001c7afad6120, 0x000001c7afad65f0, 0x000001c7afad1dc0,
0x000001c7afad6f90
}

Java Threads: ( => current thread )
  0x000001c788a1ca50 JavaThread "main" [_thread_blocked, id=2276, stack(0x0000007aa1800000,0x0000007aa1900000)]
  0x000001c7a6ec7b90 JavaThread "Reference Handler" daemon [_thread_blocked, id=13228, stack(0x0000007aa1f00000,0x0000007aa2000000)]
  0x000001c7a6eca810 JavaThread "Finalizer" daemon [_thread_blocked, id=4520, stack(0x0000007aa2000000,0x0000007aa2100000)]
  0x000001c7a6ede340 JavaThread "Signal Dispatcher" daemon [_thread_blocked, id=888, stack(0x0000007aa2100000,0x0000007aa2200000)]
  0x000001c7a6ee0d10 JavaThread "Attach Listener" daemon [_thread_blocked, id=4164, stack(0x0000007aa2200000,0x0000007aa2300000)]
  0x000001c7a6ee16c0 JavaThread "Service Thread" daemon [_thread_blocked, id=11012, stack(0x0000007aa2300000,0x0000007aa2400000)]
  0x000001c7a6eea080 JavaThread "Monitor Deflation Thread" daemon [_thread_blocked, id=12004, stack(0x0000007aa2400000,0x0000007aa2500000)]
  0x000001c7a6eee260 JavaThread "C2 CompilerThread0" daemon [_thread_in_native, id=12592, stack(0x0000007aa2500000,0x0000007aa2600000)]
  0x000001c7a6eeed00 JavaThread "C1 CompilerThread0" daemon [_thread_blocked, id=9496, stack(0x0000007aa2600000,0x0000007aa2700000)]
  0x000001c7a6ef1ee0 JavaThread "Sweeper thread" daemon [_thread_blocked, id=3744, stack(0x0000007aa2700000,0x0000007aa2800000)]
  0x000001c7a79f9d80 JavaThread "Notification Thread" daemon [_thread_blocked, id=6836, stack(0x0000007aa2800000,0x0000007aa2900000)]
  0x000001c7a7a09520 JavaThread "Common-Cleaner" daemon [_thread_blocked, id=2700, stack(0x0000007aa2a00000,0x0000007aa2b00000)]
  0x000001c7a7a94230 JavaThread "JavaFX-Launcher" [_thread_blocked, id=13136, stack(0x0000007aa2b00000,0x0000007aa2c00000)]
  0x000001c7a7aea420 JavaThread "C2 CompilerThread1" daemon [_thread_blocked, id=1776, stack(0x0000007aa2c00000,0x0000007aa2d00000)]
  0x000001c7a8023780 JavaThread "QuantumRenderer-0" daemon [_thread_blocked, id=2156, stack(0x0000007aa2d00000,0x0000007aa2e00000)]
  0x000001c7a82a8310 JavaThread "InvokeLaterDispatcher" daemon [_thread_blocked, id=13064, stack(0x0000007aa2e00000,0x0000007aa2f00000)]
  0x000001c7a82d6f80 JavaThread "JavaFX Application Thread" [_thread_in_native, id=5216, stack(0x0000007aa2f00000,0x0000007aa3000000)]
  0x000001c7a84c5f90 JavaThread "Thread-2" daemon [_thread_blocked, id=4940, stack(0x0000007aa3300000,0x0000007aa3400000)]
  0x000001c7a848f740 JavaThread "subMain thread" [_thread_blocked, id=5132, stack(0x0000007aa3400000,0x0000007aa3500000)]
  0x000001c7ad583cc0 JavaThread "C2 CompilerThread2" daemon [_thread_in_native, id=10436, stack(0x0000007aa4100000,0x0000007aa4200000)]
  0x000001c7af7871d0 JavaThread "Prism Font Disposer" daemon [_thread_blocked, id=12368, stack(0x0000007aa4500000,0x0000007aa4600000)]
  0x000001c7af785e90 JavaThread "pool-2-thread-1" [_thread_blocked, id=8136, stack(0x0000007aa4700000,0x0000007aa4800000)]
  0x000001c7af787b70 JavaThread "Import scanner" [_thread_blocked, id=6536, stack(0x0000007aa4800000,0x0000007aa4900000)]
  0x000001c7af786360 JavaThread "VMCommsMain" [_thread_blocked, id=12140, stack(0x0000007aa4c00000,0x0000007aa4d00000)]
  0x000001c7af7841b0 JavaThread "Timer-0" [_thread_blocked, id=2408, stack(0x0000007aa4d00000,0x0000007aa4e00000)]
  0x000001c7af786d00 JavaThread "JDI Internal Event Handler" daemon [_thread_blocked, id=6592, stack(0x0000007aa5000000,0x0000007aa5100000)]
  0x000001c7af786830 JavaThread "JDI Target VM Interface" daemon [_thread_blocked, id=6396, stack(0x0000007aa5100000,0x0000007aa5200000)]
  0x000001c7af784680 JavaThread "BlueJ I/O Handler" [_thread_in_native, id=12732, stack(0x0000007aa5200000,0x0000007aa5300000)]
  0x000001c7af785020 JavaThread "BlueJ I/O Handler" [_thread_in_native, id=12648, stack(0x0000007aa5300000,0x0000007aa5400000)]
  0x000001c7af784b50 JavaThread "BlueJ I/O Handler" [_thread_blocked, id=13284, stack(0x0000007aa5400000,0x0000007aa5500000)]
  0x000001c7af7854f0 JavaThread "VM Event Handler Helper" [_thread_blocked, id=13248, stack(0x0000007aa5500000,0x0000007aa5600000)]
  0x000001c7af7859c0 JavaThread "vm-event-handler" [_thread_blocked, id=4412, stack(0x0000007aa5600000,0x0000007aa5700000)]
  0x000001c7af7876a0 JavaThread "Cleaner-0" daemon [_thread_blocked, id=7424, stack(0x0000007aa4600000,0x0000007aa4700000)]
  0x000001c7afad4440 JavaThread "Keep-Alive-Timer" daemon [_thread_blocked, id=5448, stack(0x0000007aa6200000,0x0000007aa6300000)]
  0x000001c7afad52b0 JavaThread "ClassGraph-worker-11" daemon [_thread_blocked, id=13276, stack(0x0000007aa5a00000,0x0000007aa5b00000)]
  0x000001c7afad6ac0 JavaThread "ClassGraph-worker-12" daemon [_thread_blocked, id=6868, stack(0x0000007aa5b00000,0x0000007aa5c00000)]
  0x000001c7afad3100 JavaThread "ClassGraph-worker-13" daemon [_thread_blocked, id=5620, stack(0x0000007aa5c00000,0x0000007aa5d00000)]
  0x000001c7afad35d0 JavaThread "ClassGraph-worker-14" daemon [_thread_blocked, id=2324, stack(0x0000007aa5d00000,0x0000007aa5e00000)]
  0x000001c7afad5780 JavaThread "ClassGraph-worker-15" daemon [_thread_blocked, id=11864, stack(0x0000007aa5e00000,0x0000007aa5f00000)]
  0x000001c7afad5c50 JavaThread "ClassGraph-worker-16" daemon [_thread_blocked, id=840, stack(0x0000007aa5f00000,0x0000007aa6000000)]
  0x000001c7afad18f0 JavaThread "ClassGraph-worker-17" daemon [_thread_blocked, id=10256, stack(0x0000007aa6000000,0x0000007aa6100000)]
  0x000001c7afad6120 JavaThread "ClassGraph-worker-18" daemon [_thread_blocked, id=7260, stack(0x0000007aa6100000,0x0000007aa6200000)]
  0x000001c7afad65f0 JavaThread "ClassGraph-worker-19" daemon [_thread_blocked, id=1536, stack(0x0000007aa6300000,0x0000007aa6400000)]
  0x000001c7afad1dc0 JavaThread "ClassGraph-worker-20" daemon [_thread_blocked, id=5124, stack(0x0000007aa6400000,0x0000007aa6500000)]
  0x000001c7afad6f90 JavaThread "ClassGraph-worker-21" daemon [_thread_blocked, id=12860, stack(0x0000007aa6500000,0x0000007aa6600000)]

Other Threads:
=>0x000001c7a6ebfee0 VMThread "VM Thread" [stack: 0x0000007aa1e00000,0x0000007aa1f00000] [id=13252]
  0x000001c7a79fc260 WatcherThread [stack: 0x0000007aa2900000,0x0000007aa2a00000] [id=4516]
  0x000001c788a75090 GCTaskThread "GC Thread#0" [stack: 0x0000007aa1900000,0x0000007aa1a00000] [id=9292]
  0x000001c7acf80fe0 GCTaskThread "GC Thread#1" [stack: 0x0000007aa3500000,0x0000007aa3600000] [id=7212]
  0x000001c7acf60800 GCTaskThread "GC Thread#2" [stack: 0x0000007aa3600000,0x0000007aa3700000] [id=1976]
  0x000001c7acf775a0 GCTaskThread "GC Thread#3" [stack: 0x0000007aa3700000,0x0000007aa3800000] [id=1808]
  0x000001c7acf77850 GCTaskThread "GC Thread#4" [stack: 0x0000007aa3800000,0x0000007aa3900000] [id=12416]
  0x000001c7acf77f10 GCTaskThread "GC Thread#5" [stack: 0x0000007aa3900000,0x0000007aa3a00000] [id=12512]
  0x000001c7acf781c0 GCTaskThread "GC Thread#6" [stack: 0x0000007aa3a00000,0x0000007aa3b00000] [id=11288]
  0x000001c7acf78c80 GCTaskThread "GC Thread#7" [stack: 0x0000007aa3b00000,0x0000007aa3c00000] [id=11388]
  0x000001c7af7a1860 GCTaskThread "GC Thread#8" [stack: 0x0000007aa4300000,0x0000007aa4400000] [id=11684]
  0x000001c7af7a2880 GCTaskThread "GC Thread#9" [stack: 0x0000007aa4400000,0x0000007aa4500000] [id=12556]
  0x000001c788a85b30 ConcurrentGCThread "G1 Main Marker" [stack: 0x0000007aa1a00000,0x0000007aa1b00000] [id=9868]
  0x000001c788a86540 ConcurrentGCThread "G1 Conc#0" [stack: 0x0000007aa1b00000,0x0000007aa1c00000] [id=10132]
  0x000001c7af7a2320 ConcurrentGCThread "G1 Conc#1" [stack: 0x0000007aa4900000,0x0000007aa4a00000] [id=12392]
  0x000001c7af7a25d0 ConcurrentGCThread "G1 Conc#2" [stack: 0x0000007aa4a00000,0x0000007aa4b00000] [id=10012]
  0x000001c7a6d820b0 ConcurrentGCThread "G1 Refine#0" [stack: 0x0000007aa1c00000,0x0000007aa1d00000] [id=7012]
  0x000001c7acf79b40 ConcurrentGCThread "G1 Refine#1" [stack: 0x0000007aa3c00000,0x0000007aa3d00000] [id=8936]
  0x000001c7a8572c80 ConcurrentGCThread "G1 Refine#2" [stack: 0x0000007aa3d00000,0x0000007aa3e00000] [id=12656]
  0x000001c7b3829670 ConcurrentGCThread "G1 Refine#3" [stack: 0x0000007aa6600000,0x0000007aa6700000] [id=9344]
  0x000001c7b3829950 ConcurrentGCThread "G1 Refine#4" [stack: 0x0000007aa6700000,0x0000007aa6800000] [id=10148]
  0x000001c7b3829c30 ConcurrentGCThread "G1 Refine#5" [stack: 0x0000007aa6800000,0x0000007aa6900000] [id=12660]
  0x000001c7b38290b0 ConcurrentGCThread "G1 Refine#6" [stack: 0x0000007aa6900000,0x0000007aa6a00000] [id=4624]
  0x000001c7b3829390 ConcurrentGCThread "G1 Refine#7" [stack: 0x0000007aa6a00000,0x0000007aa6b00000] [id=10300]
  0x000001c7a6d82ad0 ConcurrentGCThread "G1 Service" [stack: 0x0000007aa1d00000,0x0000007aa1e00000] [id=2892]

Threads with active compile tasks:
C2 CompilerThread0     2856 5182       4       nonapi.io.github.classgraph.recycler.Recycler::recycle (67 bytes)
C2 CompilerThread1     2856 5062       4       jdk.internal.jimage.ImageReader$SharedImageReader::lambda$handleModulesSubTree$1 (43 bytes)
C2 CompilerThread2     2856 5020       4       jdk.internal.jimage.ImageLocation::getFullName (109 bytes)

VM state: at safepoint (normal execution)

VM Mutex/Monitor currently owned by a thread:  ([mutex/lock_event])
[0x000001c788a18d60] Threads_lock - owner thread: 0x000001c7a6ebfee0
[0x000001c788a17e30] Heap_lock - owner thread: 0x000001c7afad5c50

Heap address: 0x0000000086200000, size: 1950 MB, Compressed Oops mode: 32-bit

CDS archive(s) mapped at: [0x0000000800000000-0x0000000800bc0000-0x0000000800bc0000), size 12320768, SharedBaseAddress: 0x0000000800000000, ArchiveRelocationMode: 0.
Compressed class space mapped at: 0x0000000800c00000-0x0000000840c00000, reserved size: 1073741824
Narrow klass base: 0x0000000800000000, Narrow klass shift: 0, Narrow klass range: 0x100000000

GC Precious Log:
 CPUs: 12 total, 12 available
 Memory: 7796M
 Large Page Support: Disabled
 NUMA Support: Disabled
 Compressed Oops: Enabled (32-bit)
 Heap Region Size: 1M
 Heap Min Capacity: 8M
 Heap Initial Capacity: 122M
 Heap Max Capacity: 1950M
 Pre-touch: Disabled
 Parallel Workers: 10
 Concurrent Workers: 3
 Concurrent Refinement Workers: 10
 Periodic GC: Disabled

Heap:
 garbage-first heap   total 190464K, used 69426K [0x0000000086200000, 0x0000000100000000)
  region size 1024K, 5 young (5120K), 5 survivors (5120K)
 Metaspace       used 34864K, committed 35264K, reserved 1081344K
  class space    used 5013K, committed 5184K, reserved 1048576K

Heap Regions: E=young(eden), S=young(survivor), O=old, HS=humongous(starts), HC=humongous(continues), CS=collection set, F=free, OA=open archive, CA=closed archive, TAMS=top-at-mark-start (previous, next)
|   0|0x0000000086200000, 0x0000000086300000, 0x0000000086300000|100%|HS|  |TAMS 0x0000000086300000, 0x0000000086200000| Complete 
|   1|0x0000000086300000, 0x0000000086400000, 0x0000000086400000|100%| O|  |TAMS 0x0000000086400000, 0x0000000086300000| Untracked 
|   2|0x0000000086400000, 0x0000000086500000, 0x0000000086500000|100%| O|  |TAMS 0x0000000086500000, 0x0000000086400000| Untracked 
|   3|0x0000000086500000, 0x0000000086600000, 0x0000000086600000|100%| O|  |TAMS 0x0000000086600000, 0x0000000086500000| Untracked 
|   4|0x0000000086600000, 0x0000000086700000, 0x0000000086700000|100%| O|  |TAMS 0x0000000086700000, 0x0000000086600000| Untracked 
|   5|0x0000000086700000, 0x0000000086800000, 0x0000000086800000|100%| O|  |TAMS 0x0000000086800000, 0x0000000086700000| Untracked 
|   6|0x0000000086800000, 0x00000000868e4600, 0x0000000086900000| 89%| O|  |TAMS 0x00000000868e4600, 0x0000000086800000| Untracked 
|   7|0x0000000086900000, 0x0000000086a00000, 0x0000000086a00000|100%| O|  |TAMS 0x0000000086a00000, 0x0000000086900000| Untracked 
|   8|0x0000000086a00000, 0x0000000086b00000, 0x0000000086b00000|100%| O|  |TAMS 0x0000000086b00000, 0x0000000086a00000| Untracked 
|   9|0x0000000086b00000, 0x0000000086c00000, 0x0000000086c00000|100%| O|  |TAMS 0x0000000086c00000, 0x0000000086b00000| Untracked 
|  10|0x0000000086c00000, 0x0000000086d00000, 0x0000000086d00000|100%| O|  |TAMS 0x0000000086d00000, 0x0000000086c00000| Untracked 
|  11|0x0000000086d00000, 0x0000000086e00000, 0x0000000086e00000|100%| O|  |TAMS 0x0000000086e00000, 0x0000000086d00000| Untracked 
|  12|0x0000000086e00000, 0x0000000086f00000, 0x0000000086f00000|100%|HS|  |TAMS 0x0000000086f00000, 0x0000000086e00000| Complete 
|  13|0x0000000086f00000, 0x0000000087000000, 0x0000000087000000|100%|HS|  |TAMS 0x0000000087000000, 0x0000000086f00000| Complete 
|  14|0x0000000087000000, 0x0000000087100000, 0x0000000087100000|100%|HS|  |TAMS 0x0000000087100000, 0x0000000087000000| Complete 
|  15|0x0000000087100000, 0x0000000087200000, 0x0000000087200000|100%|HS|  |TAMS 0x0000000087200000, 0x0000000087100000| Complete 
|  16|0x0000000087200000, 0x0000000087300000, 0x0000000087300000|100%|HS|  |TAMS 0x0000000087300000, 0x0000000087200000| Complete 
|  17|0x0000000087300000, 0x0000000087400000, 0x0000000087400000|100%|HC|  |TAMS 0x0000000087400000, 0x0000000087300000| Complete 
|  18|0x0000000087400000, 0x0000000087500000, 0x0000000087500000|100%| O|  |TAMS 0x0000000087500000, 0x0000000087400000| Untracked 
|  19|0x0000000087500000, 0x0000000087600000, 0x0000000087600000|100%| O|  |TAMS 0x0000000087600000, 0x0000000087500000| Untracked 
|  20|0x0000000087600000, 0x0000000087700000, 0x0000000087700000|100%|HS|  |TAMS 0x0000000087700000, 0x0000000087600000| Complete 
|  21|0x0000000087700000, 0x0000000087800000, 0x0000000087800000|100%| O|  |TAMS 0x0000000087800000, 0x0000000087700000| Untracked 
|  22|0x0000000087800000, 0x0000000087900000, 0x0000000087900000|100%| O|  |TAMS 0x0000000087900000, 0x0000000087800000| Untracked 
|  23|0x0000000087900000, 0x0000000087a00000, 0x0000000087a00000|100%| O|  |TAMS 0x0000000087a00000, 0x0000000087900000| Untracked 
|  24|0x0000000087a00000, 0x0000000087b00000, 0x0000000087b00000|100%| O|  |TAMS 0x0000000087b00000, 0x0000000087a00000| Untracked 
|  25|0x0000000087b00000, 0x0000000087c00000, 0x0000000087c00000|100%| O|  |TAMS 0x0000000087c00000, 0x0000000087b00000| Untracked 
|  26|0x0000000087c00000, 0x0000000087d00000, 0x0000000087d00000|100%| O|  |TAMS 0x0000000087d00000, 0x0000000087c00000| Untracked 
|  27|0x0000000087d00000, 0x0000000087e00000, 0x0000000087e00000|100%| O|  |TAMS 0x0000000087e00000, 0x0000000087d00000| Untracked 
|  28|0x0000000087e00000, 0x0000000087f00000, 0x0000000087f00000|100%| O|  |TAMS 0x0000000087f00000, 0x0000000087e00000| Untracked 
|  29|0x0000000087f00000, 0x0000000088000000, 0x0000000088000000|100%| O|  |TAMS 0x0000000088000000, 0x0000000087f00000| Untracked 
|  30|0x0000000088000000, 0x0000000088100000, 0x0000000088100000|100%| O|  |TAMS 0x0000000088100000, 0x0000000088000000| Untracked 
|  31|0x0000000088100000, 0x0000000088200000, 0x0000000088200000|100%| O|  |TAMS 0x0000000088200000, 0x0000000088100000| Untracked 
|  32|0x0000000088200000, 0x0000000088300000, 0x0000000088300000|100%| O|  |TAMS 0x0000000088299800, 0x0000000088200000| Untracked 
|  33|0x0000000088300000, 0x0000000088400000, 0x0000000088400000|100%| O|  |TAMS 0x0000000088300000, 0x0000000088300000| Untracked 
|  34|0x0000000088400000, 0x0000000088500000, 0x0000000088500000|100%| O|  |TAMS 0x0000000088400000, 0x0000000088400000| Untracked 
|  35|0x0000000088500000, 0x0000000088600000, 0x0000000088600000|100%| O|  |TAMS 0x0000000088500000, 0x0000000088500000| Untracked 
|  36|0x0000000088600000, 0x0000000088700000, 0x0000000088700000|100%| O|  |TAMS 0x0000000088600000, 0x0000000088600000| Untracked 
|  37|0x0000000088700000, 0x0000000088800000, 0x0000000088800000|100%| O|  |TAMS 0x0000000088700000, 0x0000000088700000| Untracked 
|  38|0x0000000088800000, 0x0000000088900000, 0x0000000088900000|100%| O|  |TAMS 0x0000000088800000, 0x0000000088800000| Untracked 
|  39|0x0000000088900000, 0x0000000088a00000, 0x0000000088a00000|100%| O|  |TAMS 0x0000000088900000, 0x0000000088900000| Untracked 
|  40|0x0000000088a00000, 0x0000000088b00000, 0x0000000088b00000|100%| O|  |TAMS 0x0000000088a00000, 0x0000000088a00000| Untracked 
|  41|0x0000000088b00000, 0x0000000088c00000, 0x0000000088c00000|100%| O|  |TAMS 0x0000000088b00000, 0x0000000088b00000| Untracked 
|  42|0x0000000088c00000, 0x0000000088d00000, 0x0000000088d00000|100%| O|  |TAMS 0x0000000088c00000, 0x0000000088c00000| Untracked 
|  43|0x0000000088d00000, 0x0000000088e00000, 0x0000000088e00000|100%| O|  |TAMS 0x0000000088d00000, 0x0000000088d00000| Untracked 
|  44|0x0000000088e00000, 0x0000000088f00000, 0x0000000088f00000|100%| O|  |TAMS 0x0000000088e00000, 0x0000000088e00000| Untracked 
|  45|0x0000000088f00000, 0x0000000089000000, 0x0000000089000000|100%| O|  |TAMS 0x0000000088f00000, 0x0000000088f00000| Untracked 
|  46|0x0000000089000000, 0x0000000089100000, 0x0000000089100000|100%| O|  |TAMS 0x0000000089000000, 0x0000000089000000| Untracked 
|  47|0x0000000089100000, 0x0000000089200000, 0x0000000089200000|100%| O|  |TAMS 0x0000000089100000, 0x0000000089100000| Untracked 
|  48|0x0000000089200000, 0x0000000089300000, 0x0000000089300000|100%| O|  |TAMS 0x0000000089200000, 0x0000000089200000| Untracked 
|  49|0x0000000089300000, 0x0000000089400000, 0x0000000089400000|100%| O|  |TAMS 0x0000000089300000, 0x0000000089300000| Untracked 
|  50|0x0000000089400000, 0x0000000089500000, 0x0000000089500000|100%| O|  |TAMS 0x0000000089400000, 0x0000000089400000| Untracked 
|  51|0x0000000089500000, 0x0000000089600000, 0x0000000089600000|100%| O|  |TAMS 0x0000000089500000, 0x0000000089500000| Untracked 
|  52|0x0000000089600000, 0x0000000089700000, 0x0000000089700000|100%| O|  |TAMS 0x0000000089600000, 0x0000000089600000| Untracked 
|  53|0x0000000089700000, 0x0000000089800000, 0x0000000089800000|100%| O|  |TAMS 0x0000000089700000, 0x0000000089700000| Untracked 
|  54|0x0000000089800000, 0x0000000089900000, 0x0000000089900000|100%| O|  |TAMS 0x0000000089800000, 0x0000000089800000| Untracked 
|  55|0x0000000089900000, 0x0000000089a00000, 0x0000000089a00000|100%| O|  |TAMS 0x0000000089900000, 0x0000000089900000| Untracked 
|  56|0x0000000089a00000, 0x0000000089b00000, 0x0000000089b00000|100%| O|  |TAMS 0x0000000089a00000, 0x0000000089a00000| Untracked 
|  57|0x0000000089b00000, 0x0000000089c00000, 0x0000000089c00000|100%| O|  |TAMS 0x0000000089b00000, 0x0000000089b00000| Untracked 
|  58|0x0000000089c00000, 0x0000000089d00000, 0x0000000089d00000|100%| O|  |TAMS 0x0000000089c00000, 0x0000000089c00000| Untracked 
|  59|0x0000000089d00000, 0x0000000089e00000, 0x0000000089e00000|100%| O|  |TAMS 0x0000000089d00000, 0x0000000089d00000| Untracked 
|  60|0x0000000089e00000, 0x0000000089f00000, 0x0000000089f00000|100%| O|  |TAMS 0x0000000089e00000, 0x0000000089e00000| Untracked 
|  61|0x0000000089f00000, 0x0000000089f00000, 0x000000008a000000|  0%| F|  |TAMS 0x0000000089f00000, 0x0000000089f00000| Untracked 
|  62|0x000000008a000000, 0x000000008a000000, 0x000000008a100000|  0%| F|  |TAMS 0x000000008a000000, 0x000000008a000000| Untracked 
|  63|0x000000008a100000, 0x000000008a100000, 0x000000008a200000|  0%| F|  |TAMS 0x000000008a100000, 0x000000008a100000| Untracked 
|  64|0x000000008a200000, 0x000000008a200000, 0x000000008a300000|  0%| F|  |TAMS 0x000000008a200000, 0x000000008a200000| Untracked 
|  65|0x000000008a300000, 0x000000008a300000, 0x000000008a400000|  0%| F|  |TAMS 0x000000008a300000, 0x000000008a300000| Untracked 
|  66|0x000000008a400000, 0x000000008a400000, 0x000000008a500000|  0%| F|  |TAMS 0x000000008a400000, 0x000000008a400000| Untracked 
|  67|0x000000008a500000, 0x000000008a500000, 0x000000008a600000|  0%| F|  |TAMS 0x000000008a500000, 0x000000008a500000| Untracked 
|  68|0x000000008a600000, 0x000000008a600000, 0x000000008a700000|  0%| F|  |TAMS 0x000000008a600000, 0x000000008a600000| Untracked 
|  69|0x000000008a700000, 0x000000008a700000, 0x000000008a800000|  0%| F|  |TAMS 0x000000008a700000, 0x000000008a700000| Untracked 
|  70|0x000000008a800000, 0x000000008a800000, 0x000000008a900000|  0%| F|  |TAMS 0x000000008a800000, 0x000000008a800000| Untracked 
|  71|0x000000008a900000, 0x000000008a900000, 0x000000008aa00000|  0%| F|  |TAMS 0x000000008a900000, 0x000000008a900000| Untracked 
|  72|0x000000008aa00000, 0x000000008ab00000, 0x000000008ab00000|100%| O|  |TAMS 0x000000008aa00000, 0x000000008aa00000| Untracked 
|  73|0x000000008ab00000, 0x000000008ac00000, 0x000000008ac00000|100%| O|  |TAMS 0x000000008ab00000, 0x000000008ab00000| Untracked 
|  74|0x000000008ac00000, 0x000000008ac27800, 0x000000008ad00000| 15%| O|  |TAMS 0x000000008ac00000, 0x000000008ac00000| Untracked 
|  75|0x000000008ad00000, 0x000000008ad00000, 0x000000008ae00000|  0%| F|  |TAMS 0x000000008ad00000, 0x000000008ad00000| Untracked 
|  76|0x000000008ae00000, 0x000000008ae00000, 0x000000008af00000|  0%| F|  |TAMS 0x000000008ae00000, 0x000000008ae00000| Untracked 
|  77|0x000000008af00000, 0x000000008af00000, 0x000000008b000000|  0%| F|  |TAMS 0x000000008af00000, 0x000000008af00000| Untracked 
|  78|0x000000008b000000, 0x000000008b000000, 0x000000008b100000|  0%| F|  |TAMS 0x000000008b000000, 0x000000008b000000| Untracked 
|  79|0x000000008b100000, 0x000000008b100000, 0x000000008b200000|  0%| F|  |TAMS 0x000000008b100000, 0x000000008b100000| Untracked 
|  80|0x000000008b200000, 0x000000008b200000, 0x000000008b300000|  0%| F|  |TAMS 0x000000008b200000, 0x000000008b200000| Untracked 
|  81|0x000000008b300000, 0x000000008b300000, 0x000000008b400000|  0%| F|  |TAMS 0x000000008b300000, 0x000000008b300000| Untracked 
|  82|0x000000008b400000, 0x000000008b400000, 0x000000008b500000|  0%| F|  |TAMS 0x000000008b400000, 0x000000008b400000| Untracked 
|  83|0x000000008b500000, 0x000000008b500000, 0x000000008b600000|  0%| F|  |TAMS 0x000000008b500000, 0x000000008b500000| Untracked 
|  84|0x000000008b600000, 0x000000008b600000, 0x000000008b700000|  0%| F|  |TAMS 0x000000008b600000, 0x000000008b600000| Untracked 
|  85|0x000000008b700000, 0x000000008b700000, 0x000000008b800000|  0%| F|  |TAMS 0x000000008b700000, 0x000000008b700000| Untracked 
|  86|0x000000008b800000, 0x000000008b800000, 0x000000008b900000|  0%| F|  |TAMS 0x000000008b800000, 0x000000008b800000| Untracked 
|  87|0x000000008b900000, 0x000000008b900000, 0x000000008ba00000|  0%| F|  |TAMS 0x000000008b900000, 0x000000008b900000| Untracked 
|  88|0x000000008ba00000, 0x000000008ba00000, 0x000000008bb00000|  0%| F|  |TAMS 0x000000008ba00000, 0x000000008ba00000| Untracked 
|  89|0x000000008bb00000, 0x000000008bb00000, 0x000000008bc00000|  0%| F|  |TAMS 0x000000008bb00000, 0x000000008bb00000| Untracked 
|  90|0x000000008bc00000, 0x000000008bc00000, 0x000000008bd00000|  0%| F|  |TAMS 0x000000008bc00000, 0x000000008bc00000| Untracked 
|  91|0x000000008bd00000, 0x000000008bd00000, 0x000000008be00000|  0%| F|  |TAMS 0x000000008bd00000, 0x000000008bd00000| Untracked 
|  92|0x000000008be00000, 0x000000008be00000, 0x000000008bf00000|  0%| F|  |TAMS 0x000000008be00000, 0x000000008be00000| Untracked 
|  93|0x000000008bf00000, 0x000000008bf00000, 0x000000008c000000|  0%| F|  |TAMS 0x000000008bf00000, 0x000000008bf00000| Untracked 
|  94|0x000000008c000000, 0x000000008c000000, 0x000000008c100000|  0%| F|  |TAMS 0x000000008c000000, 0x000000008c000000| Untracked 
|  95|0x000000008c100000, 0x000000008c100000, 0x000000008c200000|  0%| F|  |TAMS 0x000000008c100000, 0x000000008c100000| Untracked 
|  96|0x000000008c200000, 0x000000008c200000, 0x000000008c300000|  0%| F|  |TAMS 0x000000008c200000, 0x000000008c200000| Untracked 
|  97|0x000000008c300000, 0x000000008c3c0c28, 0x000000008c400000| 75%| S|CS|TAMS 0x000000008c300000, 0x000000008c300000| Complete 
|  98|0x000000008c400000, 0x000000008c500000, 0x000000008c500000|100%| S|CS|TAMS 0x000000008c400000, 0x000000008c400000| Complete 
|  99|0x000000008c500000, 0x000000008c600000, 0x000000008c600000|100%| S|CS|TAMS 0x000000008c500000, 0x000000008c500000| Complete 
| 100|0x000000008c600000, 0x000000008c600000, 0x000000008c700000|  0%| F|  |TAMS 0x000000008c600000, 0x000000008c600000| Untracked 
| 101|0x000000008c700000, 0x000000008c700000, 0x000000008c800000|  0%| F|  |TAMS 0x000000008c700000, 0x000000008c700000| Untracked 
| 102|0x000000008c800000, 0x000000008c800000, 0x000000008c900000|  0%| F|  |TAMS 0x000000008c800000, 0x000000008c800000| Untracked 
| 103|0x000000008c900000, 0x000000008c900000, 0x000000008ca00000|  0%| F|  |TAMS 0x000000008c900000, 0x000000008c900000| Untracked 
| 104|0x000000008ca00000, 0x000000008ca00000, 0x000000008cb00000|  0%| F|  |TAMS 0x000000008ca00000, 0x000000008ca00000| Untracked 
| 105|0x000000008cb00000, 0x000000008cc00000, 0x000000008cc00000|100%| S|CS|TAMS 0x000000008cb00000, 0x000000008cb00000| Complete 
| 106|0x000000008cc00000, 0x000000008cd00000, 0x000000008cd00000|100%| S|CS|TAMS 0x000000008cc00000, 0x000000008cc00000| Complete 
| 107|0x000000008cd00000, 0x000000008cd00000, 0x000000008ce00000|  0%| F|  |TAMS 0x000000008cd00000, 0x000000008cd00000| Untracked 
| 108|0x000000008ce00000, 0x000000008ce00000, 0x000000008cf00000|  0%| F|  |TAMS 0x000000008ce00000, 0x000000008ce00000| Untracked 
| 109|0x000000008cf00000, 0x000000008cf00000, 0x000000008d000000|  0%| F|  |TAMS 0x000000008cf00000, 0x000000008cf00000| Untracked 
| 110|0x000000008d000000, 0x000000008d000000, 0x000000008d100000|  0%| F|  |TAMS 0x000000008d000000, 0x000000008d000000| Untracked 
| 111|0x000000008d100000, 0x000000008d100000, 0x000000008d200000|  0%| F|  |TAMS 0x000000008d100000, 0x000000008d100000| Untracked 
| 112|0x000000008d200000, 0x000000008d200000, 0x000000008d300000|  0%| F|  |TAMS 0x000000008d200000, 0x000000008d200000| Untracked 
| 113|0x000000008d300000, 0x000000008d300000, 0x000000008d400000|  0%| F|  |TAMS 0x000000008d300000, 0x000000008d300000| Untracked 
| 114|0x000000008d400000, 0x000000008d400000, 0x000000008d500000|  0%| F|  |TAMS 0x000000008d400000, 0x000000008d400000| Untracked 
| 115|0x000000008d500000, 0x000000008d500000, 0x000000008d600000|  0%| F|  |TAMS 0x000000008d500000, 0x000000008d500000| Untracked 
| 116|0x000000008d600000, 0x000000008d600000, 0x000000008d700000|  0%| F|  |TAMS 0x000000008d600000, 0x000000008d600000| Untracked 
| 117|0x000000008d700000, 0x000000008d700000, 0x000000008d800000|  0%| F|  |TAMS 0x000000008d700000, 0x000000008d700000| Untracked 
| 118|0x000000008d800000, 0x000000008d800000, 0x000000008d900000|  0%| F|  |TAMS 0x000000008d800000, 0x000000008d800000| Untracked 
| 119|0x000000008d900000, 0x000000008d900000, 0x000000008da00000|  0%| F|  |TAMS 0x000000008d900000, 0x000000008d900000| Untracked 
| 120|0x000000008da00000, 0x000000008da00000, 0x000000008db00000|  0%| F|  |TAMS 0x000000008da00000, 0x000000008da00000| Untracked 
| 121|0x000000008db00000, 0x000000008db00000, 0x000000008dc00000|  0%| F|  |TAMS 0x000000008db00000, 0x000000008db00000| Untracked 
| 122|0x000000008dc00000, 0x000000008dc00000, 0x000000008dd00000|  0%| F|  |TAMS 0x000000008dc00000, 0x000000008dc00000| Untracked 
| 123|0x000000008dd00000, 0x000000008dd00000, 0x000000008de00000|  0%| F|  |TAMS 0x000000008dd00000, 0x000000008dd00000| Untracked 
| 124|0x000000008de00000, 0x000000008de00000, 0x000000008df00000|  0%| F|  |TAMS 0x000000008de00000, 0x000000008de00000| Untracked 
| 125|0x000000008df00000, 0x000000008df00000, 0x000000008e000000|  0%| F|  |TAMS 0x000000008df00000, 0x000000008df00000| Untracked 
| 126|0x000000008e000000, 0x000000008e000000, 0x000000008e100000|  0%| F|  |TAMS 0x000000008e000000, 0x000000008e000000| Untracked 
| 127|0x000000008e100000, 0x000000008e100000, 0x000000008e200000|  0%| F|  |TAMS 0x000000008e100000, 0x000000008e100000| Untracked 
| 128|0x000000008e200000, 0x000000008e200000, 0x000000008e300000|  0%| F|  |TAMS 0x000000008e200000, 0x000000008e200000| Untracked 
| 129|0x000000008e300000, 0x000000008e300000, 0x000000008e400000|  0%| F|  |TAMS 0x000000008e300000, 0x000000008e300000| Untracked 
| 130|0x000000008e400000, 0x000000008e400000, 0x000000008e500000|  0%| F|  |TAMS 0x000000008e400000, 0x000000008e400000| Untracked 
| 131|0x000000008e500000, 0x000000008e500000, 0x000000008e600000|  0%| F|  |TAMS 0x000000008e500000, 0x000000008e500000| Untracked 
| 132|0x000000008e600000, 0x000000008e600000, 0x000000008e700000|  0%| F|  |TAMS 0x000000008e600000, 0x000000008e600000| Untracked 
| 133|0x000000008e700000, 0x000000008e700000, 0x000000008e800000|  0%| F|  |TAMS 0x000000008e700000, 0x000000008e700000| Untracked 
| 134|0x000000008e800000, 0x000000008e800000, 0x000000008e900000|  0%| F|  |TAMS 0x000000008e800000, 0x000000008e800000| Untracked 
| 135|0x000000008e900000, 0x000000008e900000, 0x000000008ea00000|  0%| F|  |TAMS 0x000000008e900000, 0x000000008e900000| Untracked 
| 136|0x000000008ea00000, 0x000000008ea00000, 0x000000008eb00000|  0%| F|  |TAMS 0x000000008ea00000, 0x000000008ea00000| Untracked 
| 137|0x000000008eb00000, 0x000000008eb00000, 0x000000008ec00000|  0%| F|  |TAMS 0x000000008eb00000, 0x000000008eb00000| Untracked 
| 138|0x000000008ec00000, 0x000000008ec00000, 0x000000008ed00000|  0%| F|  |TAMS 0x000000008ec00000, 0x000000008ec00000| Untracked 
| 139|0x000000008ed00000, 0x000000008ed00000, 0x000000008ee00000|  0%| F|  |TAMS 0x000000008ed00000, 0x000000008ed00000| Untracked 
| 140|0x000000008ee00000, 0x000000008ee00000, 0x000000008ef00000|  0%| F|  |TAMS 0x000000008ee00000, 0x000000008ee00000| Untracked 
| 141|0x000000008ef00000, 0x000000008ef00000, 0x000000008f000000|  0%| F|  |TAMS 0x000000008ef00000, 0x000000008ef00000| Untracked 
| 142|0x000000008f000000, 0x000000008f000000, 0x000000008f100000|  0%| F|  |TAMS 0x000000008f000000, 0x000000008f000000| Untracked 
| 143|0x000000008f100000, 0x000000008f100000, 0x000000008f200000|  0%| F|  |TAMS 0x000000008f100000, 0x000000008f100000| Untracked 
| 144|0x000000008f200000, 0x000000008f200000, 0x000000008f300000|  0%| F|  |TAMS 0x000000008f200000, 0x000000008f200000| Untracked 
| 145|0x000000008f300000, 0x000000008f300000, 0x000000008f400000|  0%| F|  |TAMS 0x000000008f300000, 0x000000008f300000| Untracked 
| 146|0x000000008f400000, 0x000000008f400000, 0x000000008f500000|  0%| F|  |TAMS 0x000000008f400000, 0x000000008f400000| Untracked 
| 147|0x000000008f500000, 0x000000008f500000, 0x000000008f600000|  0%| F|  |TAMS 0x000000008f500000, 0x000000008f500000| Untracked 
| 148|0x000000008f600000, 0x000000008f600000, 0x000000008f700000|  0%| F|  |TAMS 0x000000008f600000, 0x000000008f600000| Untracked 
| 149|0x000000008f700000, 0x000000008f700000, 0x000000008f800000|  0%| F|  |TAMS 0x000000008f700000, 0x000000008f700000| Untracked 
| 150|0x000000008f800000, 0x000000008f800000, 0x000000008f900000|  0%| F|  |TAMS 0x000000008f800000, 0x000000008f800000| Untracked 
| 151|0x000000008f900000, 0x000000008f900000, 0x000000008fa00000|  0%| F|  |TAMS 0x000000008f900000, 0x000000008f900000| Untracked 
| 152|0x000000008fa00000, 0x000000008fa00000, 0x000000008fb00000|  0%| F|  |TAMS 0x000000008fa00000, 0x000000008fa00000| Untracked 
| 153|0x000000008fb00000, 0x000000008fb00000, 0x000000008fc00000|  0%| F|  |TAMS 0x000000008fb00000, 0x000000008fb00000| Untracked 
| 154|0x000000008fc00000, 0x000000008fc00000, 0x000000008fd00000|  0%| F|  |TAMS 0x000000008fc00000, 0x000000008fc00000| Untracked 
| 155|0x000000008fd00000, 0x000000008fd00000, 0x000000008fe00000|  0%| F|  |TAMS 0x000000008fd00000, 0x000000008fd00000| Untracked 
| 156|0x000000008fe00000, 0x000000008fe00000, 0x000000008ff00000|  0%| F|  |TAMS 0x000000008fe00000, 0x000000008fe00000| Untracked 
| 157|0x000000008ff00000, 0x000000008ff00000, 0x0000000090000000|  0%| F|  |TAMS 0x000000008ff00000, 0x000000008ff00000| Untracked 
| 158|0x0000000090000000, 0x0000000090000000, 0x0000000090100000|  0%| F|  |TAMS 0x0000000090000000, 0x0000000090000000| Untracked 
| 159|0x0000000090100000, 0x0000000090100000, 0x0000000090200000|  0%| F|  |TAMS 0x0000000090100000, 0x0000000090100000| Untracked 
| 160|0x0000000090200000, 0x0000000090200000, 0x0000000090300000|  0%| F|  |TAMS 0x0000000090200000, 0x0000000090200000| Untracked 
| 161|0x0000000090300000, 0x0000000090300000, 0x0000000090400000|  0%| F|  |TAMS 0x0000000090300000, 0x0000000090300000| Untracked 
| 162|0x0000000090400000, 0x0000000090400000, 0x0000000090500000|  0%| F|  |TAMS 0x0000000090400000, 0x0000000090400000| Untracked 
| 163|0x0000000090500000, 0x0000000090500000, 0x0000000090600000|  0%| F|  |TAMS 0x0000000090500000, 0x0000000090500000| Untracked 
| 164|0x0000000090600000, 0x0000000090600000, 0x0000000090700000|  0%| F|  |TAMS 0x0000000090600000, 0x0000000090600000| Untracked 
| 165|0x0000000090700000, 0x0000000090700000, 0x0000000090800000|  0%| F|  |TAMS 0x0000000090700000, 0x0000000090700000| Untracked 
| 166|0x0000000090800000, 0x0000000090800000, 0x0000000090900000|  0%| F|  |TAMS 0x0000000090800000, 0x0000000090800000| Untracked 
| 167|0x0000000090900000, 0x0000000090900000, 0x0000000090a00000|  0%| F|  |TAMS 0x0000000090900000, 0x0000000090900000| Untracked 
| 168|0x0000000090a00000, 0x0000000090a00000, 0x0000000090b00000|  0%| F|  |TAMS 0x0000000090a00000, 0x0000000090a00000| Untracked 
| 169|0x0000000090b00000, 0x0000000090b00000, 0x0000000090c00000|  0%| F|  |TAMS 0x0000000090b00000, 0x0000000090b00000| Untracked 
| 170|0x0000000090c00000, 0x0000000090c00000, 0x0000000090d00000|  0%| F|  |TAMS 0x0000000090c00000, 0x0000000090c00000| Untracked 
| 171|0x0000000090d00000, 0x0000000090d00000, 0x0000000090e00000|  0%| F|  |TAMS 0x0000000090d00000, 0x0000000090d00000| Untracked 
| 172|0x0000000090e00000, 0x0000000090e00000, 0x0000000090f00000|  0%| F|  |TAMS 0x0000000090e00000, 0x0000000090e00000| Untracked 
| 173|0x0000000090f00000, 0x0000000090f00000, 0x0000000091000000|  0%| F|  |TAMS 0x0000000090f00000, 0x0000000090f00000| Untracked 
| 174|0x0000000091000000, 0x0000000091000000, 0x0000000091100000|  0%| F|  |TAMS 0x0000000091000000, 0x0000000091000000| Untracked 
| 175|0x0000000091100000, 0x0000000091100000, 0x0000000091200000|  0%| F|  |TAMS 0x0000000091100000, 0x0000000091100000| Untracked 
| 176|0x0000000091200000, 0x0000000091200000, 0x0000000091300000|  0%| F|  |TAMS 0x0000000091200000, 0x0000000091200000| Untracked 
| 177|0x0000000091300000, 0x0000000091300000, 0x0000000091400000|  0%| F|  |TAMS 0x0000000091300000, 0x0000000091300000| Untracked 
| 178|0x0000000091400000, 0x0000000091400000, 0x0000000091500000|  0%| F|  |TAMS 0x0000000091400000, 0x0000000091400000| Untracked 
| 179|0x0000000091500000, 0x0000000091500000, 0x0000000091600000|  0%| F|  |TAMS 0x0000000091500000, 0x0000000091500000| Untracked 
| 180|0x0000000091600000, 0x0000000091600000, 0x0000000091700000|  0%| F|  |TAMS 0x0000000091600000, 0x0000000091600000| Untracked 
| 181|0x0000000091700000, 0x0000000091700000, 0x0000000091800000|  0%| F|  |TAMS 0x0000000091700000, 0x0000000091700000| Untracked 
| 182|0x0000000091800000, 0x0000000091800000, 0x0000000091900000|  0%| F|  |TAMS 0x0000000091800000, 0x0000000091800000| Untracked 
| 183|0x0000000091900000, 0x0000000091900000, 0x0000000091a00000|  0%| F|  |TAMS 0x0000000091900000, 0x0000000091900000| Untracked 
| 184|0x0000000091a00000, 0x0000000091a00000, 0x0000000091b00000|  0%| F|  |TAMS 0x0000000091a00000, 0x0000000091a00000| Untracked 
| 185|0x0000000091b00000, 0x0000000091b00000, 0x0000000091c00000|  0%| F|  |TAMS 0x0000000091b00000, 0x0000000091b00000| Untracked 

Card table byte_map: [0x000001c79fe20000,0x000001c7a01f0000] _byte_map_base: 0x000001c79f9ef000

Marking Bits (Prev, Next): (CMBitMap*) 0x000001c788a756e0, (CMBitMap*) 0x000001c788a756a0
 Prev Bits: [0x000001c7a2440000, 0x000001c7a42b8000)
 Next Bits: [0x000001c7a05c0000, 0x000001c7a2438000)

Polling page: 0x000001c7881f0000

Metaspace:

Usage:
  Non-class:     29.15 MB used.
      Class:      4.90 MB used.
       Both:     34.05 MB used.

Virtual space:
  Non-class space:       32.00 MB reserved,      29.38 MB ( 92%) committed,  4 nodes.
      Class space:        1.00 GB reserved,       5.06 MB ( <1%) committed,  1 nodes.
             Both:        1.03 GB reserved,      34.44 MB (  3%) committed. 

Chunk freelists:
   Non-Class:  2.47 MB
       Class:  2.96 MB
        Both:  5.44 MB

MaxMetaspaceSize: unlimited
CompressedClassSpaceSize: 1.00 GB
Initial GC threshold: 21.00 MB
Current GC threshold: 55.25 MB
CDS: on
MetaspaceReclaimPolicy: balanced
 - commit_granule_bytes: 65536.
 - commit_granule_words: 8192.
 - virtual_space_node_default_size: 1048576.
 - enlarge_chunks_in_place: 1.
 - new_chunks_are_fully_committed: 0.
 - uncommit_free_chunks: 1.
 - use_allocation_guard: 0.
 - handle_deallocations: 1.


Internal statistics:

num_allocs_failed_limit: 3.
num_arena_births: 360.
num_arena_deaths: 0.
num_vsnodes_births: 5.
num_vsnodes_deaths: 0.
num_space_committed: 551.
num_space_uncommitted: 0.
num_chunks_returned_to_freelist: 3.
num_chunks_taken_from_freelist: 1460.
num_chunk_merges: 3.
num_chunk_splits: 948.
num_chunks_enlarged: 653.
num_purges: 0.
num_inconsistent_stats: 0.

CodeHeap 'non-profiled nmethods': size=120000Kb used=2395Kb max_used=2395Kb free=117604Kb
 bounds [0x000001c797fd0000, 0x000001c798240000, 0x000001c79f500000]
CodeHeap 'profiled nmethods': size=120000Kb used=10470Kb max_used=10470Kb free=109529Kb
 bounds [0x000001c790aa0000, 0x000001c7914e0000, 0x000001c797fd0000]
CodeHeap 'non-nmethods': size=5760Kb used=1548Kb max_used=1623Kb free=4211Kb
 bounds [0x000001c790500000, 0x000001c790770000, 0x000001c790aa0000]
 total_blobs=6082 nmethods=5144 adapters=850
 compilation: enabled
              stopped_count=0, restarted_count=0
 full_count=0

Compilation events (20 events):
Event: 2.795 Thread 0x000001c7a6eeed00 5180   !   3       java.util.concurrent.ConcurrentHashMap::transfer (849 bytes)
Event: 2.798 Thread 0x000001c7a6eeed00 nmethod 5180 0x000001c7914d0390 code [0x000001c7914d07e0, 0x000001c7914d2fb8]
Event: 2.798 Thread 0x000001c7a6eee260 nmethod 5100 0x000001c798226390 code [0x000001c798226520, 0x000001c798226878]
Event: 2.798 Thread 0x000001c7a6eee260 5182       4       nonapi.io.github.classgraph.recycler.Recycler::recycle (67 bytes)
Event: 2.798 Thread 0x000001c7a6eeed00 5176       3       io.github.classgraph.ClasspathElementModule$1::close (60 bytes)
Event: 2.799 Thread 0x000001c7a6eeed00 nmethod 5176 0x000001c7914d4790 code [0x000001c7914d4a20, 0x000001c7914d5678]
Event: 2.799 Thread 0x000001c7a6eeed00 5177       3       jdk.internal.module.SystemModuleFinders$SystemModuleReader::open (15 bytes)
Event: 2.800 Thread 0x000001c7a6eeed00 nmethod 5177 0x000001c7914d5b10 code [0x000001c7914d5e20, 0x000001c7914d7188]
Event: 2.800 Thread 0x000001c7a6eeed00 5172   !   3       jdk.internal.reflect.GeneratedMethodAccessor14::invoke (67 bytes)
Event: 2.800 Thread 0x000001c7a6eeed00 nmethod 5172 0x000001c7914d7810 code [0x000001c7914d7a40, 0x000001c7914d8258]
Event: 2.800 Thread 0x000001c7a6eeed00 5120       3       java.util.WeakHashMap::<init> (9 bytes)
Event: 2.801 Thread 0x000001c7a6eeed00 nmethod 5120 0x000001c7914d8590 code [0x000001c7914d8760, 0x000001c7914d88a8]
Event: 2.801 Thread 0x000001c7a6eeed00 5130       1       java.lang.reflect.Method::getReturnType (5 bytes)
Event: 2.801 Thread 0x000001c7a6eeed00 nmethod 5130 0x000001c798226b10 code [0x000001c798226ca0, 0x000001c798226d78]
Event: 2.803 Thread 0x000001c7a6eeed00 5186       2       java.util.concurrent.ConcurrentHashMap::helpTransfer (124 bytes)
Event: 2.813 Thread 0x000001c7a6eeed00 nmethod 5186 0x000001c7914d8990 code [0x000001c7914d8b40, 0x000001c7914d8e78]
Event: 2.813 Thread 0x000001c7a6eeed00 5187       2       java.util.concurrent.ThreadLocalRandom::getProbe (13 bytes)
Event: 2.814 Thread 0x000001c7a6eeed00 nmethod 5187 0x000001c7914d9010 code [0x000001c7914d91a0, 0x000001c7914d9298]
Event: 2.833 Thread 0x000001c7a6eeed00 5190       2       java.util.concurrent.locks.AbstractQueuedSynchronizer::acquireInterruptibly (36 bytes)
Event: 2.834 Thread 0x000001c7a6eeed00 nmethod 5190 0x000001c7914d9310 code [0x000001c7914d94e0, 0x000001c7914d9798]

GC Heap History (20 events):
Event: 2.084 GC heap after
{Heap after GC invocations=12 (full 0):
 garbage-first heap   total 61440K, used 34915K [0x0000000086200000, 0x0000000100000000)
  region size 1024K, 2 young (2048K), 2 survivors (2048K)
 Metaspace       used 33499K, committed 33856K, reserved 1081344K
  class space    used 4864K, committed 4992K, reserved 1048576K
}
Event: 2.100 GC heap before
{Heap before GC invocations=12 (full 0):
 garbage-first heap   total 61440K, used 48227K [0x0000000086200000, 0x0000000100000000)
  region size 1024K, 16 young (16384K), 2 survivors (2048K)
 Metaspace       used 33577K, committed 33920K, reserved 1081344K
  class space    used 4872K, committed 4992K, reserved 1048576K
}
Event: 2.102 GC heap after
{Heap after GC invocations=13 (full 0):
 garbage-first heap   total 122880K, used 35248K [0x0000000086200000, 0x0000000100000000)
  region size 1024K, 2 young (2048K), 2 survivors (2048K)
 Metaspace       used 33577K, committed 33920K, reserved 1081344K
  class space    used 4872K, committed 4992K, reserved 1048576K
}
Event: 2.170 GC heap before
{Heap before GC invocations=14 (full 0):
 garbage-first heap   total 122880K, used 89520K [0x0000000086200000, 0x0000000100000000)
  region size 1024K, 56 young (57344K), 2 survivors (2048K)
 Metaspace       used 33652K, committed 33984K, reserved 1081344K
  class space    used 4884K, committed 4992K, reserved 1048576K
}
Event: 2.172 GC heap after
{Heap after GC invocations=15 (full 0):
 garbage-first heap   total 122880K, used 36728K [0x0000000086200000, 0x0000000100000000)
  region size 1024K, 3 young (3072K), 3 survivors (3072K)
 Metaspace       used 33652K, committed 33984K, reserved 1081344K
  class space    used 4884K, committed 4992K, reserved 1048576K
}
Event: 2.229 GC heap before
{Heap before GC invocations=15 (full 0):
 garbage-first heap   total 122880K, used 96120K [0x0000000086200000, 0x0000000100000000)
  region size 1024K, 62 young (63488K), 3 survivors (3072K)
 Metaspace       used 33653K, committed 33984K, reserved 1081344K
  class space    used 4884K, committed 4992K, reserved 1048576K
}
Event: 2.231 GC heap after
{Heap after GC invocations=16 (full 0):
 garbage-first heap   total 122880K, used 38735K [0x0000000086200000, 0x0000000100000000)
  region size 1024K, 5 young (5120K), 5 survivors (5120K)
 Metaspace       used 33653K, committed 33984K, reserved 1081344K
  class space    used 4884K, committed 4992K, reserved 1048576K
}
Event: 2.271 GC heap before
{Heap before GC invocations=16 (full 0):
 garbage-first heap   total 122880K, used 98127K [0x0000000086200000, 0x0000000100000000)
  region size 1024K, 64 young (65536K), 5 survivors (5120K)
 Metaspace       used 33654K, committed 33984K, reserved 1081344K
  class space    used 4884K, committed 4992K, reserved 1048576K
}
Event: 2.273 GC heap after
{Heap after GC invocations=17 (full 0):
 garbage-first heap   total 122880K, used 40433K [0x0000000086200000, 0x0000000100000000)
  region size 1024K, 6 young (6144K), 6 survivors (6144K)
 Metaspace       used 33654K, committed 33984K, reserved 1081344K
  class space    used 4884K, committed 4992K, reserved 1048576K
}
Event: 2.319 GC heap before
{Heap before GC invocations=17 (full 0):
 garbage-first heap   total 122880K, used 99825K [0x0000000086200000, 0x0000000100000000)
  region size 1024K, 65 young (66560K), 6 survivors (6144K)
 Metaspace       used 33720K, committed 33984K, reserved 1081344K
  class space    used 4892K, committed 4992K, reserved 1048576K
}
Event: 2.323 GC heap after
{Heap after GC invocations=18 (full 0):
 garbage-first heap   total 122880K, used 42349K [0x0000000086200000, 0x0000000100000000)
  region size 1024K, 6 young (6144K), 6 survivors (6144K)
 Metaspace       used 33720K, committed 33984K, reserved 1081344K
  class space    used 4892K, committed 4992K, reserved 1048576K
}
Event: 2.368 GC heap before
{Heap before GC invocations=18 (full 0):
 garbage-first heap   total 122880K, used 100717K [0x0000000086200000, 0x0000000100000000)
  region size 1024K, 64 young (65536K), 6 survivors (6144K)
 Metaspace       used 33720K, committed 33984K, reserved 1081344K
  class space    used 4892K, committed 4992K, reserved 1048576K
}
Event: 2.372 GC heap after
{Heap after GC invocations=19 (full 0):
 garbage-first heap   total 190464K, used 44489K [0x0000000086200000, 0x0000000100000000)
  region size 1024K, 6 young (6144K), 6 survivors (6144K)
 Metaspace       used 33720K, committed 33984K, reserved 1081344K
  class space    used 4892K, committed 4992K, reserved 1048576K
}
Event: 2.533 GC heap before
{Heap before GC invocations=19 (full 0):
 garbage-first heap   total 190464K, used 150985K [0x0000000086200000, 0x0000000100000000)
  region size 1024K, 111 young (113664K), 6 survivors (6144K)
 Metaspace       used 34269K, committed 34624K, reserved 1081344K
  class space    used 4959K, committed 5120K, reserved 1048576K
}
Event: 2.541 GC heap after
{Heap after GC invocations=20 (full 0):
 garbage-first heap   total 190464K, used 46943K [0x0000000086200000, 0x0000000100000000)
  region size 1024K, 9 young (9216K), 9 survivors (9216K)
 Metaspace       used 34269K, committed 34624K, reserved 1081344K
  class space    used 4959K, committed 5120K, reserved 1048576K
}
Event: 2.769 GC heap before
{Heap before GC invocations=20 (full 0):
 garbage-first heap   total 190464K, used 150367K [0x0000000086200000, 0x0000000100000000)
  region size 1024K, 111 young (113664K), 9 survivors (9216K)
 Metaspace       used 34843K, committed 35200K, reserved 1081344K
  class space    used 5013K, committed 5184K, reserved 1048576K
}
Event: 2.784 GC heap after
{Heap after GC invocations=21 (full 0):
 garbage-first heap   total 190464K, used 63641K [0x0000000086200000, 0x0000000100000000)
  region size 1024K, 14 young (14336K), 14 survivors (14336K)
 Metaspace       used 34843K, committed 35200K, reserved 1081344K
  class space    used 5013K, committed 5184K, reserved 1048576K
}
Event: 2.804 GC heap before
{Heap before GC invocations=21 (full 0):
 garbage-first heap   total 190464K, used 145561K [0x0000000086200000, 0x0000000100000000)
  region size 1024K, 95 young (97280K), 14 survivors (14336K)
 Metaspace       used 34862K, committed 35200K, reserved 1081344K
  class space    used 5013K, committed 5184K, reserved 1048576K
}
Event: 2.813 GC heap after
{Heap after GC invocations=22 (full 0):
 garbage-first heap   total 190464K, used 68895K [0x0000000086200000, 0x0000000100000000)
  region size 1024K, 5 young (5120K), 5 survivors (5120K)
 Metaspace       used 34862K, committed 35200K, reserved 1081344K
  class space    used 5013K, committed 5184K, reserved 1048576K
}
Event: 2.835 GC heap before
{Heap before GC invocations=22 (full 0):
 garbage-first heap   total 190464K, used 148767K [0x0000000086200000, 0x0000000100000000)
  region size 1024K, 84 young (86016K), 5 survivors (5120K)
 Metaspace       used 34864K, committed 35264K, reserved 1081344K
  class space    used 5013K, committed 5184K, reserved 1048576K
}

Deoptimization events (20 events):
Event: 2.632 Thread 0x000001c7afad3100 Uncommon trap: trap_request=0xffffffde fr.pc=0x000001c7981c3e08 relative=0x0000000000000ce8
Event: 2.632 Thread 0x000001c7afad3100 Uncommon trap: reason=class_check action=maybe_recompile pc=0x000001c7981c3e08 method=nonapi.io.github.classgraph.recycler.Recycler.recycle(Ljava/lang/Object;)V @ 28 c2
Event: 2.632 Thread 0x000001c7afad3100 DEOPT PACKING pc=0x000001c7981c3e08 sp=0x0000007aa5cff1b0
Event: 2.632 Thread 0x000001c7afad3100 DEOPT UNPACKING pc=0x000001c7905523a3 sp=0x0000007aa5cff1d0 mode 2
Event: 2.634 Thread 0x000001c7afad5c50 Uncommon trap: trap_request=0xffffffde fr.pc=0x000001c7981c3e08 relative=0x0000000000000ce8
Event: 2.634 Thread 0x000001c7afad5c50 Uncommon trap: reason=class_check action=maybe_recompile pc=0x000001c7981c3e08 method=nonapi.io.github.classgraph.recycler.Recycler.recycle(Ljava/lang/Object;)V @ 28 c2
Event: 2.634 Thread 0x000001c7afad5c50 DEOPT PACKING pc=0x000001c7981c3e08 sp=0x0000007aa5fff0b0
Event: 2.634 Thread 0x000001c7afad5c50 DEOPT UNPACKING pc=0x000001c7905523a3 sp=0x0000007aa5fff0d0 mode 2
Event: 2.721 Thread 0x000001c7afad5c50 DEOPT PACKING pc=0x000001c7912294ca sp=0x0000007aa5ffeff0
Event: 2.721 Thread 0x000001c7afad5c50 DEOPT UNPACKING pc=0x000001c790552b43 sp=0x0000007aa5ffe498 mode 0
Event: 2.794 Thread 0x000001c7afad5c50 Uncommon trap: trap_request=0xffffff45 fr.pc=0x000001c7981a2f30 relative=0x0000000000001570
Event: 2.794 Thread 0x000001c7afad5c50 Uncommon trap: reason=unstable_if action=reinterpret pc=0x000001c7981a2f30 method=java.util.concurrent.ConcurrentHashMap.transfer([Ljava/util/concurrent/ConcurrentHashMap$Node;[Ljava/util/concurrent/ConcurrentHashMap$Node;)V @ 259 c2
Event: 2.794 Thread 0x000001c7afad5c50 DEOPT PACKING pc=0x000001c7981a2f30 sp=0x0000007aa5ffec50
Event: 2.794 Thread 0x000001c7afad5c50 DEOPT UNPACKING pc=0x000001c7905523a3 sp=0x0000007aa5ffec10 mode 2
Event: 2.803 Thread 0x000001c7afad6120 DEOPT PACKING pc=0x000001c7914d2cc9 sp=0x0000007aa61fe6f0
Event: 2.803 Thread 0x000001c7afad6120 DEOPT UNPACKING pc=0x000001c790552b43 sp=0x0000007aa61fdc18 mode 0
Event: 2.834 Thread 0x000001c7afad6ac0 DEOPT PACKING pc=0x000001c7914d2cc9 sp=0x0000007aa5bfe810
Event: 2.834 Thread 0x000001c7afad6ac0 DEOPT UNPACKING pc=0x000001c790552b43 sp=0x0000007aa5bfdd20 mode 0
Event: 2.835 Thread 0x000001c7afad5c50 DEOPT PACKING pc=0x000001c7914d2cea sp=0x0000007aa5ffec10
Event: 2.835 Thread 0x000001c7afad5c50 DEOPT UNPACKING pc=0x000001c790552b43 sp=0x0000007aa5ffe120 mode 0

Classes unloaded (0 events):
No events

Classes redefined (0 events):
No events

Internal exceptions (20 events):
Event: 2.440 Thread 0x000001c7afad3aa0 Exception <a 'sun/nio/fs/WindowsException'{0x000000008cd5b170}> (0x000000008cd5b170) 
thrown [s\src\hotspot\share\prims\jni.cpp, line 516]
Event: 2.440 Thread 0x000001c7afad7930 Exception <a 'sun/nio/fs/WindowsException'{0x000000008ce5c6a0}> (0x000000008ce5c6a0) 
thrown [s\src\hotspot\share\prims\jni.cpp, line 516]
Event: 2.441 Thread 0x000001c7afad6ac0 Exception <a 'sun/nio/fs/WindowsException'{0x000000008cc30550}> (0x000000008cc30550) 
thrown [s\src\hotspot\share\prims\jni.cpp, line 516]
Event: 2.441 Thread 0x000001c7afad6ac0 Exception <a 'sun/nio/fs/WindowsException'{0x000000008cc30950}> (0x000000008cc30950) 
thrown [s\src\hotspot\share\prims\jni.cpp, line 516]
Event: 2.455 Thread 0x000001c7afad65f0 Implicit null exception at 0x000001c7981bc843 to 0x000001c7981bd2b0
Event: 2.455 Thread 0x000001c7afad18f0 Implicit null exception at 0x000001c7981bc843 to 0x000001c7981bd2b0
Event: 2.455 Thread 0x000001c7afad6ac0 Implicit null exception at 0x000001c7981bc843 to 0x000001c7981bd2b0
Event: 2.497 Thread 0x000001c7a82d6f80 Exception <a 'java/lang/NoSuchMethodError'{0x000000008b655300}: 'java.lang.Object java.lang.invoke.DirectMethodHandle$Holder.invokeSpecial(java.lang.Object, java.lang.Object, int, java.lang.Object, java.lang.Object)'> (0x000000008b655300) 
thrown [s\src\hotspot\share\interpreter\linkResolver.cpp, line 759]
Event: 2.584 Thread 0x000001c7af787b70 Exception <a 'java/lang/ClassNotFoundException'{0x000000009197e578}: sun/net/www/protocol/c/Handler> (0x000000009197e578) 
thrown [s\src\hotspot\share\classfile\systemDictionary.cpp, line 256]
Event: 2.584 Thread 0x000001c7af787b70 Exception <a 'java/lang/ClassNotFoundException'{0x0000000091980490}: sun/net/www/protocol/c/Handler> (0x0000000091980490) 
thrown [s\src\hotspot\share\classfile\systemDictionary.cpp, line 256]
Event: 2.584 Thread 0x000001c7af787b70 Exception <a 'java/lang/ClassNotFoundException'{0x0000000091982448}: sun/net/www/protocol/c/Handler> (0x0000000091982448) 
thrown [s\src\hotspot\share\classfile\systemDictionary.cpp, line 256]
Event: 2.584 Thread 0x000001c7af787b70 Exception <a 'java/lang/ClassNotFoundException'{0x0000000091984430}: sun/net/www/protocol/c/Handler> (0x0000000091984430) 
thrown [s\src\hotspot\share\classfile\systemDictionary.cpp, line 256]
Event: 2.584 Thread 0x000001c7af787b70 Exception <a 'java/lang/ClassNotFoundException'{0x0000000091986460}: sun/net/www/protocol/c/Handler> (0x0000000091986460) 
thrown [s\src\hotspot\share\classfile\systemDictionary.cpp, line 256]
Event: 2.585 Thread 0x000001c7af787b70 Exception <a 'java/lang/ClassNotFoundException'{0x0000000091988450}: sun/net/www/protocol/c/Handler> (0x0000000091988450) 
thrown [s\src\hotspot\share\classfile\systemDictionary.cpp, line 256]
Event: 2.585 Thread 0x000001c7af787b70 Exception <a 'java/lang/ClassNotFoundException'{0x000000009198a468}: sun/net/www/protocol/c/Handler> (0x000000009198a468) 
thrown [s\src\hotspot\share\classfile\systemDictionary.cpp, line 256]
Event: 2.585 Thread 0x000001c7af787b70 Exception <a 'java/lang/ClassNotFoundException'{0x000000009198c498}: sun/net/www/protocol/c/Handler> (0x000000009198c498) 
thrown [s\src\hotspot\share\classfile\systemDictionary.cpp, line 256]
Event: 2.585 Thread 0x000001c7af787b70 Exception <a 'java/lang/ClassNotFoundException'{0x000000009198e488}: sun/net/www/protocol/c/Handler> (0x000000009198e488) 
thrown [s\src\hotspot\share\classfile\systemDictionary.cpp, line 256]
Event: 2.585 Thread 0x000001c7af787b70 Exception <a 'java/lang/ClassNotFoundException'{0x0000000091990440}: sun/net/www/protocol/c/Handler> (0x0000000091990440) 
thrown [s\src\hotspot\share\classfile\systemDictionary.cpp, line 256]
Event: 2.585 Thread 0x000001c7af787b70 Exception <a 'java/lang/ClassNotFoundException'{0x0000000091992400}: sun/net/www/protocol/c/Handler> (0x0000000091992400) 
thrown [s\src\hotspot\share\classfile\systemDictionary.cpp, line 256]
Event: 2.585 Thread 0x000001c7af787b70 Exception <a 'java/lang/ClassNotFoundException'{0x00000000919943c0}: sun/net/www/protocol/c/Handler> (0x00000000919943c0) 
thrown [s\src\hotspot\share\classfile\systemDictionary.cpp, line 256]

VM Operations (20 events):
Event: 2.273 Executing VM operation: G1CollectForAllocation done
Event: 2.319 Executing VM operation: G1CollectForAllocation
Event: 2.323 Executing VM operation: G1CollectForAllocation done
Event: 2.368 Executing VM operation: G1CollectForAllocation
Event: 2.372 Executing VM operation: G1CollectForAllocation done
Event: 2.402 Executing VM operation: HandshakeAllThreads
Event: 2.402 Executing VM operation: HandshakeAllThreads done
Event: 2.496 Executing VM operation: HandshakeAllThreads
Event: 2.496 Executing VM operation: HandshakeAllThreads done
Event: 2.533 Executing VM operation: G1CollectForAllocation
Event: 2.541 Executing VM operation: G1CollectForAllocation done
Event: 2.554 Executing VM operation: HandshakeAllThreads
Event: 2.554 Executing VM operation: HandshakeAllThreads done
Event: 2.587 Executing VM operation: HandshakeAllThreads
Event: 2.587 Executing VM operation: HandshakeAllThreads done
Event: 2.769 Executing VM operation: G1CollectForAllocation
Event: 2.784 Executing VM operation: G1CollectForAllocation done
Event: 2.804 Executing VM operation: G1CollectForAllocation
Event: 2.813 Executing VM operation: G1CollectForAllocation done
Event: 2.835 Executing VM operation: G1CollectForAllocation

Events (20 events):
Event: 2.607 loading class jdk/internal/jimage/ImageReader$Directory
Event: 2.607 loading class jdk/internal/jimage/ImageReader$Node
Event: 2.607 loading class jdk/internal/jimage/ImageReader$Node done
Event: 2.607 loading class jdk/internal/jimage/ImageReader$Directory done
Event: 2.608 loading class jdk/internal/jimage/ImageReader$SharedImageReader$LocationVisitor
Event: 2.608 loading class jdk/internal/jimage/ImageReader$SharedImageReader$LocationVisitor done
Event: 2.609 loading class jdk/internal/jimage/ImageBufferCache
Event: 2.609 loading class jdk/internal/jimage/ImageBufferCache done
Event: 2.609 loading class jdk/internal/jimage/ImageBufferCache$1
Event: 2.609 loading class jdk/internal/jimage/ImageBufferCache$1 done
Event: 2.609 loading class jdk/internal/jimage/ImageBufferCache$2
Event: 2.609 loading class jdk/internal/jimage/ImageBufferCache$2 done
Event: 2.609 loading class java/nio/ByteBufferAsIntBufferL
Event: 2.609 loading class java/nio/ByteBufferAsIntBufferL done
Event: 2.610 loading class jdk/internal/jimage/ImageReader$Resource
Event: 2.610 loading class jdk/internal/jimage/ImageReader$Resource done
Event: 2.610 loading class java/util/function/UnaryOperator
Event: 2.611 loading class java/util/function/UnaryOperator done
Event: 2.611 loading class java/util/stream/LongStream
Event: 2.612 loading class java/util/stream/LongStream done


Dynamic libraries:
0x00007ff6ba260000 - 0x00007ff6ba26e000 	C:\Program Files\Greenfoot\jdk\bin\javaw.exe
0x00007ff9bc470000 - 0x00007ff9bc687000 	C:\Windows\SYSTEM32\ntdll.dll
0x00007ff9ba4f0000 - 0x00007ff9ba5b4000 	C:\Windows\System32\KERNEL32.DLL
0x00007ff9b9d50000 - 0x00007ff9ba0f6000 	C:\Windows\System32\KERNELBASE.dll
0x00007ff9b9910000 - 0x00007ff9b9a21000 	C:\Windows\System32\ucrtbase.dll
0x00007ff9a8020000 - 0x00007ff9a8038000 	C:\Program Files\Greenfoot\jdk\bin\jli.dll
0x00007ff9a8040000 - 0x00007ff9a8059000 	C:\Program Files\Greenfoot\jdk\bin\VCRUNTIME140.dll
0x00007ff9bb8c0000 - 0x00007ff9bba6d000 	C:\Windows\System32\USER32.dll
0x00007ff9ba1a0000 - 0x00007ff9ba1c6000 	C:\Windows\System32\win32u.dll
0x00007ff9bbd50000 - 0x00007ff9bbd79000 	C:\Windows\System32\GDI32.dll
0x00007ff9984c0000 - 0x00007ff998753000 	C:\Windows\WinSxS\amd64_microsoft.windows.common-controls_6595b64144ccf1df_6.0.22621.2361_none_2712ced57382f843\COMCTL32.dll
0x00007ff9b97f0000 - 0x00007ff9b9908000 	C:\Windows\System32\gdi32full.dll
0x00007ff9ba5c0000 - 0x00007ff9ba667000 	C:\Windows\System32\msvcrt.dll
0x00007ff9ba100000 - 0x00007ff9ba19a000 	C:\Windows\System32\msvcp_win.dll
0x00007ff9ba1d0000 - 0x00007ff9ba201000 	C:\Windows\System32\IMM32.DLL
0x00007ff9b6a40000 - 0x00007ff9b6a4c000 	C:\Program Files\Greenfoot\jdk\bin\vcruntime140_1.dll
0x00007ff9a0780000 - 0x00007ff9a0811000 	C:\Program Files\Greenfoot\jdk\bin\msvcp140.dll
0x00007ff9676a0000 - 0x00007ff9682e6000 	C:\Program Files\Greenfoot\jdk\bin\server\jvm.dll
0x00007ff9ba210000 - 0x00007ff9ba2c0000 	C:\Windows\System32\ADVAPI32.dll
0x00007ff9bc280000 - 0x00007ff9bc326000 	C:\Windows\System32\sechost.dll
0x00007ff9ba2c0000 - 0x00007ff9ba3d7000 	C:\Windows\System32\RPCRT4.dll
0x00007ff9ba810000 - 0x00007ff9ba818000 	C:\Windows\System32\PSAPI.DLL
0x00007ff9b4530000 - 0x00007ff9b4539000 	C:\Windows\SYSTEM32\WSOCK32.dll
0x00007ff9959f0000 - 0x00007ff995a24000 	C:\Windows\SYSTEM32\WINMM.dll
0x00007ff9ba850000 - 0x00007ff9ba8c1000 	C:\Windows\System32\WS2_32.dll
0x00007ff9b4160000 - 0x00007ff9b416a000 	C:\Windows\SYSTEM32\VERSION.dll
0x00007ff9b8790000 - 0x00007ff9b87a8000 	C:\Windows\SYSTEM32\kernel.appcore.dll
0x00007ff9b3e00000 - 0x00007ff9b3e0a000 	C:\Program Files\Greenfoot\jdk\bin\jimage.dll
0x00007ff9a7cb0000 - 0x00007ff9a7ede000 	C:\Windows\SYSTEM32\DBGHELP.DLL
0x00007ff9bbdf0000 - 0x00007ff9bc17a000 	C:\Windows\System32\combase.dll
0x00007ff9bc1a0000 - 0x00007ff9bc277000 	C:\Windows\System32\OLEAUT32.dll
0x00007ff9a7b30000 - 0x00007ff9a7b62000 	C:\Windows\SYSTEM32\dbgcore.DLL
0x00007ff9b9a30000 - 0x00007ff9b9aaa000 	C:\Windows\System32\bcryptPrimitives.dll
0x00007ff9a0540000 - 0x00007ff9a0565000 	C:\Program Files\Greenfoot\jdk\bin\java.dll
0x00007ff984fa0000 - 0x00007ff985076000 	C:\Program Files\Greenfoot\jdk\bin\jsvml.dll
0x00007ff9bb060000 - 0x00007ff9bb8b8000 	C:\Windows\System32\SHELL32.dll
0x00007ff9b7700000 - 0x00007ff9b7ff2000 	C:\Windows\SYSTEM32\windows.storage.dll
0x00007ff9b75c0000 - 0x00007ff9b76fe000 	C:\Windows\SYSTEM32\wintypes.dll
0x00007ff9bbbc0000 - 0x00007ff9bbcb3000 	C:\Windows\System32\SHCORE.dll
0x00007ff9ba8d0000 - 0x00007ff9ba92e000 	C:\Windows\System32\shlwapi.dll
0x00007ff9b9720000 - 0x00007ff9b9746000 	C:\Windows\SYSTEM32\profapi.dll
0x00007ff9a0760000 - 0x00007ff9a0779000 	C:\Program Files\Greenfoot\jdk\bin\net.dll
0x00007ff9b3c90000 - 0x00007ff9b3dc7000 	C:\Windows\SYSTEM32\WINHTTP.dll
0x00007ff9b8c60000 - 0x00007ff9b8cc9000 	C:\Windows\system32\mswsock.dll
0x00007ff9a0520000 - 0x00007ff9a0535000 	C:\Program Files\Greenfoot\jdk\bin\nio.dll
0x00007ff9a0500000 - 0x00007ff9a0518000 	C:\Program Files\Greenfoot\jdk\bin\zip.dll
0x000001c7889e0000 - 0x000001c7889e3000 	C:\Users\Pañol\.openjfx\cache\20.0.1+2\amd64\api-ms-win-core-console-l1-1-0.dll
0x000001c7a6f60000 - 0x000001c7a6f63000 	C:\Users\Pañol\.openjfx\cache\20.0.1+2\amd64\api-ms-win-core-console-l1-2-0.dll
0x000001c7a6f70000 - 0x000001c7a6f73000 	C:\Users\Pañol\.openjfx\cache\20.0.1+2\amd64\api-ms-win-core-datetime-l1-1-0.dll
0x000001c7a6f80000 - 0x000001c7a6f83000 	C:\Users\Pañol\.openjfx\cache\20.0.1+2\amd64\api-ms-win-core-debug-l1-1-0.dll
0x000001c7a6f90000 - 0x000001c7a6f93000 	C:\Users\Pañol\.openjfx\cache\20.0.1+2\amd64\api-ms-win-core-errorhandling-l1-1-0.dll
0x000001c7a6fa0000 - 0x000001c7a6fa4000 	C:\Users\Pañol\.openjfx\cache\20.0.1+2\amd64\api-ms-win-core-file-l1-1-0.dll
0x000001c7a6fb0000 - 0x000001c7a6fb3000 	C:\Users\Pañol\.openjfx\cache\20.0.1+2\amd64\api-ms-win-core-file-l1-2-0.dll
0x000001c7a6fc0000 - 0x000001c7a6fc3000 	C:\Users\Pañol\.openjfx\cache\20.0.1+2\amd64\api-ms-win-core-file-l2-1-0.dll
0x000001c7a6fd0000 - 0x000001c7a6fd3000 	C:\Users\Pañol\.openjfx\cache\20.0.1+2\amd64\api-ms-win-core-handle-l1-1-0.dll
0x000001c7a6fe0000 - 0x000001c7a6fe3000 	C:\Users\Pañol\.openjfx\cache\20.0.1+2\amd64\api-ms-win-core-heap-l1-1-0.dll
0x000001c7a6ff0000 - 0x000001c7a6ff3000 	C:\Users\Pañol\.openjfx\cache\20.0.1+2\amd64\api-ms-win-core-interlocked-l1-1-0.dll
0x000001c7a86b0000 - 0x000001c7a86b3000 	C:\Users\Pañol\.openjfx\cache\20.0.1+2\amd64\api-ms-win-core-libraryloader-l1-1-0.dll
0x000001c7a86c0000 - 0x000001c7a86c3000 	C:\Users\Pañol\.openjfx\cache\20.0.1+2\amd64\api-ms-win-core-localization-l1-2-0.dll
0x000001c7a86d0000 - 0x000001c7a86d3000 	C:\Users\Pañol\.openjfx\cache\20.0.1+2\amd64\api-ms-win-core-memory-l1-1-0.dll
0x000001c7a86e0000 - 0x000001c7a86e3000 	C:\Users\Pañol\.openjfx\cache\20.0.1+2\amd64\api-ms-win-core-namedpipe-l1-1-0.dll
0x000001c7a86f0000 - 0x000001c7a86f3000 	C:\Users\Pañol\.openjfx\cache\20.0.1+2\amd64\api-ms-win-core-processenvironment-l1-1-0.dll
0x000001c7a8700000 - 0x000001c7a8703000 	C:\Users\Pañol\.openjfx\cache\20.0.1+2\amd64\api-ms-win-core-processthreads-l1-1-0.dll
0x000001c7a8710000 - 0x000001c7a8713000 	C:\Users\Pañol\.openjfx\cache\20.0.1+2\amd64\api-ms-win-core-processthreads-l1-1-1.dll
0x000001c7a8720000 - 0x000001c7a8723000 	C:\Users\Pañol\.openjfx\cache\20.0.1+2\amd64\api-ms-win-core-profile-l1-1-0.dll
0x000001c7a8730000 - 0x000001c7a8733000 	C:\Users\Pañol\.openjfx\cache\20.0.1+2\amd64\api-ms-win-core-rtlsupport-l1-1-0.dll
0x000001c7a8740000 - 0x000001c7a8743000 	C:\Users\Pañol\.openjfx\cache\20.0.1+2\amd64\api-ms-win-core-string-l1-1-0.dll
0x000001c7a8750000 - 0x000001c7a8753000 	C:\Users\Pañol\.openjfx\cache\20.0.1+2\amd64\api-ms-win-core-synch-l1-1-0.dll
0x000001c7a8760000 - 0x000001c7a8763000 	C:\Users\Pañol\.openjfx\cache\20.0.1+2\amd64\api-ms-win-core-synch-l1-2-0.dll
0x000001c7a8770000 - 0x000001c7a8773000 	C:\Users\Pañol\.openjfx\cache\20.0.1+2\amd64\api-ms-win-core-sysinfo-l1-1-0.dll
0x000001c7a8780000 - 0x000001c7a8783000 	C:\Users\Pañol\.openjfx\cache\20.0.1+2\amd64\api-ms-win-core-timezone-l1-1-0.dll
0x000001c7a8790000 - 0x000001c7a8793000 	C:\Users\Pañol\.openjfx\cache\20.0.1+2\amd64\api-ms-win-core-util-l1-1-0.dll
0x000001c7a87a0000 - 0x000001c7a87a3000 	C:\Users\Pañol\.openjfx\cache\20.0.1+2\amd64\api-ms-win-crt-conio-l1-1-0.dll
0x000001c7a87b0000 - 0x000001c7a87b4000 	C:\Users\Pañol\.openjfx\cache\20.0.1+2\amd64\api-ms-win-crt-convert-l1-1-0.dll
0x000001c7a87c0000 - 0x000001c7a87c3000 	C:\Users\Pañol\.openjfx\cache\20.0.1+2\amd64\api-ms-win-crt-environment-l1-1-0.dll
0x000001c7a87d0000 - 0x000001c7a87d3000 	C:\Users\Pañol\.openjfx\cache\20.0.1+2\amd64\api-ms-win-crt-filesystem-l1-1-0.dll
0x000001c7a87e0000 - 0x000001c7a87e3000 	C:\Users\Pañol\.openjfx\cache\20.0.1+2\amd64\api-ms-win-crt-heap-l1-1-0.dll
0x000001c7a87f0000 - 0x000001c7a87f3000 	C:\Users\Pañol\.openjfx\cache\20.0.1+2\amd64\api-ms-win-crt-locale-l1-1-0.dll
0x000001c7a8800000 - 0x000001c7a8805000 	C:\Users\Pañol\.openjfx\cache\20.0.1+2\amd64\api-ms-win-crt-math-l1-1-0.dll
0x000001c7a8810000 - 0x000001c7a8815000 	C:\Users\Pañol\.openjfx\cache\20.0.1+2\amd64\api-ms-win-crt-multibyte-l1-1-0.dll
0x000001c7a8820000 - 0x000001c7a8830000 	C:\Users\Pañol\.openjfx\cache\20.0.1+2\amd64\api-ms-win-crt-private-l1-1-0.dll
0x000001c7a8830000 - 0x000001c7a8833000 	C:\Users\Pañol\.openjfx\cache\20.0.1+2\amd64\api-ms-win-crt-process-l1-1-0.dll
0x000001c7a8840000 - 0x000001c7a8844000 	C:\Users\Pañol\.openjfx\cache\20.0.1+2\amd64\api-ms-win-crt-runtime-l1-1-0.dll
0x000001c7a8850000 - 0x000001c7a8854000 	C:\Users\Pañol\.openjfx\cache\20.0.1+2\amd64\api-ms-win-crt-stdio-l1-1-0.dll
0x000001c7a8860000 - 0x000001c7a8864000 	C:\Users\Pañol\.openjfx\cache\20.0.1+2\amd64\api-ms-win-crt-string-l1-1-0.dll
0x000001c7a8870000 - 0x000001c7a8873000 	C:\Users\Pañol\.openjfx\cache\20.0.1+2\amd64\api-ms-win-crt-time-l1-1-0.dll
0x000001c7a8880000 - 0x000001c7a8883000 	C:\Users\Pañol\.openjfx\cache\20.0.1+2\amd64\api-ms-win-crt-utility-l1-1-0.dll
0x00007ff970bb0000 - 0x00007ff970cac000 	C:\Users\Pañol\.openjfx\cache\20.0.1+2\amd64\ucrtbase.dll
0x00007ff9a04e0000 - 0x00007ff9a04fb000 	C:\Users\Pañol\.openjfx\cache\20.0.1+2\amd64\vcruntime140.dll
0x00007ff9adfb0000 - 0x00007ff9adfbc000 	C:\Users\Pañol\.openjfx\cache\20.0.1+2\amd64\vcruntime140_1.dll
0x00007ff988cc0000 - 0x00007ff988d4e000 	C:\Users\Pañol\.openjfx\cache\20.0.1+2\amd64\msvcp140.dll
0x00007ff9adf60000 - 0x00007ff9adf69000 	C:\Users\Pañol\.openjfx\cache\20.0.1+2\amd64\msvcp140_1.dll
0x00007ff99e090000 - 0x00007ff99e0c0000 	C:\Users\Pañol\.openjfx\cache\20.0.1+2\amd64\msvcp140_2.dll
0x00007ff99cf70000 - 0x00007ff99cf9f000 	C:\Users\Pañol\.openjfx\cache\20.0.1+2\amd64\prism_d3d.dll
0x00007ff9646a0000 - 0x00007ff964849000 	C:\Windows\system32\d3d9.dll
0x00007ff9b7150000 - 0x00007ff9b717b000 	C:\Windows\SYSTEM32\dwmapi.dll
0x00007ff9b6e20000 - 0x00007ff9b6e56000 	C:\Windows\SYSTEM32\dxcore.dll
0x00007ff9b6d20000 - 0x00007ff9b6dcb000 	C:\Windows\system32\uxtheme.dll
0x00007ff96b240000 - 0x00007ff96b3a6000 	C:\Windows\System32\DriverStore\FileRepository\iigd_dch.inf_amd64_3ea756ac68d34d21\igdumdim64.dll
0x00007ff9ba670000 - 0x00007ff9ba80f000 	C:\Windows\System32\ole32.dll
0x00007ff9456b0000 - 0x00007ff94a05b000 	C:\Windows\System32\DriverStore\FileRepository\iigd_dch.inf_amd64_3ea756ac68d34d21\igd9dxva64.dll
0x00007ff9ba9b0000 - 0x00007ff9bae24000 	C:\Windows\System32\SETUPAPI.dll
0x00007ff9b93c0000 - 0x00007ff9b940e000 	C:\Windows\SYSTEM32\cfgmgr32.dll
0x00007ff9af020000 - 0x00007ff9af2e8000 	C:\Windows\System32\DriverStore\FileRepository\iigd_dch.inf_amd64_3ea756ac68d34d21\igdgmm64.dll
0x00007ff9b32f0000 - 0x00007ff9b333a000 	C:\Windows\SYSTEM32\directxdatabasehelper.dll
0x00007ff994ab0000 - 0x00007ff994af2000 	C:\Users\Pañol\.openjfx\cache\20.0.1+2\amd64\glass.dll
0x00007ff9bc330000 - 0x00007ff9bc429000 	C:\Windows\System32\COMDLG32.dll
0x00007ff9bba70000 - 0x00007ff9bbbbc000 	C:\Windows\System32\MSCTF.dll
0x00007ff99deb0000 - 0x00007ff99ded7000 	C:\Windows\System32\DriverStore\FileRepository\iigd_dch.inf_amd64_3ea756ac68d34d21\igdinfo64.dll
0x00007ff9a8b70000 - 0x00007ff9ab726000 	C:\Windows\System32\DriverStore\FileRepository\iigd_dch.inf_amd64_3ea756ac68d34d21\igc64.dll
0x00007ff99e070000 - 0x00007ff99e084000 	C:\Users\Pañol\.openjfx\cache\20.0.1+2\amd64\javafx_font.dll
0x00007ff9b5460000 - 0x00007ff9b56d3000 	C:\Windows\SYSTEM32\dwrite.dll
0x00007ff9ba3e0000 - 0x00007ff9ba490000 	C:\Windows\System32\clbcatq.dll
0x00007ff9b5270000 - 0x00007ff9b5420000 	C:\Windows\SYSTEM32\WindowsCodecs.dll
0x00007ff99b160000 - 0x00007ff99b1be000 	C:\Windows\system32\dataexchange.dll
0x00007ff9b01e0000 - 0x00007ff9b0465000 	C:\Windows\system32\twinapi.appcore.dll
0x00007ff998270000 - 0x00007ff9982a2000 	C:\Program Files\Common Files\Microsoft Shared\Ink\rtscom.dll
0x00007ff99f310000 - 0x00007ff99f45a000 	C:\Windows\SYSTEM32\textinputframework.dll
0x00007ff9b6760000 - 0x00007ff9b6893000 	C:\Windows\SYSTEM32\CoreMessaging.dll
0x00007ff9b2920000 - 0x00007ff9b2c8c000 	C:\Windows\SYSTEM32\CoreUIComponents.dll
0x00007ff9b8f60000 - 0x00007ff9b8f6c000 	C:\Windows\SYSTEM32\CRYPTBASE.DLL
0x00007ff9ad310000 - 0x00007ff9ad31e000 	C:\Program Files\Greenfoot\jdk\bin\sunmscapi.dll
0x00007ff9b9be0000 - 0x00007ff9b9d46000 	C:\Windows\System32\CRYPT32.dll
0x00007ff9b9090000 - 0x00007ff9b90bd000 	C:\Windows\SYSTEM32\ncrypt.dll
0x00007ff9b9050000 - 0x00007ff9b9087000 	C:\Windows\SYSTEM32\NTASN1.dll
0x00007ff9b8f80000 - 0x00007ff9b8f9b000 	C:\Windows\SYSTEM32\CRYPTSP.dll
0x00007ff9b8750000 - 0x00007ff9b8785000 	C:\Windows\system32\rsaenh.dll
0x00007ff9b8d00000 - 0x00007ff9b8d2c000 	C:\Windows\SYSTEM32\USERENV.dll

dbghelp: loaded successfully - version: 4.0.5 - missing functions: none
symbol engine: initialized successfully - sym options: 0x614 - pdb path: .;C:\Program Files\Greenfoot\jdk\bin;C:\Windows\SYSTEM32;C:\Windows\WinSxS\amd64_microsoft.windows.common-controls_6595b64144ccf1df_6.0.22621.2361_none_2712ced57382f843;C:\Program Files\Greenfoot\jdk\bin\server;C:\Users\Pañol\.openjfx\cache\20.0.1+2\amd64;C:\Windows\System32\DriverStore\FileRepository\iigd_dch.inf_amd64_3ea756ac68d34d21;C:\Program Files\Common Files\Microsoft Shared\Ink

VM Arguments:
jvm_args: -Dhttps.protocols=TLSv1,TLSv1.1,TLSv1.2 
java_command: bluej.Boot C:\Users\Pañol\Desktop\Mati\Carrera\Algoritmos y Programación I\pokimon\combate-criaturas\project.greenfoot -greenfoot=true -bluej.compiler.showunchecked=false
java_class_path (initial): C:\Program Files\Greenfoot\lib\boot.jar;C:\Program Files\Greenfoot\lib\javafx-base-20.0.1-win.jar;C:\Program Files\Greenfoot\lib\javafx-base-20.0.1.jar;C:\Program Files\Greenfoot\lib\javafx-controls-20.0.1-win.jar;C:\Program Files\Greenfoot\lib\javafx-controls-20.0.1.jar;C:\Program Files\Greenfoot\lib\javafx-fxml-20.0.1-win.jar;C:\Program Files\Greenfoot\lib\javafx-graphics-20.0.1-win.jar;C:\Program Files\Greenfoot\lib\javafx-graphics-20.0.1.jar;C:\Program Files\Greenfoot\lib\javafx-media-20.0.1-win.jar;C:\Program Files\Greenfoot\lib\javafx-media-20.0.1.jar;C:\Program Files\Greenfoot\lib\javafx-swing-20.0.1-win.jar;C:\Program Files\Greenfoot\lib\javafx-web-20.0.1-win.jar
Launcher Type: SUN_STANDARD

[Global flags]
     intx CICompilerCount                          = 4                                         {product} {ergonomic}
     uint ConcGCThreads                            = 3                                         {product} {ergonomic}
     uint G1ConcRefinementThreads                  = 10                                        {product} {ergonomic}
   size_t G1HeapRegionSize                         = 1048576                                   {product} {ergonomic}
    uintx GCDrainStackTargetSize                   = 64                                        {product} {ergonomic}
   size_t InitialHeapSize                          = 127926272                                 {product} {ergonomic}
   size_t MarkStackSize                            = 4194304                                   {product} {ergonomic}
   size_t MaxHeapSize                              = 2044723200                                {product} {ergonomic}
   size_t MaxNewSize                               = 1226833920                                {product} {ergonomic}
   size_t MinHeapDeltaBytes                        = 1048576                                   {product} {ergonomic}
   size_t MinHeapSize                              = 8388608                                   {product} {ergonomic}
    uintx NonNMethodCodeHeapSize                   = 5839372                                {pd product} {ergonomic}
    uintx NonProfiledCodeHeapSize                  = 122909434                              {pd product} {ergonomic}
    uintx ProfiledCodeHeapSize                     = 122909434                              {pd product} {ergonomic}
    uintx ReservedCodeCacheSize                    = 251658240                              {pd product} {ergonomic}
     bool SegmentedCodeCache                       = true                                      {product} {ergonomic}
   size_t SoftMaxHeapSize                          = 2044723200                             {manageable} {ergonomic}
     bool UseCompressedClassPointers               = true                           {product lp64_product} {ergonomic}
     bool UseCompressedOops                        = true                           {product lp64_product} {ergonomic}
     bool UseG1GC                                  = true                                      {product} {ergonomic}
     bool UseLargePagesIndividualAllocation        = false                                  {pd product} {ergonomic}

Logging:
Log output configuration:
 #0: stdout all=warning uptime,level,tags
 #1: stderr all=off uptime,level,tags

Environment Variables:
PATH=C:\Python312\Scripts\;C:\Python312\;C:\Windows\system32;C:\Windows;C:\Windows\System32\Wbem;C:\Windows\System32\WindowsPowerShell\v1.0\;C:\Windows\System32\OpenSSH\;C:\Program Files\nodejs\;C:\ProgramData\chocolatey\bin;C:\Users\Pañol\AppData\Local\Microsoft\WindowsApps;C:\Users\Pañol\AppData\Local\GitHubDesktop\bin;C:\Users\Pañol\AppData\Roaming\npm
USERNAME=Pañol
OS=Windows_NT
PROCESSOR_IDENTIFIER=Intel64 Family 6 Model 165 Stepping 3, GenuineIntel
TMP=C:\Users\PAOL~1\AppData\Local\Temp
TEMP=C:\Users\PAOL~1\AppData\Local\Temp



---------------  S Y S T E M  ---------------

OS:
 Windows 11 , 64 bit Build 22621 (10.0.22621.2428)
OS uptime: 1 days 12:43 hours
Hyper-V role detected

CPU: total 12 (initial active 12) (6 cores per cpu, 2 threads per core) family 6 model 165 stepping 3 microcode 0xe0, cx8, cmov, fxsr, ht, mmx, 3dnowpref, sse, sse2, sse3, ssse3, sse4.1, sse4.2, popcnt, lzcnt, tsc, tscinvbit, avx, avx2, aes, erms, clmul, bmi1, bmi2, adx, fma, vzeroupper, clflush, clflushopt, hv

Memory: 4k page, system-wide physical 7796M (590M free)
TotalPageFile size 31348M (AvailPageFile size 67M)
current process WorkingSet (physical memory assigned to process): 448M, peak: 448M
current process commit charge ("private bytes"): 470M, peak: 654M

vm_info: OpenJDK 64-Bit Server VM (17.0.4.1+1) for windows-amd64 JRE (17.0.4.1+1), built on Aug 17 2022 07:42:43 by "temurin" with MS VC++ 16.7 (VS2019)

END.
